


Using shader api: shaderapiempty.dll
materialPath: C:\Program Files (x86)\Steam\steamapps\common\Portal\portal\materials
Loading C:\Program Files (x86)\Steam\steamapps\sourcemods\o_hex\maps\backgrounds\shaft0_bg.vmf
Could not locate 'GameData' key in c:\program files (x86)\steam\steamapps\common\portal\portal\gameinfo.txt
fixing up env_cubemap materials on brush sides...
0...1...2...3...4...5...6...7...8...9...10**** leaked ****
Entity logic_timer (-32.00 -64.00 -784.00) leaked!
Processing areas...done (0)
Building Faces...done (0)
FixTjuncs...
PruneNodes...
WriteBSP...
done (0)
Creating default LDR cubemaps for env_cubemap using skybox materials:
   skybox/sky_day01_01*.vmt
 ! Run buildcubemaps in the engine to get the correct cube maps.
Creating default HDR cubemaps for env_cubemap using skybox materials:
   skybox/sky_day01_01*.vmt
 ! Run buildcubemaps in the engine to get the correct cube maps.
Finding displacement neighbors...
Finding lightmap sample positions...
Displacement Alpha : 0...1...2...3...4...5...6...7...8...9...10
Building Physics collision data...
done (0) (20754 bytes)
Placing detail props : 0...1...2...3...4...5...6...7...8...9...10
Compacting texture/material tables...
Reduced 80 texinfos to 39
Reduced 23 texdatas to 18 (727 bytes to 608)
Writing C:\Program Files (x86)\Steam\steamapps\sourcemods\o_hex\maps\backgrounds\shaft0_bg.bsp
0 seconds elapsed



4 threads
reading c:\program files (x86)\steam\steamapps\sourcemods\o_hex\maps\backgrounds\shaft0_bg.bsp
reading c:\program files (x86)\steam\steamapps\sourcemods\o_hex\maps\backgrounds\shaft0_bg.prt
LoadPortals: couldn't read c:\program files (x86)\steam\steamapps\sourcemods\o_hex\maps\backgrounds\shaft0_bg.prt



Using shader api: shaderapiempty.dll
materialPath: C:\Program Files (x86)\Steam\steamapps\common\Portal\portal\materials
Loading C:\Program Files (x86)\Steam\steamapps\sourcemods\o_hex\maps\backgrounds\shaft0_bg.vmf
Could not locate 'GameData' key in c:\program files (x86)\steam\steamapps\common\portal\portal\gameinfo.txt
fixing up env_cubemap materials on brush sides...
0...1...2...3...4...5...6...7...8...9...10**** leaked ****
Entity logic_timer (-32.00 -64.00 -784.00) leaked!
Processing areas...done (0)
Building Faces...done (0)
FixTjuncs...
PruneNodes...
WriteBSP...
done (0)
Creating default LDR cubemaps for env_cubemap using skybox materials:
   skybox/sky_day01_01*.vmt
 ! Run buildcubemaps in the engine to get the correct cube maps.
Creating default HDR cubemaps for env_cubemap using skybox materials:
   skybox/sky_day01_01*.vmt
 ! Run buildcubemaps in the engine to get the correct cube maps.
Finding displacement neighbors...
Finding lightmap sample positions...
Displacement Alpha : 0...1...2...3...4...5...6...7...8...9...10
Building Physics collision data...
done (0) (20754 bytes)
Placing detail props : 0...1...2...3...4...5...6...7...8...9...10
Compacting texture/material tables...
Reduced 80 texinfos to 39
Reduced 23 texdatas to 18 (727 bytes to 608)
Writing C:\Program Files (x86)\Steam\steamapps\sourcemods\o_hex\maps\backgrounds\shaft0_bg.bsp
0 seconds elapsed



4 threads
reading c:\program files (x86)\steam\steamapps\sourcemods\o_hex\maps\backgrounds\shaft0_bg.bsp
reading c:\program files (x86)\steam\steamapps\sourcemods\o_hex\maps\backgrounds\shaft0_bg.prt
LoadPortals: couldn't read c:\program files (x86)\steam\steamapps\sourcemods\o_hex\maps\backgrounds\shaft0_bg.prt



Using shader api: shaderapiempty.dll
materialPath: C:\Program Files (x86)\Steam\steamapps\common\Portal\portal\materials
Loading C:\Program Files (x86)\Steam\steamapps\sourcemods\o_hex\maps\backgrounds\shaft0_bg.vmf
Could not locate 'GameData' key in c:\program files (x86)\steam\steamapps\common\portal\portal\gameinfo.txt
fixing up env_cubemap materials on brush sides...
0...1...2...3...4...5...6...7...8...9...100...1...2...3...4...5...6...7...8...9...10Processing areas...done (0)
Building Faces...done (0)
FixTjuncs...
PruneNodes...
WriteBSP...
done (0)
writing C:\Program Files (x86)\Steam\steamapps\sourcemods\o_hex\maps\backgrounds\shaft0_bg.prt...Building visibility clusters...
done (0)
Creating default LDR cubemaps for env_cubemap using skybox materials:
   skybox/sky_day01_01*.vmt
 ! Run buildcubemaps in the engine to get the correct cube maps.
Creating default HDR cubemaps for env_cubemap using skybox materials:
   skybox/sky_day01_01*.vmt
 ! Run buildcubemaps in the engine to get the correct cube maps.
Finding displacement neighbors...
Finding lightmap sample positions...
Displacement Alpha : 0...1...2...3...4...5...6...7...8...9...10
Building Physics collision data...
done (0) (22862 bytes)
Placing detail props : 0...1...2...3...4...5...6...7...8...9...10
Compacting texture/material tables...
Reduced 83 texinfos to 42
Reduced 24 texdatas to 19 (748 bytes to 629)
Writing C:\Program Files (x86)\Steam\steamapps\sourcemods\o_hex\maps\backgrounds\shaft0_bg.bsp
0 seconds elapsed



4 threads
reading c:\program files (x86)\steam\steamapps\sourcemods\o_hex\maps\backgrounds\shaft0_bg.bsp
reading c:\program files (x86)\steam\steamapps\sourcemods\o_hex\maps\backgrounds\shaft0_bg.prt
 179 portalclusters
 562 numportals
0...1...2...3...4...5...6...7...8...9...100...1...2...3...4...5...6...7...8...9...10Optimized: 41 visible clusters (0.23%)
Total clusters visible: 17770
Average clusters visible: 99
Building PAS...
Average clusters audible: 175
visdatasize:9804  compressed from 8592
writing c:\program files (x86)\steam\steamapps\sourcemods\o_hex\maps\backgrounds\shaft0_bg.bsp
0 seconds elapsed



[Reading texlights from 'lights.rad']
[53 texlights parsed from 'lights.rad']

Loading c:\program files (x86)\steam\steamapps\sourcemods\o_hex\maps\backgrounds\shaft0_bg.bsp
302 faces
41958 square feet [6041952.00 square inches]
0 Displacements
0 Square Feet [0.00 Square Inches]
302 patches before subdivision
6746 patches after subdivision
2 direct lights
0...1...2...3...4...5...6...7...8...9...100...1...2...3...4...5...6...7...8...9...10transfers 612780, max 273
transfer lists:   4.7 megs
0...1...2...3...4...5...6...7...8...9...10	Bounce #1 added RGB(3475, 2682, 2430)
0...1...2...3...4...5...6...7...8...9...10	Bounce #2 added RGB(895, 691, 590)
0...1...2...3...4...5...6...7...8...9...10	Bounce #3 added RGB(247, 183, 146)
0...1...2...3...4...5...6...7...8...9...10	Bounce #4 added RGB(70, 49, 36)
0...1...2...3...4...5...6...7...8...9...10	Bounce #5 added RGB(20, 13, 9)
0...1...2...3...4...5...6...7...8...9...10	Bounce #6 added RGB(6, 3, 2)
0...1...2...3...4...5...6...7...8...9...10	Bounce #7 added RGB(2, 1, 1)
0...1...2...3...4...5...6...7...8...9...10	Bounce #8 added RGB(1, 0, 0)
Build Patch/Sample Hash Table(s).....Done<0.0013 sec>
0...1...2...3...4...5...6...7...8...9...10FinalLightFace Done
0 of 0 (0% of) surface lights went in leaf ambient cubes.
0...1...2...3...4...5...6...7...8...9...10Writing leaf ambient...done
Ready to Finish

Object names       Objects/Maxobjs  Memory / Maxmem  Fullness 
------------       ---------------  ---------------  -------- 
models                   2/1024           96/49152    ( 0.2%) 
brushes                 60/8192          720/98304    ( 0.7%) 
brushsides             433/65536        3464/524288   ( 0.7%) 
planes                 386/65536        7720/1310720  ( 0.6%) 
vertexes               724/65536        8688/786432   ( 1.1%) 
nodes                  395/65536       12640/2097152  ( 0.6%) 
texinfos                42/12288        3024/884736   ( 0.3%) 
texdata                 19/2048          608/65536    ( 0.9%) 
dispinfos                0/0               0/0        ( 0.0%) 
disp_verts               0/0               0/0        ( 0.0%) 
disp_tris                0/0               0/0        ( 0.0%) 
disp_lmsamples           0/0               0/0        ( 0.0%) 
faces                  302/65536       16912/3670016  ( 0.5%) 
hdr faces                0/65536           0/3670016  ( 0.0%) 
origfaces              125/65536        7000/3670016  ( 0.2%) 
leaves                 398/65536       12736/2097152  ( 0.6%) 
leaffaces              416/65536         832/131072   ( 0.6%) 
leafbrushes            204/65536         408/131072   ( 0.3%) 
areas                    2/256            16/2048     ( 0.8%) 
surfedges             1917/512000       7668/2048000  ( 0.4%) 
edges                 1246/256000       4984/1024000  ( 0.5%) 
LDR worldlights          2/8192          176/720896   ( 0.0%) 
HDR worldlights          0/8192            0/720896   ( 0.0%) 
leafwaterdata            0/32768           0/393216   ( 0.0%) 
waterstrips             49/32768         490/327680   ( 0.1%) 
waterverts               0/65536           0/786432   ( 0.0%) 
waterindices           768/65536        1536/131072   ( 1.2%) 
cubemapsamples           1/1024           16/16384    ( 0.1%) 
overlays                 2/512           704/180224   ( 0.4%) 
LDR lightdata         [variable]      212100/0        ( 0.0%) 
HDR lightdata         [variable]           0/0        ( 0.0%) 
visdata               [variable]        9804/16777216 ( 0.1%) 
entdata               [variable]        9092/393216   ( 2.3%) 
LDR ambient table      398/65536        1592/262144   ( 0.6%) 
HDR ambient table      398/65536        1592/262144   ( 0.6%) 
LDR leaf ambient      1791/65536       50148/1835008  ( 2.7%) 
HDR leaf ambient       398/65536       11144/1835008  ( 0.6%) 
occluders                0/0               0/0        ( 0.0%) 
occluder polygons        0/0               0/0        ( 0.0%) 
occluder vert ind        0/0               0/0        ( 0.0%) 
detail props          [variable]           1/12       ( 8.3%) 
static props          [variable]           1/208      ( 0.5%) 
pakfile               [variable]      212892/0        ( 0.0%) 
physics               [variable]       22862/4194304  ( 0.5%) 
physics terrain       [variable]           2/1048576  ( 0.0%) 

Level flags = 0

Total triangle count: 813
Writing c:\program files (x86)\steam\steamapps\sourcemods\o_hex\maps\backgrounds\shaft0_bg.bsp
1 second elapsed



Using shader api: shaderapiempty.dll
materialPath: C:\Program Files (x86)\Steam\steamapps\common\Portal\portal\materials
Loading C:\Program Files (x86)\Steam\steamapps\sourcemods\o_hex\maps\backgrounds\shaft0_bg.vmf
Could not locate 'GameData' key in c:\program files (x86)\steam\steamapps\common\portal\portal\gameinfo.txt
fixing up env_cubemap materials on brush sides...
0...1...2...3...4...5...6...7...8...9...100...1...2...3...4...5...6...7...8...9...10Processing areas...done (0)
Building Faces...done (0)
FixTjuncs...
PruneNodes...
WriteBSP...
done (0)
writing C:\Program Files (x86)\Steam\steamapps\sourcemods\o_hex\maps\backgrounds\shaft0_bg.prt...Building visibility clusters...
done (0)
Creating default LDR cubemaps for env_cubemap using skybox materials:
   skybox/sky_day01_01*.vmt
 ! Run buildcubemaps in the engine to get the correct cube maps.
Creating default HDR cubemaps for env_cubemap using skybox materials:
   skybox/sky_day01_01*.vmt
 ! Run buildcubemaps in the engine to get the correct cube maps.
Finding displacement neighbors...
Finding lightmap sample positions...
Displacement Alpha : 0...1...2...3...4...5...6...7...8...9...10
Building Physics collision data...
done (0) (23254 bytes)
Placing detail props : 0...1...2...3...4...5...6...7...8...9...10
Compacting texture/material tables...
Reduced 90 texinfos to 46
Reduced 24 texdatas to 19 (748 bytes to 629)
Writing C:\Program Files (x86)\Steam\steamapps\sourcemods\o_hex\maps\backgrounds\shaft0_bg.bsp
0 seconds elapsed



4 threads
reading c:\program files (x86)\steam\steamapps\sourcemods\o_hex\maps\backgrounds\shaft0_bg.bsp
reading c:\program files (x86)\steam\steamapps\sourcemods\o_hex\maps\backgrounds\shaft0_bg.prt
 186 portalclusters
 587 numportals
0...1...2...3...4...5...6...7...8...9...100...1...2...3...4...5...6...7...8...9...10Optimized: 141 visible clusters (0.76%)
Total clusters visible: 18471
Average clusters visible: 99
Building PAS...
Average clusters audible: 180
visdatasize:10488  compressed from 8928
writing c:\program files (x86)\steam\steamapps\sourcemods\o_hex\maps\backgrounds\shaft0_bg.bsp
0 seconds elapsed



[Reading texlights from 'lights.rad']
[53 texlights parsed from 'lights.rad']

Loading c:\program files (x86)\steam\steamapps\sourcemods\o_hex\maps\backgrounds\shaft0_bg.bsp
313 faces
42170 square feet [6072583.50 square inches]
0 Displacements
0 Square Feet [0.00 Square Inches]
313 patches before subdivision
6803 patches after subdivision
4 direct lights
0...1...2...3...4...5...6...7...8...9...100...1...2...3...4...5...6...7...8...9...10transfers 605857, max 262
transfer lists:   4.6 megs
0...1...2...3...4...5...6...7...8...9...10	Bounce #1 added RGB(4178, 2638, 2342)
0...1...2...3...4...5...6...7...8...9...10	Bounce #2 added RGB(1093, 680, 571)
0...1...2...3...4...5...6...7...8...9...10	Bounce #3 added RGB(306, 180, 142)
0...1...2...3...4...5...6...7...8...9...10	Bounce #4 added RGB(88, 48, 35)
0...1...2...3...4...5...6...7...8...9...10	Bounce #5 added RGB(26, 13, 9)
0...1...2...3...4...5...6...7...8...9...10	Bounce #6 added RGB(8, 3, 2)
0...1...2...3...4...5...6...7...8...9...10	Bounce #7 added RGB(2, 1, 1)
0...1...2...3...4...5...6...7...8...9...10	Bounce #8 added RGB(1, 0, 0)
Build Patch/Sample Hash Table(s).....Done<0.0016 sec>
0...1...2...3...4...5...6...7...8...9...10FinalLightFace Done
0 of 0 (0% of) surface lights went in leaf ambient cubes.
0...1...2...3...4...5...6...7...8...9...10Writing leaf ambient...done
Ready to Finish

Object names       Objects/Maxobjs  Memory / Maxmem  Fullness 
------------       ---------------  ---------------  -------- 
models                   2/1024           96/49152    ( 0.2%) 
brushes                 61/8192          732/98304    ( 0.7%) 
brushsides             439/65536        3512/524288   ( 0.7%) 
planes                 398/65536        7960/1310720  ( 0.6%) 
vertexes               742/65536        8904/786432   ( 1.1%) 
nodes                  403/65536       12896/2097152  ( 0.6%) 
texinfos                46/12288        3312/884736   ( 0.4%) 
texdata                 19/2048          608/65536    ( 0.9%) 
dispinfos                0/0               0/0        ( 0.0%) 
disp_verts               0/0               0/0        ( 0.0%) 
disp_tris                0/0               0/0        ( 0.0%) 
disp_lmsamples           0/0               0/0        ( 0.0%) 
faces                  313/65536       17528/3670016  ( 0.5%) 
hdr faces                0/65536           0/3670016  ( 0.0%) 
origfaces              130/65536        7280/3670016  ( 0.2%) 
leaves                 406/65536       12992/2097152  ( 0.6%) 
leaffaces              435/65536         870/131072   ( 0.7%) 
leafbrushes            205/65536         410/131072   ( 0.3%) 
areas                    2/256            16/2048     ( 0.8%) 
surfedges             1985/512000       7940/2048000  ( 0.4%) 
edges                 1283/256000       5132/1024000  ( 0.5%) 
LDR worldlights          4/8192          352/720896   ( 0.0%) 
HDR worldlights          0/8192            0/720896   ( 0.0%) 
leafwaterdata            0/32768           0/393216   ( 0.0%) 
waterstrips             48/32768         480/327680   ( 0.1%) 
waterverts               0/65536           0/786432   ( 0.0%) 
waterindices           759/65536        1518/131072   ( 1.2%) 
cubemapsamples           1/1024           16/16384    ( 0.1%) 
overlays                 2/512           704/180224   ( 0.4%) 
LDR lightdata         [variable]      217892/0        ( 0.0%) 
HDR lightdata         [variable]           0/0        ( 0.0%) 
visdata               [variable]       10488/16777216 ( 0.1%) 
entdata               [variable]       12021/393216   ( 3.1%) 
LDR ambient table      406/65536        1624/262144   ( 0.6%) 
HDR ambient table      406/65536        1624/262144   ( 0.6%) 
LDR leaf ambient      1857/65536       51996/1835008  ( 2.8%) 
HDR leaf ambient       406/65536       11368/1835008  ( 0.6%) 
occluders                0/0               0/0        ( 0.0%) 
occluder polygons        0/0               0/0        ( 0.0%) 
occluder vert ind        0/0               0/0        ( 0.0%) 
detail props          [variable]           1/12       ( 8.3%) 
static props          [variable]           1/208      ( 0.5%) 
pakfile               [variable]      212892/0        ( 0.0%) 
physics               [variable]       23254/4194304  ( 0.6%) 
physics terrain       [variable]           2/1048576  ( 0.0%) 

Level flags = 0

Total triangle count: 839
Writing c:\program files (x86)\steam\steamapps\sourcemods\o_hex\maps\backgrounds\shaft0_bg.bsp
1 second elapsed



Using shader api: shaderapiempty.dll
materialPath: C:\Program Files (x86)\Steam\steamapps\common\Portal\portal\materials
Loading C:\Program Files (x86)\Steam\steamapps\sourcemods\o_hex\maps\backgrounds\shaft0_bg.vmf
Could not locate 'GameData' key in c:\program files (x86)\steam\steamapps\common\portal\portal\gameinfo.txt
fixing up env_cubemap materials on brush sides...
0...1...2...3...4...5...6...7...8...9...100...1...2...3...4...5...6...7...8...9...10Processing areas...done (0)
Building Faces...done (0)
FixTjuncs...
PruneNodes...
WriteBSP...
done (0)
writing C:\Program Files (x86)\Steam\steamapps\sourcemods\o_hex\maps\backgrounds\shaft0_bg.prt...Building visibility clusters...
done (0)
Creating default LDR cubemaps for env_cubemap using skybox materials:
   skybox/sky_day01_01*.vmt
 ! Run buildcubemaps in the engine to get the correct cube maps.
Creating default HDR cubemaps for env_cubemap using skybox materials:
   skybox/sky_day01_01*.vmt
 ! Run buildcubemaps in the engine to get the correct cube maps.
Finding displacement neighbors...
Finding lightmap sample positions...
Displacement Alpha : 0...1...2...3...4...5...6...7...8...9...10
Building Physics collision data...
done (0) (22078 bytes)
Placing detail props : 0...1...2...3...4...5...6...7...8...9...10
Compacting texture/material tables...
Reduced 72 texinfos to 40
Reduced 24 texdatas to 19 (748 bytes to 629)
Writing C:\Program Files (x86)\Steam\steamapps\sourcemods\o_hex\maps\backgrounds\shaft0_bg.bsp
0 seconds elapsed



4 threads
reading c:\program files (x86)\steam\steamapps\sourcemods\o_hex\maps\backgrounds\shaft0_bg.bsp
reading c:\program files (x86)\steam\steamapps\sourcemods\o_hex\maps\backgrounds\shaft0_bg.prt
 146 portalclusters
 435 numportals
0...1...2...3...4...5...6...7...8...9...100...1...2...3...4...5...6...7...8...9...10Optimized: 59 visible clusters (0.46%)
Total clusters visible: 12809
Average clusters visible: 87
Building PAS...
Average clusters audible: 143
visdatasize:6725  compressed from 7008
writing c:\program files (x86)\steam\steamapps\sourcemods\o_hex\maps\backgrounds\shaft0_bg.bsp
0 seconds elapsed



[Reading texlights from 'lights.rad']
[53 texlights parsed from 'lights.rad']

Loading c:\program files (x86)\steam\steamapps\sourcemods\o_hex\maps\backgrounds\shaft0_bg.bsp
270 faces
41920 square feet [6036497.50 square inches]
0 Displacements
0 Square Feet [0.00 Square Inches]
270 patches before subdivision
6616 patches after subdivision
4 direct lights
0...1...2...3...4...5...6...7...8...9...100...1...2...3...4...5...6...7...8...9...10transfers 590069, max 267
transfer lists:   4.5 megs
0...1...2...3...4...5...6...7...8...9...10	Bounce #1 added RGB(4504, 2631, 2258)
0...1...2...3...4...5...6...7...8...9...10	Bounce #2 added RGB(1161, 664, 543)
0...1...2...3...4...5...6...7...8...9...10	Bounce #3 added RGB(320, 172, 132)
0...1...2...3...4...5...6...7...8...9...10	Bounce #4 added RGB(91, 45, 32)
0...1...2...3...4...5...6...7...8...9...10	Bounce #5 added RGB(26, 12, 8)
0...1...2...3...4...5...6...7...8...9...10	Bounce #6 added RGB(8, 3, 2)
0...1...2...3...4...5...6...7...8...9...10	Bounce #7 added RGB(2, 1, 0)
0...1...2...3...4...5...6...7...8...9...10	Bounce #8 added RGB(1, 0, 0)
Build Patch/Sample Hash Table(s).....Done<0.0013 sec>
0...1...2...3...4...5...6...7...8...9...10FinalLightFace Done
0 of 0 (0% of) surface lights went in leaf ambient cubes.
0...1...2...3...4...5...6...7...8...9...10Writing leaf ambient...done
Ready to Finish

Object names       Objects/Maxobjs  Memory / Maxmem  Fullness 
------------       ---------------  ---------------  -------- 
models                   2/1024           96/49152    ( 0.2%) 
brushes                 58/8192          696/98304    ( 0.7%) 
brushsides             365/65536        2920/524288   ( 0.6%) 
planes                 254/65536        5080/1310720  ( 0.4%) 
vertexes               619/65536        7428/786432   ( 0.9%) 
nodes                  335/65536       10720/2097152  ( 0.5%) 
texinfos                40/12288        2880/884736   ( 0.3%) 
texdata                 19/2048          608/65536    ( 0.9%) 
dispinfos                0/0               0/0        ( 0.0%) 
disp_verts               0/0               0/0        ( 0.0%) 
disp_tris                0/0               0/0        ( 0.0%) 
disp_lmsamples           0/0               0/0        ( 0.0%) 
faces                  270/65536       15120/3670016  ( 0.4%) 
hdr faces                0/65536           0/3670016  ( 0.0%) 
origfaces              124/65536        6944/3670016  ( 0.2%) 
leaves                 338/65536       10816/2097152  ( 0.5%) 
leaffaces              375/65536         750/131072   ( 0.6%) 
leafbrushes            170/65536         340/131072   ( 0.3%) 
areas                    2/256            16/2048     ( 0.8%) 
surfedges             1763/512000       7052/2048000  ( 0.3%) 
edges                 1136/256000       4544/1024000  ( 0.4%) 
LDR worldlights          4/8192          352/720896   ( 0.0%) 
HDR worldlights          0/8192            0/720896   ( 0.0%) 
leafwaterdata            0/32768           0/393216   ( 0.0%) 
waterstrips             41/32768         410/327680   ( 0.1%) 
waterverts               0/65536           0/786432   ( 0.0%) 
waterindices           639/65536        1278/131072   ( 1.0%) 
cubemapsamples           1/1024           16/16384    ( 0.1%) 
overlays                 2/512           704/180224   ( 0.4%) 
LDR lightdata         [variable]      200124/0        ( 0.0%) 
HDR lightdata         [variable]           0/0        ( 0.0%) 
visdata               [variable]        6725/16777216 ( 0.0%) 
entdata               [variable]       13918/393216   ( 3.5%) 
LDR ambient table      338/65536        1352/262144   ( 0.5%) 
HDR ambient table      338/65536        1352/262144   ( 0.5%) 
LDR leaf ambient      1547/65536       43316/1835008  ( 2.4%) 
HDR leaf ambient       338/65536        9464/1835008  ( 0.5%) 
occluders                0/0               0/0        ( 0.0%) 
occluder polygons        0/0               0/0        ( 0.0%) 
occluder vert ind        0/0               0/0        ( 0.0%) 
detail props          [variable]           1/12       ( 8.3%) 
static props          [variable]           1/208      ( 0.5%) 
pakfile               [variable]      212892/0        ( 0.0%) 
physics               [variable]       22078/4194304  ( 0.5%) 
physics terrain       [variable]           2/1048576  ( 0.0%) 

Level flags = 0

Total triangle count: 727
Writing c:\program files (x86)\steam\steamapps\sourcemods\o_hex\maps\backgrounds\shaft0_bg.bsp
1 second elapsed



Using shader api: shaderapiempty.dll
materialPath: C:\Program Files (x86)\Steam\steamapps\common\Portal\portal\materials
Loading C:\Program Files (x86)\Steam\steamapps\sourcemods\o_hex\maps\backgrounds\shaft0_bg.vmf
Could not locate 'GameData' key in c:\program files (x86)\steam\steamapps\common\portal\portal\gameinfo.txt
fixing up env_cubemap materials on brush sides...
0...1...2...3...4...5...6...7...8...9...100...1...2...3...4...5...6...7...8...9...10Processing areas...done (0)
Building Faces...done (0)
FixTjuncs...
PruneNodes...
WriteBSP...
done (0)
writing C:\Program Files (x86)\Steam\steamapps\sourcemods\o_hex\maps\backgrounds\shaft0_bg.prt...Building visibility clusters...
done (0)
Creating default LDR cubemaps for env_cubemap using skybox materials:
   skybox/sky_day01_01*.vmt
 ! Run buildcubemaps in the engine to get the correct cube maps.
Creating default HDR cubemaps for env_cubemap using skybox materials:
   skybox/sky_day01_01*.vmt
 ! Run buildcubemaps in the engine to get the correct cube maps.
Finding displacement neighbors...
Finding lightmap sample positions...
Displacement Alpha : 0...1...2...3...4...5...6...7...8...9...10
Building Physics collision data...
done (0) (17007 bytes)
Placing detail props : 0...1...2...3...4...5...6...7...8...9...10
Compacting texture/material tables...
Reduced 39 texinfos to 27
Reduced 18 texdatas to 15 (536 bytes to 471)
Writing C:\Program Files (x86)\Steam\steamapps\sourcemods\o_hex\maps\backgrounds\shaft0_bg.bsp
0 seconds elapsed



4 threads
reading c:\program files (x86)\steam\steamapps\sourcemods\o_hex\maps\backgrounds\shaft0_bg.bsp
reading c:\program files (x86)\steam\steamapps\sourcemods\o_hex\maps\backgrounds\shaft0_bg.prt
 159 portalclusters
 486 numportals
0...1...2...3...4...5...6...7...8...9...100...1...2...3...4...5...6...7...8...9...10Optimized: 63 visible clusters (0.45%)
Total clusters visible: 14112
Average clusters visible: 88
Building PAS...
Average clusters audible: 155
visdatasize:7702  compressed from 7632
writing c:\program files (x86)\steam\steamapps\sourcemods\o_hex\maps\backgrounds\shaft0_bg.bsp
0 seconds elapsed



[Reading texlights from 'lights.rad']
[53 texlights parsed from 'lights.rad']

Loading c:\program files (x86)\steam\steamapps\sourcemods\o_hex\maps\backgrounds\shaft0_bg.bsp
226 faces
40835 square feet [5880337.50 square inches]
0 Displacements
0 Square Feet [0.00 Square Inches]
226 patches before subdivision
6272 patches after subdivision
4 direct lights
0...1...2...3...4...5...6...7...8...9...100...1...2...3...4...5...6...7...8...9...10transfers 566035, max 258
transfer lists:   4.3 megs
0...1...2...3...4...5...6...7...8...9...10	Bounce #1 added RGB(3785, 2441, 2177)
0...1...2...3...4...5...6...7...8...9...10	Bounce #2 added RGB(945, 618, 524)
0...1...2...3...4...5...6...7...8...9...10	Bounce #3 added RGB(253, 160, 128)
0...1...2...3...4...5...6...7...8...9...10	Bounce #4 added RGB(70, 42, 31)
0...1...2...3...4...5...6...7...8...9...10	Bounce #5 added RGB(20, 11, 8)
0...1...2...3...4...5...6...7...8...9...10	Bounce #6 added RGB(6, 3, 2)
0...1...2...3...4...5...6...7...8...9...10	Bounce #7 added RGB(2, 1, 0)
0...1...2...3...4...5...6...7...8...9...10	Bounce #8 added RGB(0, 0, 0)
Build Patch/Sample Hash Table(s).....Done<0.0013 sec>
0...1...2...3...4...5...6...7...8...9...10FinalLightFace Done
0 of 0 (0% of) surface lights went in leaf ambient cubes.
0...1...2...3...4...5...6...7...8...9...10Writing leaf ambient...done
Ready to Finish

Object names       Objects/Maxobjs  Memory / Maxmem  Fullness 
------------       ---------------  ---------------  -------- 
models                   1/1024           48/49152    ( 0.1%) 
brushes                 46/8192          552/98304    ( 0.6%) 
brushsides             313/65536        2504/524288   ( 0.5%) 
planes                 262/65536        5240/1310720  ( 0.4%) 
vertexes               599/65536        7188/786432   ( 0.9%) 
nodes                  319/65536       10208/2097152  ( 0.5%) 
texinfos                27/12288        1944/884736   ( 0.2%) 
texdata                 15/2048          480/65536    ( 0.7%) 
dispinfos                0/0               0/0        ( 0.0%) 
disp_verts               0/0               0/0        ( 0.0%) 
disp_tris                0/0               0/0        ( 0.0%) 
disp_lmsamples           0/0               0/0        ( 0.0%) 
faces                  226/65536       12656/3670016  ( 0.3%) 
hdr faces                0/65536           0/3670016  ( 0.0%) 
origfaces               73/65536        4088/3670016  ( 0.1%) 
leaves                 321/65536       10272/2097152  ( 0.5%) 
leaffaces              346/65536         692/131072   ( 0.5%) 
leafbrushes            169/65536         338/131072   ( 0.3%) 
areas                    2/256            16/2048     ( 0.8%) 
surfedges             1375/512000       5500/2048000  ( 0.3%) 
edges                  888/256000       3552/1024000  ( 0.3%) 
LDR worldlights          4/8192          352/720896   ( 0.0%) 
HDR worldlights          0/8192            0/720896   ( 0.0%) 
leafwaterdata            0/32768           0/393216   ( 0.0%) 
waterstrips             44/32768         440/327680   ( 0.1%) 
waterverts               0/65536           0/786432   ( 0.0%) 
waterindices           669/65536        1338/131072   ( 1.0%) 
cubemapsamples           1/1024           16/16384    ( 0.1%) 
overlays                 2/512           704/180224   ( 0.4%) 
LDR lightdata         [variable]      183792/0        ( 0.0%) 
HDR lightdata         [variable]           0/0        ( 0.0%) 
visdata               [variable]        7702/16777216 ( 0.0%) 
entdata               [variable]       15407/393216   ( 3.9%) 
LDR ambient table      321/65536        1284/262144   ( 0.5%) 
HDR ambient table      321/65536        1284/262144   ( 0.5%) 
LDR leaf ambient      1525/65536       42700/1835008  ( 2.3%) 
HDR leaf ambient       321/65536        8988/1835008  ( 0.5%) 
occluders                0/0               0/0        ( 0.0%) 
occluder polygons        0/0               0/0        ( 0.0%) 
occluder vert ind        0/0               0/0        ( 0.0%) 
detail props          [variable]           1/12       ( 8.3%) 
static props          [variable]           1/208      ( 0.5%) 
pakfile               [variable]      212220/0        ( 0.0%) 
physics               [variable]       17007/4194304  ( 0.4%) 
physics terrain       [variable]           2/1048576  ( 0.0%) 

Level flags = 0

Total triangle count: 631
Writing c:\program files (x86)\steam\steamapps\sourcemods\o_hex\maps\backgrounds\shaft0_bg.bsp
0 seconds elapsed



Using shader api: shaderapiempty.dll
materialPath: C:\Program Files (x86)\Steam\steamapps\common\Portal\portal\materials
Loading C:\Program Files (x86)\Steam\steamapps\sourcemods\o_hex\maps\backgrounds\shaft0_bg.vmf
Could not locate 'GameData' key in c:\program files (x86)\steam\steamapps\common\portal\portal\gameinfo.txt
fixing up env_cubemap materials on brush sides...
0...1...2...3...4...5...6...7...8...9...100...1...2...3...4...5...6...7...8...9...10Processing areas...done (0)
Building Faces...done (0)
FixTjuncs...
PruneNodes...
WriteBSP...
done (0)
writing C:\Program Files (x86)\Steam\steamapps\sourcemods\o_hex\maps\backgrounds\shaft0_bg.prt...Building visibility clusters...
done (0)
Creating default LDR cubemaps for env_cubemap using skybox materials:
   skybox/sky_day01_01*.vmt
 ! Run buildcubemaps in the engine to get the correct cube maps.
Creating default HDR cubemaps for env_cubemap using skybox materials:
   skybox/sky_day01_01*.vmt
 ! Run buildcubemaps in the engine to get the correct cube maps.
Finding displacement neighbors...
Finding lightmap sample positions...
Displacement Alpha : 0...1...2...3...4...5...6...7...8...9...10
Building Physics collision data...
done (0) (17007 bytes)
Placing detail props : 0...1...2...3...4...5...6...7...8...9...10
Compacting texture/material tables...
Reduced 39 texinfos to 27
Reduced 18 texdatas to 15 (536 bytes to 471)
Writing C:\Program Files (x86)\Steam\steamapps\sourcemods\o_hex\maps\backgrounds\shaft0_bg.bsp
0 seconds elapsed



4 threads
reading c:\program files (x86)\steam\steamapps\sourcemods\o_hex\maps\backgrounds\shaft0_bg.bsp
reading c:\program files (x86)\steam\steamapps\sourcemods\o_hex\maps\backgrounds\shaft0_bg.prt
 159 portalclusters
 485 numportals
0...1...2...3...4...5...6...7...8...9...100...1...2...3...4...5...6...7...8...9...10Optimized: 60 visible clusters (0.43%)
Total clusters visible: 14091
Average clusters visible: 88
Building PAS...
Average clusters audible: 155
visdatasize:7701  compressed from 7632
writing c:\program files (x86)\steam\steamapps\sourcemods\o_hex\maps\backgrounds\shaft0_bg.bsp
0 seconds elapsed



[Reading texlights from 'lights.rad']
[53 texlights parsed from 'lights.rad']

Loading c:\program files (x86)\steam\steamapps\sourcemods\o_hex\maps\backgrounds\shaft0_bg.bsp
226 faces
40835 square feet [5880337.50 square inches]
0 Displacements
0 Square Feet [0.00 Square Inches]
226 patches before subdivision
6272 patches after subdivision
4 direct lights
0...1...2...3...4...5...6...7...8...9...100...1...2...3...4...5...6...7...8...9...10transfers 566035, max 258
transfer lists:   4.3 megs
0...1...2...3...4...5...6...7...8...9...10	Bounce #1 added RGB(3785, 2441, 2177)
0...1...2...3...4...5...6...7...8...9...10	Bounce #2 added RGB(945, 618, 524)
0...1...2...3...4...5...6...7...8...9...10	Bounce #3 added RGB(253, 160, 128)
0...1...2...3...4...5...6...7...8...9...10	Bounce #4 added RGB(70, 42, 31)
0...1...2...3...4...5...6...7...8...9...10	Bounce #5 added RGB(20, 11, 8)
0...1...2...3...4...5...6...7...8...9...10	Bounce #6 added RGB(6, 3, 2)
0...1...2...3...4...5...6...7...8...9...10	Bounce #7 added RGB(2, 1, 0)
0...1...2...3...4...5...6...7...8...9...10	Bounce #8 added RGB(0, 0, 0)
Build Patch/Sample Hash Table(s).....Done<0.0013 sec>
0...1...2...3...4...5...6...7...8...9...10FinalLightFace Done
0 of 0 (0% of) surface lights went in leaf ambient cubes.
0...1...2...3...4...5...6...7...8...9...10Writing leaf ambient...done
Ready to Finish

Object names       Objects/Maxobjs  Memory / Maxmem  Fullness 
------------       ---------------  ---------------  -------- 
models                   1/1024           48/49152    ( 0.1%) 
brushes                 46/8192          552/98304    ( 0.6%) 
brushsides             313/65536        2504/524288   ( 0.5%) 
planes                 262/65536        5240/1310720  ( 0.4%) 
vertexes               599/65536        7188/786432   ( 0.9%) 
nodes                  319/65536       10208/2097152  ( 0.5%) 
texinfos                27/12288        1944/884736   ( 0.2%) 
texdata                 15/2048          480/65536    ( 0.7%) 
dispinfos                0/0               0/0        ( 0.0%) 
disp_verts               0/0               0/0        ( 0.0%) 
disp_tris                0/0               0/0        ( 0.0%) 
disp_lmsamples           0/0               0/0        ( 0.0%) 
faces                  226/65536       12656/3670016  ( 0.3%) 
hdr faces                0/65536           0/3670016  ( 0.0%) 
origfaces               73/65536        4088/3670016  ( 0.1%) 
leaves                 321/65536       10272/2097152  ( 0.5%) 
leaffaces              344/65536         688/131072   ( 0.5%) 
leafbrushes            169/65536         338/131072   ( 0.3%) 
areas                    2/256            16/2048     ( 0.8%) 
surfedges             1375/512000       5500/2048000  ( 0.3%) 
edges                  888/256000       3552/1024000  ( 0.3%) 
LDR worldlights          4/8192          352/720896   ( 0.0%) 
HDR worldlights          0/8192            0/720896   ( 0.0%) 
leafwaterdata            0/32768           0/393216   ( 0.0%) 
waterstrips             44/32768         440/327680   ( 0.1%) 
waterverts               0/65536           0/786432   ( 0.0%) 
waterindices           669/65536        1338/131072   ( 1.0%) 
cubemapsamples           1/1024           16/16384    ( 0.1%) 
overlays                 2/512           704/180224   ( 0.4%) 
LDR lightdata         [variable]      183792/0        ( 0.0%) 
HDR lightdata         [variable]           0/0        ( 0.0%) 
visdata               [variable]        7701/16777216 ( 0.0%) 
entdata               [variable]       14019/393216   ( 3.6%) 
LDR ambient table      321/65536        1284/262144   ( 0.5%) 
HDR ambient table      321/65536        1284/262144   ( 0.5%) 
LDR leaf ambient      1527/65536       42756/1835008  ( 2.3%) 
HDR leaf ambient       321/65536        8988/1835008  ( 0.5%) 
occluders                0/0               0/0        ( 0.0%) 
occluder polygons        0/0               0/0        ( 0.0%) 
occluder vert ind        0/0               0/0        ( 0.0%) 
detail props          [variable]           1/12       ( 8.3%) 
static props          [variable]           1/208      ( 0.5%) 
pakfile               [variable]      212220/0        ( 0.0%) 
physics               [variable]       17007/4194304  ( 0.4%) 
physics terrain       [variable]           2/1048576  ( 0.0%) 

Level flags = 0

Total triangle count: 631
Writing c:\program files (x86)\steam\steamapps\sourcemods\o_hex\maps\backgrounds\shaft0_bg.bsp
0 seconds elapsed



Using shader api: shaderapiempty.dll
materialPath: C:\Program Files (x86)\Steam\steamapps\common\Portal\portal\materials
Loading C:\Program Files (x86)\Steam\steamapps\sourcemods\o_hex\maps\backgrounds\shaft0_bg.vmf
Could not locate 'GameData' key in c:\program files (x86)\steam\steamapps\common\portal\portal\gameinfo.txt
fixing up env_cubemap materials on brush sides...
0...1...2...3...4...5...6...7...8...9...100...1...2...3...4...5...6...7...8...9...10Processing areas...done (0)
Building Faces...done (0)
FixTjuncs...
PruneNodes...
WriteBSP...
done (0)
writing C:\Program Files (x86)\Steam\steamapps\sourcemods\o_hex\maps\backgrounds\shaft0_bg.prt...Building visibility clusters...
done (0)
Creating default LDR cubemaps for env_cubemap using skybox materials:
   skybox/sky_day01_01*.vmt
 ! Run buildcubemaps in the engine to get the correct cube maps.
Creating default HDR cubemaps for env_cubemap using skybox materials:
   skybox/sky_day01_01*.vmt
 ! Run buildcubemaps in the engine to get the correct cube maps.
Finding displacement neighbors...
Finding lightmap sample positions...
Displacement Alpha : 0...1...2...3...4...5...6...7...8...9...10
Building Physics collision data...
done (0) (17007 bytes)
Placing detail props : 0...1...2...3...4...5...6...7...8...9...10
Compacting texture/material tables...
Reduced 39 texinfos to 27
Reduced 18 texdatas to 15 (536 bytes to 471)
Writing C:\Program Files (x86)\Steam\steamapps\sourcemods\o_hex\maps\backgrounds\shaft0_bg.bsp
0 seconds elapsed



4 threads
reading c:\program files (x86)\steam\steamapps\sourcemods\o_hex\maps\backgrounds\shaft0_bg.bsp
reading c:\program files (x86)\steam\steamapps\sourcemods\o_hex\maps\backgrounds\shaft0_bg.prt
 160 portalclusters
 490 numportals
0...1...2...3...4...5...6...7...8...9...100...1...2...3...4...5...6...7...8...9...10Optimized: 38 visible clusters (0.27%)
Total clusters visible: 14224
Average clusters visible: 88
Building PAS...
Average clusters audible: 156
visdatasize:7779  compressed from 7680
writing c:\program files (x86)\steam\steamapps\sourcemods\o_hex\maps\backgrounds\shaft0_bg.bsp
0 seconds elapsed



[Reading texlights from 'lights.rad']
[53 texlights parsed from 'lights.rad']

Loading c:\program files (x86)\steam\steamapps\sourcemods\o_hex\maps\backgrounds\shaft0_bg.bsp
220 faces
40836 square feet [5880488.00 square inches]
0 Displacements
0 Square Feet [0.00 Square Inches]
220 patches before subdivision
6270 patches after subdivision
4 direct lights
0...1...2...3...4...5...6...7...8...9...100...1...2...3...4...5...6...7...8...9...10transfers 562617, max 255
transfer lists:   4.3 megs
0...1...2...3...4...5...6...7...8...9...10	Bounce #1 added RGB(3835, 2441, 2174)
0...1...2...3...4...5...6...7...8...9...10	Bounce #2 added RGB(964, 618, 524)
0...1...2...3...4...5...6...7...8...9...10	Bounce #3 added RGB(259, 160, 128)
0...1...2...3...4...5...6...7...8...9...10	Bounce #4 added RGB(72, 42, 31)
0...1...2...3...4...5...6...7...8...9...10	Bounce #5 added RGB(20, 11, 8)
0...1...2...3...4...5...6...7...8...9...10	Bounce #6 added RGB(6, 3, 2)
0...1...2...3...4...5...6...7...8...9...10	Bounce #7 added RGB(2, 1, 0)
0...1...2...3...4...5...6...7...8...9...10	Bounce #8 added RGB(0, 0, 0)
Build Patch/Sample Hash Table(s).....Done<0.0013 sec>
0...1...2...3...4...5...6...7...8...9...10FinalLightFace Done
0 of 0 (0% of) surface lights went in leaf ambient cubes.
0...1...2...3...4...5...6...7...8...9...10Writing leaf ambient...done
Ready to Finish

Object names       Objects/Maxobjs  Memory / Maxmem  Fullness 
------------       ---------------  ---------------  -------- 
models                   1/1024           48/49152    ( 0.1%) 
brushes                 46/8192          552/98304    ( 0.6%) 
brushsides             322/65536        2576/524288   ( 0.5%) 
planes                 280/65536        5600/1310720  ( 0.4%) 
vertexes               590/65536        7080/786432   ( 0.9%) 
nodes                  319/65536       10208/2097152  ( 0.5%) 
texinfos                27/12288        1944/884736   ( 0.2%) 
texdata                 15/2048          480/65536    ( 0.7%) 
dispinfos                0/0               0/0        ( 0.0%) 
disp_verts               0/0               0/0        ( 0.0%) 
disp_tris                0/0               0/0        ( 0.0%) 
disp_lmsamples           0/0               0/0        ( 0.0%) 
faces                  220/65536       12320/3670016  ( 0.3%) 
hdr faces                0/65536           0/3670016  ( 0.0%) 
origfaces               72/65536        4032/3670016  ( 0.1%) 
leaves                 321/65536       10272/2097152  ( 0.5%) 
leaffaces              358/65536         716/131072   ( 0.5%) 
leafbrushes            168/65536         336/131072   ( 0.3%) 
areas                    2/256            16/2048     ( 0.8%) 
surfedges             1343/512000       5372/2048000  ( 0.3%) 
edges                  869/256000       3476/1024000  ( 0.3%) 
LDR worldlights          4/8192          352/720896   ( 0.0%) 
HDR worldlights          0/8192            0/720896   ( 0.0%) 
leafwaterdata            0/32768           0/393216   ( 0.0%) 
waterstrips             44/32768         440/327680   ( 0.1%) 
waterverts               0/65536           0/786432   ( 0.0%) 
waterindices           663/65536        1326/131072   ( 1.0%) 
cubemapsamples           1/1024           16/16384    ( 0.1%) 
overlays                 2/512           704/180224   ( 0.4%) 
LDR lightdata         [variable]      183132/0        ( 0.0%) 
HDR lightdata         [variable]           0/0        ( 0.0%) 
visdata               [variable]        7779/16777216 ( 0.0%) 
entdata               [variable]       14019/393216   ( 3.6%) 
LDR ambient table      321/65536        1284/262144   ( 0.5%) 
HDR ambient table      321/65536        1284/262144   ( 0.5%) 
LDR leaf ambient      1535/65536       42980/1835008  ( 2.3%) 
HDR leaf ambient       321/65536        8988/1835008  ( 0.5%) 
occluders                0/0               0/0        ( 0.0%) 
occluder polygons        0/0               0/0        ( 0.0%) 
occluder vert ind        0/0               0/0        ( 0.0%) 
detail props          [variable]           1/12       ( 8.3%) 
static props          [variable]           1/208      ( 0.5%) 
pakfile               [variable]      212220/0        ( 0.0%) 
physics               [variable]       17007/4194304  ( 0.4%) 
physics terrain       [variable]           2/1048576  ( 0.0%) 

Level flags = 0

Total triangle count: 615
Writing c:\program files (x86)\steam\steamapps\sourcemods\o_hex\maps\backgrounds\shaft0_bg.bsp
0 seconds elapsed



Using shader api: shaderapiempty.dll
materialPath: C:\Program Files (x86)\Steam\steamapps\common\Portal\portal\materials
Loading C:\Program Files (x86)\Steam\steamapps\sourcemods\o_hex\maps\backgrounds\shaft0_bg.vmf
Could not locate 'GameData' key in c:\program files (x86)\steam\steamapps\common\portal\portal\gameinfo.txt
fixing up env_cubemap materials on brush sides...
0...1...2...3...4...5...6...7...8...9...100...1...2...3...4...5...6...7...8...9...10Processing areas...done (0)
Building Faces...done (0)
FixTjuncs...
PruneNodes...
WriteBSP...
done (0)
writing C:\Program Files (x86)\Steam\steamapps\sourcemods\o_hex\maps\backgrounds\shaft0_bg.prt...Building visibility clusters...
done (0)
Creating default LDR cubemaps for env_cubemap using skybox materials:
   skybox/sky_day01_01*.vmt
 ! Run buildcubemaps in the engine to get the correct cube maps.
Creating default HDR cubemaps for env_cubemap using skybox materials:
   skybox/sky_day01_01*.vmt
 ! Run buildcubemaps in the engine to get the correct cube maps.
Finding displacement neighbors...
Finding lightmap sample positions...
Displacement Alpha : 0...1...2...3...4...5...6...7...8...9...10
Building Physics collision data...
done (0) (17007 bytes)
Placing detail props : 0...1...2...3...4...5...6...7...8...9...10
Compacting texture/material tables...
Reduced 42 texinfos to 27
Reduced 18 texdatas to 15 (536 bytes to 471)
Writing C:\Program Files (x86)\Steam\steamapps\sourcemods\o_hex\maps\backgrounds\shaft0_bg.bsp
0 seconds elapsed



4 threads
reading c:\program files (x86)\steam\steamapps\sourcemods\o_hex\maps\backgrounds\shaft0_bg.bsp
reading c:\program files (x86)\steam\steamapps\sourcemods\o_hex\maps\backgrounds\shaft0_bg.prt
 162 portalclusters
 490 numportals
0...1...2...3...4...5...6...7...8...9...100...1...2...3...4...5...6...7...8...9...10Optimized: 30 visible clusters (0.21%)
Total clusters visible: 14304
Average clusters visible: 88
Building PAS...
Average clusters audible: 158
visdatasize:8164  compressed from 7776
writing c:\program files (x86)\steam\steamapps\sourcemods\o_hex\maps\backgrounds\shaft0_bg.bsp
0 seconds elapsed



[Reading texlights from 'lights.rad']
[53 texlights parsed from 'lights.rad']

Loading c:\program files (x86)\steam\steamapps\sourcemods\o_hex\maps\backgrounds\shaft0_bg.bsp
219 faces
40829 square feet [5879452.00 square inches]
0 Displacements
0 Square Feet [0.00 Square Inches]
219 patches before subdivision
6375 patches after subdivision
4 direct lights
0...1...2...3...4...5...6...7...8...9...100...1...2...3...4...5...6...7...8...9...10transfers 579352, max 261
transfer lists:   4.4 megs
0...1...2...3...4...5...6...7...8...9...10	Bounce #1 added RGB(3658, 2415, 2161)
0...1...2...3...4...5...6...7...8...9...10	Bounce #2 added RGB(943, 613, 521)
0...1...2...3...4...5...6...7...8...9...10	Bounce #3 added RGB(260, 160, 127)
0...1...2...3...4...5...6...7...8...9...10	Bounce #4 added RGB(74, 42, 31)
0...1...2...3...4...5...6...7...8...9...10	Bounce #5 added RGB(21, 11, 8)
0...1...2...3...4...5...6...7...8...9...10	Bounce #6 added RGB(6, 3, 2)
0...1...2...3...4...5...6...7...8...9...10	Bounce #7 added RGB(2, 1, 0)
0...1...2...3...4...5...6...7...8...9...10	Bounce #8 added RGB(1, 0, 0)
Build Patch/Sample Hash Table(s).....Done<0.0017 sec>
0...1...2...3...4...5...6...7...8...9...10FinalLightFace Done
0 of 0 (0% of) surface lights went in leaf ambient cubes.
0...1...2...3...4...5...6...7...8...9...10Writing leaf ambient...done
Ready to Finish

Object names       Objects/Maxobjs  Memory / Maxmem  Fullness 
------------       ---------------  ---------------  -------- 
models                   1/1024           48/49152    ( 0.1%) 
brushes                 46/8192          552/98304    ( 0.6%) 
brushsides             326/65536        2608/524288   ( 0.5%) 
planes                 290/65536        5800/1310720  ( 0.4%) 
vertexes               594/65536        7128/786432   ( 0.9%) 
nodes                  324/65536       10368/2097152  ( 0.5%) 
texinfos                27/12288        1944/884736   ( 0.2%) 
texdata                 15/2048          480/65536    ( 0.7%) 
dispinfos                0/0               0/0        ( 0.0%) 
disp_verts               0/0               0/0        ( 0.0%) 
disp_tris                0/0               0/0        ( 0.0%) 
disp_lmsamples           0/0               0/0        ( 0.0%) 
faces                  219/65536       12264/3670016  ( 0.3%) 
hdr faces                0/65536           0/3670016  ( 0.0%) 
origfaces               71/65536        3976/3670016  ( 0.1%) 
leaves                 326/65536       10432/2097152  ( 0.5%) 
leaffaces              334/65536         668/131072   ( 0.5%) 
leafbrushes            170/65536         340/131072   ( 0.3%) 
areas                    2/256            16/2048     ( 0.8%) 
surfedges             1349/512000       5396/2048000  ( 0.3%) 
edges                  875/256000       3500/1024000  ( 0.3%) 
LDR worldlights          4/8192          352/720896   ( 0.0%) 
HDR worldlights          0/8192            0/720896   ( 0.0%) 
leafwaterdata            0/32768           0/393216   ( 0.0%) 
waterstrips             40/32768         400/327680   ( 0.1%) 
waterverts               0/65536           0/786432   ( 0.0%) 
waterindices           642/65536        1284/131072   ( 1.0%) 
cubemapsamples           1/1024           16/16384    ( 0.1%) 
overlays                 2/512           704/180224   ( 0.4%) 
LDR lightdata         [variable]      182808/0        ( 0.0%) 
HDR lightdata         [variable]           0/0        ( 0.0%) 
visdata               [variable]        8164/16777216 ( 0.0%) 
entdata               [variable]       14076/393216   ( 3.6%) 
LDR ambient table      326/65536        1304/262144   ( 0.5%) 
HDR ambient table      326/65536        1304/262144   ( 0.5%) 
LDR leaf ambient      1626/65536       45528/1835008  ( 2.5%) 
HDR leaf ambient       326/65536        9128/1835008  ( 0.5%) 
occluders                0/0               0/0        ( 0.0%) 
occluder polygons        0/0               0/0        ( 0.0%) 
occluder vert ind        0/0               0/0        ( 0.0%) 
detail props          [variable]           1/12       ( 8.3%) 
static props          [variable]           1/208      ( 0.5%) 
pakfile               [variable]      212220/0        ( 0.0%) 
physics               [variable]       17007/4194304  ( 0.4%) 
physics terrain       [variable]           2/1048576  ( 0.0%) 

Level flags = 0

Total triangle count: 627
Writing c:\program files (x86)\steam\steamapps\sourcemods\o_hex\maps\backgrounds\shaft0_bg.bsp
1 second elapsed



Using shader api: shaderapiempty.dll
materialPath: C:\Program Files (x86)\Steam\steamapps\common\Portal\portal\materials
Loading C:\Program Files (x86)\Steam\steamapps\sourcemods\o_hex\maps\backgrounds\shaft0_bg.vmf
Could not locate 'GameData' key in c:\program files (x86)\steam\steamapps\common\portal\portal\gameinfo.txt
fixing up env_cubemap materials on brush sides...
0...1...2...3...4...5...6...7...8...9...100...1...2...3...4...5...6...7...8...9...10Processing areas...done (0)
Building Faces...done (0)
FixTjuncs...
PruneNodes...
WriteBSP...
done (0)
writing C:\Program Files (x86)\Steam\steamapps\sourcemods\o_hex\maps\backgrounds\shaft0_bg.prt...Building visibility clusters...
done (0)
Creating default LDR cubemaps for env_cubemap using skybox materials:
   skybox/sky_day01_01*.vmt
 ! Run buildcubemaps in the engine to get the correct cube maps.
Creating default HDR cubemaps for env_cubemap using skybox materials:
   skybox/sky_day01_01*.vmt
 ! Run buildcubemaps in the engine to get the correct cube maps.
Finding displacement neighbors...
Finding lightmap sample positions...
Displacement Alpha : 0...1...2...3...4...5...6...7...8...9...10
Building Physics collision data...
done (0) (17007 bytes)
Placing detail props : 0...1...2...3...4...5...6...7...8...9...10
Compacting texture/material tables...
Reduced 42 texinfos to 27
Reduced 18 texdatas to 15 (536 bytes to 471)
Writing C:\Program Files (x86)\Steam\steamapps\sourcemods\o_hex\maps\backgrounds\shaft0_bg.bsp
0 seconds elapsed



4 threads
reading c:\program files (x86)\steam\steamapps\sourcemods\o_hex\maps\backgrounds\shaft0_bg.bsp
reading c:\program files (x86)\steam\steamapps\sourcemods\o_hex\maps\backgrounds\shaft0_bg.prt
 161 portalclusters
 493 numportals
0...1...2...3...4...5...6...7...8...9...100...1...2...3...4...5...6...7...8...9...10Optimized: 30 visible clusters (0.21%)
Total clusters visible: 14242
Average clusters visible: 88
Building PAS...
Average clusters audible: 157
visdatasize:8097  compressed from 7728
writing c:\program files (x86)\steam\steamapps\sourcemods\o_hex\maps\backgrounds\shaft0_bg.bsp
0 seconds elapsed



[Reading texlights from 'lights.rad']
[53 texlights parsed from 'lights.rad']

Loading c:\program files (x86)\steam\steamapps\sourcemods\o_hex\maps\backgrounds\shaft0_bg.bsp
219 faces
40829 square feet [5879456.00 square inches]
0 Displacements
0 Square Feet [0.00 Square Inches]
219 patches before subdivision
6397 patches after subdivision
4 direct lights
0...1...2...3...4...5...6...7...8...9...100...1...2...3...4...5...6...7...8...9...10transfers 581489, max 261
transfer lists:   4.4 megs
0...1...2...3...4...5...6...7...8...9...10	Bounce #1 added RGB(3649, 2432, 2178)
0...1...2...3...4...5...6...7...8...9...10	Bounce #2 added RGB(946, 618, 525)
0...1...2...3...4...5...6...7...8...9...10	Bounce #3 added RGB(261, 161, 128)
0...1...2...3...4...5...6...7...8...9...10	Bounce #4 added RGB(74, 42, 32)
0...1...2...3...4...5...6...7...8...9...10	Bounce #5 added RGB(21, 11, 8)
0...1...2...3...4...5...6...7...8...9...10	Bounce #6 added RGB(6, 3, 2)
0...1...2...3...4...5...6...7...8...9...10	Bounce #7 added RGB(2, 1, 0)
0...1...2...3...4...5...6...7...8...9...10	Bounce #8 added RGB(1, 0, 0)
Build Patch/Sample Hash Table(s).....Done<0.0013 sec>
0...1...2...3...4...5...6...7...8...9...10FinalLightFace Done
0 of 0 (0% of) surface lights went in leaf ambient cubes.
0...1...2...3...4...5...6...7...8...9...10Writing leaf ambient...done
Ready to Finish

Object names       Objects/Maxobjs  Memory / Maxmem  Fullness 
------------       ---------------  ---------------  -------- 
models                   1/1024           48/49152    ( 0.1%) 
brushes                 46/8192          552/98304    ( 0.6%) 
brushsides             326/65536        2608/524288   ( 0.5%) 
planes                 290/65536        5800/1310720  ( 0.4%) 
vertexes               592/65536        7104/786432   ( 0.9%) 
nodes                  323/65536       10336/2097152  ( 0.5%) 
texinfos                27/12288        1944/884736   ( 0.2%) 
texdata                 15/2048          480/65536    ( 0.7%) 
dispinfos                0/0               0/0        ( 0.0%) 
disp_verts               0/0               0/0        ( 0.0%) 
disp_tris                0/0               0/0        ( 0.0%) 
disp_lmsamples           0/0               0/0        ( 0.0%) 
faces                  219/65536       12264/3670016  ( 0.3%) 
hdr faces                0/65536           0/3670016  ( 0.0%) 
origfaces               72/65536        4032/3670016  ( 0.1%) 
leaves                 325/65536       10400/2097152  ( 0.5%) 
leaffaces              339/65536         678/131072   ( 0.5%) 
leafbrushes            170/65536         340/131072   ( 0.3%) 
areas                    2/256            16/2048     ( 0.8%) 
surfedges             1353/512000       5412/2048000  ( 0.3%) 
edges                  877/256000       3508/1024000  ( 0.3%) 
LDR worldlights          4/8192          352/720896   ( 0.0%) 
HDR worldlights          0/8192            0/720896   ( 0.0%) 
leafwaterdata            0/32768           0/393216   ( 0.0%) 
waterstrips             40/32768         400/327680   ( 0.1%) 
waterverts               0/65536           0/786432   ( 0.0%) 
waterindices           642/65536        1284/131072   ( 1.0%) 
cubemapsamples           1/1024           16/16384    ( 0.1%) 
overlays                 2/512           704/180224   ( 0.4%) 
LDR lightdata         [variable]      183116/0        ( 0.0%) 
HDR lightdata         [variable]           0/0        ( 0.0%) 
visdata               [variable]        8097/16777216 ( 0.0%) 
entdata               [variable]       14076/393216   ( 3.6%) 
LDR ambient table      325/65536        1300/262144   ( 0.5%) 
HDR ambient table      325/65536        1300/262144   ( 0.5%) 
LDR leaf ambient      1585/65536       44380/1835008  ( 2.4%) 
HDR leaf ambient       325/65536        9100/1835008  ( 0.5%) 
occluders                0/0               0/0        ( 0.0%) 
occluder polygons        0/0               0/0        ( 0.0%) 
occluder vert ind        0/0               0/0        ( 0.0%) 
detail props          [variable]           1/12       ( 8.3%) 
static props          [variable]           1/208      ( 0.5%) 
pakfile               [variable]      212220/0        ( 0.0%) 
physics               [variable]       17007/4194304  ( 0.4%) 
physics terrain       [variable]           2/1048576  ( 0.0%) 

Level flags = 0

Total triangle count: 627
Writing c:\program files (x86)\steam\steamapps\sourcemods\o_hex\maps\backgrounds\shaft0_bg.bsp
0 seconds elapsed



Using shader api: shaderapiempty.dll
materialPath: C:\Program Files (x86)\Steam\steamapps\common\Portal\portal\materials
Loading C:\Program Files (x86)\Steam\steamapps\sourcemods\o_hex\maps\backgrounds\shaft0_bg.vmf
Could not locate 'GameData' key in c:\program files (x86)\steam\steamapps\common\portal\portal\gameinfo.txt
fixing up env_cubemap materials on brush sides...
0...1...2...3...4...5...6...7...8...9...100...1...2...3...4...5...6...7...8...9...10Processing areas...done (0)
Building Faces...done (0)
FixTjuncs...
PruneNodes...
WriteBSP...
done (0)
writing C:\Program Files (x86)\Steam\steamapps\sourcemods\o_hex\maps\backgrounds\shaft0_bg.prt...Building visibility clusters...
done (0)
Creating default LDR cubemaps for env_cubemap using skybox materials:
   skybox/sky_day01_01*.vmt
 ! Run buildcubemaps in the engine to get the correct cube maps.
Creating default HDR cubemaps for env_cubemap using skybox materials:
   skybox/sky_day01_01*.vmt
 ! Run buildcubemaps in the engine to get the correct cube maps.
Finding displacement neighbors...
Finding lightmap sample positions...
Displacement Alpha : 0...1...2...3...4...5...6...7...8...9...10
Building Physics collision data...
done (0) (17007 bytes)
Placing detail props : 0...1...2...3...4...5...6...7...8...9...10
Compacting texture/material tables...
Reduced 42 texinfos to 27
Reduced 18 texdatas to 15 (536 bytes to 471)
Writing C:\Program Files (x86)\Steam\steamapps\sourcemods\o_hex\maps\backgrounds\shaft0_bg.bsp
0 seconds elapsed



4 threads
reading c:\program files (x86)\steam\steamapps\sourcemods\o_hex\maps\backgrounds\shaft0_bg.bsp
reading c:\program files (x86)\steam\steamapps\sourcemods\o_hex\maps\backgrounds\shaft0_bg.prt
 158 portalclusters
 481 numportals
0...1...2...3...4...5...6...7...8...9...100...1...2...3...4...5...6...7...8...9...10Optimized: 29 visible clusters (0.21%)
Total clusters visible: 13923
Average clusters visible: 88
Building PAS...
Average clusters audible: 154
visdatasize:7628  compressed from 7584
writing c:\program files (x86)\steam\steamapps\sourcemods\o_hex\maps\backgrounds\shaft0_bg.bsp
0 seconds elapsed



[Reading texlights from 'lights.rad']
[53 texlights parsed from 'lights.rad']

Loading c:\program files (x86)\steam\steamapps\sourcemods\o_hex\maps\backgrounds\shaft0_bg.bsp
219 faces
40829 square feet [5879454.00 square inches]
0 Displacements
0 Square Feet [0.00 Square Inches]
219 patches before subdivision
6391 patches after subdivision
4 direct lights
0...1...2...3...4...5...6...7...8...9...100...1...2...3...4...5...6...7...8...9...10transfers 581228, max 261
transfer lists:   4.4 megs
0...1...2...3...4...5...6...7...8...9...10	Bounce #1 added RGB(3684, 2439, 2180)
0...1...2...3...4...5...6...7...8...9...10	Bounce #2 added RGB(951, 619, 525)
0...1...2...3...4...5...6...7...8...9...10	Bounce #3 added RGB(262, 161, 128)
0...1...2...3...4...5...6...7...8...9...10	Bounce #4 added RGB(74, 42, 32)
0...1...2...3...4...5...6...7...8...9...10	Bounce #5 added RGB(21, 11, 8)
0...1...2...3...4...5...6...7...8...9...10	Bounce #6 added RGB(6, 3, 2)
0...1...2...3...4...5...6...7...8...9...10	Bounce #7 added RGB(2, 1, 0)
0...1...2...3...4...5...6...7...8...9...10	Bounce #8 added RGB(1, 0, 0)
Build Patch/Sample Hash Table(s).....Done<0.0012 sec>
0...1...2...3...4...5...6...7...8...9...10FinalLightFace Done
0 of 0 (0% of) surface lights went in leaf ambient cubes.
0...1...2...3...4...5...6...7...8...9...10Writing leaf ambient...done
Ready to Finish

Object names       Objects/Maxobjs  Memory / Maxmem  Fullness 
------------       ---------------  ---------------  -------- 
models                   1/1024           48/49152    ( 0.1%) 
brushes                 46/8192          552/98304    ( 0.6%) 
brushsides             324/65536        2592/524288   ( 0.5%) 
planes                 286/65536        5720/1310720  ( 0.4%) 
vertexes               590/65536        7080/786432   ( 0.9%) 
nodes                  319/65536       10208/2097152  ( 0.5%) 
texinfos                27/12288        1944/884736   ( 0.2%) 
texdata                 15/2048          480/65536    ( 0.7%) 
dispinfos                0/0               0/0        ( 0.0%) 
disp_verts               0/0               0/0        ( 0.0%) 
disp_tris                0/0               0/0        ( 0.0%) 
disp_lmsamples           0/0               0/0        ( 0.0%) 
faces                  219/65536       12264/3670016  ( 0.3%) 
hdr faces                0/65536           0/3670016  ( 0.0%) 
origfaces               71/65536        3976/3670016  ( 0.1%) 
leaves                 321/65536       10272/2097152  ( 0.5%) 
leaffaces              329/65536         658/131072   ( 0.5%) 
leafbrushes            169/65536         338/131072   ( 0.3%) 
areas                    2/256            16/2048     ( 0.8%) 
surfedges             1349/512000       5396/2048000  ( 0.3%) 
edges                  875/256000       3500/1024000  ( 0.3%) 
LDR worldlights          4/8192          352/720896   ( 0.0%) 
HDR worldlights          0/8192            0/720896   ( 0.0%) 
leafwaterdata            0/32768           0/393216   ( 0.0%) 
waterstrips             40/32768         400/327680   ( 0.1%) 
waterverts               0/65536           0/786432   ( 0.0%) 
waterindices           642/65536        1284/131072   ( 1.0%) 
cubemapsamples           1/1024           16/16384    ( 0.1%) 
overlays                 2/512           704/180224   ( 0.4%) 
LDR lightdata         [variable]      183080/0        ( 0.0%) 
HDR lightdata         [variable]           0/0        ( 0.0%) 
visdata               [variable]        7628/16777216 ( 0.0%) 
entdata               [variable]       14076/393216   ( 3.6%) 
LDR ambient table      321/65536        1284/262144   ( 0.5%) 
HDR ambient table      321/65536        1284/262144   ( 0.5%) 
LDR leaf ambient      1585/65536       44380/1835008  ( 2.4%) 
HDR leaf ambient       321/65536        8988/1835008  ( 0.5%) 
occluders                0/0               0/0        ( 0.0%) 
occluder polygons        0/0               0/0        ( 0.0%) 
occluder vert ind        0/0               0/0        ( 0.0%) 
detail props          [variable]           1/12       ( 8.3%) 
static props          [variable]           1/208      ( 0.5%) 
pakfile               [variable]      212220/0        ( 0.0%) 
physics               [variable]       17007/4194304  ( 0.4%) 
physics terrain       [variable]           2/1048576  ( 0.0%) 

Level flags = 0

Total triangle count: 627
Writing c:\program files (x86)\steam\steamapps\sourcemods\o_hex\maps\backgrounds\shaft0_bg.bsp
0 seconds elapsed



Using shader api: shaderapiempty.dll
materialPath: C:\Program Files (x86)\Steam\steamapps\common\Portal\portal\materials
Loading C:\Program Files (x86)\Steam\steamapps\sourcemods\o_hex\maps\backgrounds\shaft0_bg.vmf
Could not locate 'GameData' key in c:\program files (x86)\steam\steamapps\common\portal\portal\gameinfo.txt
fixing up env_cubemap materials on brush sides...
0...1...2...3...4...5...6...7...8...9...100...1...2...3...4...5...6...7...8...9...10Processing areas...done (0)
Building Faces...done (0)
FixTjuncs...
PruneNodes...
WriteBSP...
done (0)
writing C:\Program Files (x86)\Steam\steamapps\sourcemods\o_hex\maps\backgrounds\shaft0_bg.prt...Building visibility clusters...
done (0)
Creating default LDR cubemaps for env_cubemap using skybox materials:
   skybox/sky_day01_01*.vmt
 ! Run buildcubemaps in the engine to get the correct cube maps.
Creating default HDR cubemaps for env_cubemap using skybox materials:
   skybox/sky_day01_01*.vmt
 ! Run buildcubemaps in the engine to get the correct cube maps.
Finding displacement neighbors...
Finding lightmap sample positions...
Displacement Alpha : 0...1...2...3...4...5...6...7...8...9...10
Building Physics collision data...
done (0) (17007 bytes)
Placing detail props : 0...1...2...3...4...5...6...7...8...9...10
Compacting texture/material tables...
Reduced 42 texinfos to 27
Reduced 18 texdatas to 15 (536 bytes to 471)
Writing C:\Program Files (x86)\Steam\steamapps\sourcemods\o_hex\maps\backgrounds\shaft0_bg.bsp
0 seconds elapsed



4 threads
reading c:\program files (x86)\steam\steamapps\sourcemods\o_hex\maps\backgrounds\shaft0_bg.bsp
reading c:\program files (x86)\steam\steamapps\sourcemods\o_hex\maps\backgrounds\shaft0_bg.prt
 158 portalclusters
 481 numportals
0...1...2...3...4...5...6...7...8...9...100...1...2...3...4...5...6...7...8...9...10Optimized: 29 visible clusters (0.21%)
Total clusters visible: 13923
Average clusters visible: 88
Building PAS...
Average clusters audible: 154
visdatasize:7628  compressed from 7584
writing c:\program files (x86)\steam\steamapps\sourcemods\o_hex\maps\backgrounds\shaft0_bg.bsp
0 seconds elapsed



[Reading texlights from 'lights.rad']
[53 texlights parsed from 'lights.rad']

Loading c:\program files (x86)\steam\steamapps\sourcemods\o_hex\maps\backgrounds\shaft0_bg.bsp
219 faces
40829 square feet [5879454.00 square inches]
0 Displacements
0 Square Feet [0.00 Square Inches]
219 patches before subdivision
6391 patches after subdivision
4 direct lights
0...1...2...3...4...5...6...7...8...9...100...1...2...3...4...5...6...7...8...9...10transfers 581228, max 261
transfer lists:   4.4 megs
0...1...2...3...4...5...6...7...8...9...10	Bounce #1 added RGB(3684, 2439, 2180)
0...1...2...3...4...5...6...7...8...9...10	Bounce #2 added RGB(951, 619, 525)
0...1...2...3...4...5...6...7...8...9...10	Bounce #3 added RGB(262, 161, 128)
0...1...2...3...4...5...6...7...8...9...10	Bounce #4 added RGB(74, 42, 32)
0...1...2...3...4...5...6...7...8...9...10	Bounce #5 added RGB(21, 11, 8)
0...1...2...3...4...5...6...7...8...9...10	Bounce #6 added RGB(6, 3, 2)
0...1...2...3...4...5...6...7...8...9...10	Bounce #7 added RGB(2, 1, 0)
0...1...2...3...4...5...6...7...8...9...10	Bounce #8 added RGB(1, 0, 0)
Build Patch/Sample Hash Table(s).....Done<0.0013 sec>
0...1...2...3...4...5...6...7...8...9...10FinalLightFace Done
0 of 0 (0% of) surface lights went in leaf ambient cubes.
0...1...2...3...4...5...6...7...8...9...10Writing leaf ambient...done
Ready to Finish

Object names       Objects/Maxobjs  Memory / Maxmem  Fullness 
------------       ---------------  ---------------  -------- 
models                   1/1024           48/49152    ( 0.1%) 
brushes                 46/8192          552/98304    ( 0.6%) 
brushsides             324/65536        2592/524288   ( 0.5%) 
planes                 286/65536        5720/1310720  ( 0.4%) 
vertexes               590/65536        7080/786432   ( 0.9%) 
nodes                  319/65536       10208/2097152  ( 0.5%) 
texinfos                27/12288        1944/884736   ( 0.2%) 
texdata                 15/2048          480/65536    ( 0.7%) 
dispinfos                0/0               0/0        ( 0.0%) 
disp_verts               0/0               0/0        ( 0.0%) 
disp_tris                0/0               0/0        ( 0.0%) 
disp_lmsamples           0/0               0/0        ( 0.0%) 
faces                  219/65536       12264/3670016  ( 0.3%) 
hdr faces                0/65536           0/3670016  ( 0.0%) 
origfaces               71/65536        3976/3670016  ( 0.1%) 
leaves                 321/65536       10272/2097152  ( 0.5%) 
leaffaces              329/65536         658/131072   ( 0.5%) 
leafbrushes            169/65536         338/131072   ( 0.3%) 
areas                    2/256            16/2048     ( 0.8%) 
surfedges             1349/512000       5396/2048000  ( 0.3%) 
edges                  875/256000       3500/1024000  ( 0.3%) 
LDR worldlights          4/8192          352/720896   ( 0.0%) 
HDR worldlights          0/8192            0/720896   ( 0.0%) 
leafwaterdata            0/32768           0/393216   ( 0.0%) 
waterstrips             40/32768         400/327680   ( 0.1%) 
waterverts               0/65536           0/786432   ( 0.0%) 
waterindices           642/65536        1284/131072   ( 1.0%) 
cubemapsamples           1/1024           16/16384    ( 0.1%) 
overlays                 2/512           704/180224   ( 0.4%) 
LDR lightdata         [variable]      183080/0        ( 0.0%) 
HDR lightdata         [variable]           0/0        ( 0.0%) 
visdata               [variable]        7628/16777216 ( 0.0%) 
entdata               [variable]       14047/393216   ( 3.6%) 
LDR ambient table      321/65536        1284/262144   ( 0.5%) 
HDR ambient table      321/65536        1284/262144   ( 0.5%) 
LDR leaf ambient      1585/65536       44380/1835008  ( 2.4%) 
HDR leaf ambient       321/65536        8988/1835008  ( 0.5%) 
occluders                0/0               0/0        ( 0.0%) 
occluder polygons        0/0               0/0        ( 0.0%) 
occluder vert ind        0/0               0/0        ( 0.0%) 
detail props          [variable]           1/12       ( 8.3%) 
static props          [variable]           1/208      ( 0.5%) 
pakfile               [variable]      212220/0        ( 0.0%) 
physics               [variable]       17007/4194304  ( 0.4%) 
physics terrain       [variable]           2/1048576  ( 0.0%) 

Level flags = 0

Total triangle count: 627
Writing c:\program files (x86)\steam\steamapps\sourcemods\o_hex\maps\backgrounds\shaft0_bg.bsp
0 seconds elapsed



Using shader api: shaderapiempty.dll
materialPath: C:\Program Files (x86)\Steam\steamapps\common\Portal\portal\materials
Loading C:\Program Files (x86)\Steam\steamapps\sourcemods\o_hex\maps\backgrounds\shaft0_bg.vmf
Could not locate 'GameData' key in c:\program files (x86)\steam\steamapps\common\portal\portal\gameinfo.txt
fixing up env_cubemap materials on brush sides...
0...1...2...3...4...5...6...7...8...9...100...1...2...3...4...5...6...7...8...9...10Processing areas...done (0)
Building Faces...done (0)
FixTjuncs...
PruneNodes...
WriteBSP...
done (0)
writing C:\Program Files (x86)\Steam\steamapps\sourcemods\o_hex\maps\backgrounds\shaft0_bg.prt...Building visibility clusters...
done (0)
Creating default LDR cubemaps for env_cubemap using skybox materials:
   skybox/sky_day01_01*.vmt
 ! Run buildcubemaps in the engine to get the correct cube maps.
Creating default HDR cubemaps for env_cubemap using skybox materials:
   skybox/sky_day01_01*.vmt
 ! Run buildcubemaps in the engine to get the correct cube maps.
Finding displacement neighbors...
Finding lightmap sample positions...
Displacement Alpha : 0...1...2...3...4...5...6...7...8...9...10
Building Physics collision data...
done (0) (17383 bytes)
Placing detail props : 0...1...2...3...4...5...6...7...8...9...10
Compacting texture/material tables...
Reduced 42 texinfos to 27
Reduced 18 texdatas to 15 (536 bytes to 471)
Writing C:\Program Files (x86)\Steam\steamapps\sourcemods\o_hex\maps\backgrounds\shaft0_bg.bsp
0 seconds elapsed



4 threads
reading c:\program files (x86)\steam\steamapps\sourcemods\o_hex\maps\backgrounds\shaft0_bg.bsp
reading c:\program files (x86)\steam\steamapps\sourcemods\o_hex\maps\backgrounds\shaft0_bg.prt
 161 portalclusters
 496 numportals
0...1...2...3...4...5...6...7...8...9...100...1...2...3...4...5...6...7...8...9...10Optimized: 37 visible clusters (0.26%)
Total clusters visible: 14210
Average clusters visible: 88
Building PAS...
Average clusters audible: 157
visdatasize:8093  compressed from 7728
writing c:\program files (x86)\steam\steamapps\sourcemods\o_hex\maps\backgrounds\shaft0_bg.bsp
0 seconds elapsed



[Reading texlights from 'lights.rad']
[53 texlights parsed from 'lights.rad']

Loading c:\program files (x86)\steam\steamapps\sourcemods\o_hex\maps\backgrounds\shaft0_bg.bsp
224 faces
40783 square feet [5872799.50 square inches]
0 Displacements
0 Square Feet [0.00 Square Inches]
224 patches before subdivision
6400 patches after subdivision
4 direct lights
0...1...2...3...4...5...6...7...8...9...100...1...2...3...4...5...6...7...8...9...10transfers 582789, max 263
transfer lists:   4.4 megs
0...1...2...3...4...5...6...7...8...9...10	Bounce #1 added RGB(3688, 2440, 2182)
0...1...2...3...4...5...6...7...8...9...10	Bounce #2 added RGB(952, 620, 526)
0...1...2...3...4...5...6...7...8...9...10	Bounce #3 added RGB(262, 161, 129)
0...1...2...3...4...5...6...7...8...9...10	Bounce #4 added RGB(74, 42, 32)
0...1...2...3...4...5...6...7...8...9...10	Bounce #5 added RGB(21, 11, 8)
0...1...2...3...4...5...6...7...8...9...10	Bounce #6 added RGB(6, 3, 2)
0...1...2...3...4...5...6...7...8...9...10	Bounce #7 added RGB(2, 1, 0)
0...1...2...3...4...5...6...7...8...9...10	Bounce #8 added RGB(1, 0, 0)
Build Patch/Sample Hash Table(s).....Done<0.0012 sec>
0...1...2...3...4...5...6...7...8...9...10FinalLightFace Done
0 of 0 (0% of) surface lights went in leaf ambient cubes.
0...1...2...3...4...5...6...7...8...9...10Writing leaf ambient...done
Ready to Finish

Object names       Objects/Maxobjs  Memory / Maxmem  Fullness 
------------       ---------------  ---------------  -------- 
models                   1/1024           48/49152    ( 0.1%) 
brushes                 47/8192          564/98304    ( 0.6%) 
brushsides             330/65536        2640/524288   ( 0.5%) 
planes                 292/65536        5840/1310720  ( 0.4%) 
vertexes               605/65536        7260/786432   ( 0.9%) 
nodes                  324/65536       10368/2097152  ( 0.5%) 
texinfos                27/12288        1944/884736   ( 0.2%) 
texdata                 15/2048          480/65536    ( 0.7%) 
dispinfos                0/0               0/0        ( 0.0%) 
disp_verts               0/0               0/0        ( 0.0%) 
disp_tris                0/0               0/0        ( 0.0%) 
disp_lmsamples           0/0               0/0        ( 0.0%) 
faces                  224/65536       12544/3670016  ( 0.3%) 
hdr faces                0/65536           0/3670016  ( 0.0%) 
origfaces               71/65536        3976/3670016  ( 0.1%) 
leaves                 326/65536       10432/2097152  ( 0.5%) 
leaffaces              329/65536         658/131072   ( 0.5%) 
leafbrushes            171/65536         342/131072   ( 0.3%) 
areas                    2/256            16/2048     ( 0.8%) 
surfedges             1375/512000       5500/2048000  ( 0.3%) 
edges                  892/256000       3568/1024000  ( 0.3%) 
LDR worldlights          4/8192          352/720896   ( 0.0%) 
HDR worldlights          0/8192            0/720896   ( 0.0%) 
leafwaterdata            0/32768           0/393216   ( 0.0%) 
waterstrips             42/32768         420/327680   ( 0.1%) 
waterverts               0/65536           0/786432   ( 0.0%) 
waterindices           678/65536        1356/131072   ( 1.0%) 
cubemapsamples           1/1024           16/16384    ( 0.1%) 
overlays                 2/512           704/180224   ( 0.4%) 
LDR lightdata         [variable]      184172/0        ( 0.0%) 
HDR lightdata         [variable]           0/0        ( 0.0%) 
visdata               [variable]        8093/16777216 ( 0.0%) 
entdata               [variable]       14047/393216   ( 3.6%) 
LDR ambient table      326/65536        1304/262144   ( 0.5%) 
HDR ambient table      326/65536        1304/262144   ( 0.5%) 
LDR leaf ambient      1584/65536       44352/1835008  ( 2.4%) 
HDR leaf ambient       326/65536        9128/1835008  ( 0.5%) 
occluders                0/0               0/0        ( 0.0%) 
occluder polygons        0/0               0/0        ( 0.0%) 
occluder vert ind        0/0               0/0        ( 0.0%) 
detail props          [variable]           1/12       ( 8.3%) 
static props          [variable]           1/208      ( 0.5%) 
pakfile               [variable]      212220/0        ( 0.0%) 
physics               [variable]       17383/4194304  ( 0.4%) 
physics terrain       [variable]           2/1048576  ( 0.0%) 

Level flags = 0

Total triangle count: 643
Writing c:\program files (x86)\steam\steamapps\sourcemods\o_hex\maps\backgrounds\shaft0_bg.bsp
0 seconds elapsed



Using shader api: shaderapiempty.dll
materialPath: C:\Program Files (x86)\Steam\steamapps\common\Portal\portal\materials
Loading C:\Program Files (x86)\Steam\steamapps\sourcemods\o_hex\maps\backgrounds\shaft0_bg.vmf
Could not locate 'GameData' key in c:\program files (x86)\steam\steamapps\common\portal\portal\gameinfo.txt
fixing up env_cubemap materials on brush sides...
0...1...2...3...4...5...6...7...8...9...100...1...2...3...4...5...6...7...8...9...10Processing areas...done (0)
Building Faces...done (0)
FixTjuncs...
PruneNodes...
WriteBSP...
done (0)
writing C:\Program Files (x86)\Steam\steamapps\sourcemods\o_hex\maps\backgrounds\shaft0_bg.prt...Building visibility clusters...
done (0)
Creating default LDR cubemaps for env_cubemap using skybox materials:
   skybox/sky_day01_01*.vmt
 ! Run buildcubemaps in the engine to get the correct cube maps.
Creating default HDR cubemaps for env_cubemap using skybox materials:
   skybox/sky_day01_01*.vmt
 ! Run buildcubemaps in the engine to get the correct cube maps.
Finding displacement neighbors...
Finding lightmap sample positions...
Displacement Alpha : 0...1...2...3...4...5...6...7...8...9...10
Building Physics collision data...
done (0) (18775 bytes)
Placing detail props : 0...1...2...3...4...5...6...7...8...9...10
Compacting texture/material tables...
Reduced 45 texinfos to 30
Reduced 19 texdatas to 16 (555 bytes to 490)
Writing C:\Program Files (x86)\Steam\steamapps\sourcemods\o_hex\maps\backgrounds\shaft0_bg.bsp
0 seconds elapsed



4 threads
reading c:\program files (x86)\steam\steamapps\sourcemods\o_hex\maps\backgrounds\shaft0_bg.bsp
reading c:\program files (x86)\steam\steamapps\sourcemods\o_hex\maps\backgrounds\shaft0_bg.prt
 168 portalclusters
 508 numportals
0...1...2...3...4...5...6...7...8...9...100...1...2...3...4...5...6...7...8...9...10Optimized: 59 visible clusters (0.40%)
Total clusters visible: 14827
Average clusters visible: 88
Building PAS...
Average clusters audible: 164
visdatasize:8488  compressed from 8064
writing c:\program files (x86)\steam\steamapps\sourcemods\o_hex\maps\backgrounds\shaft0_bg.bsp
0 seconds elapsed



[Reading texlights from 'lights.rad']
[53 texlights parsed from 'lights.rad']

Loading c:\program files (x86)\steam\steamapps\sourcemods\o_hex\maps\backgrounds\shaft0_bg.bsp
238 faces
40833 square feet [5880029.50 square inches]
0 Displacements
0 Square Feet [0.00 Square Inches]
238 patches before subdivision
6242 patches after subdivision
4 direct lights
0...1...2...3...4...5...6...7...8...9...100...1...2...3...4...5...6...7...8...9...10transfers 566389, max 272
transfer lists:   4.3 megs
0...1...2...3...4...5...6...7...8...9...10	Bounce #1 added RGB(3621, 2435, 2180)
0...1...2...3...4...5...6...7...8...9...10	Bounce #2 added RGB(936, 618, 525)
0...1...2...3...4...5...6...7...8...9...10	Bounce #3 added RGB(256, 161, 128)
0...1...2...3...4...5...6...7...8...9...10	Bounce #4 added RGB(72, 42, 32)
0...1...2...3...4...5...6...7...8...9...10	Bounce #5 added RGB(21, 11, 8)
0...1...2...3...4...5...6...7...8...9...10	Bounce #6 added RGB(6, 3, 2)
0...1...2...3...4...5...6...7...8...9...10	Bounce #7 added RGB(2, 1, 0)
0...1...2...3...4...5...6...7...8...9...10	Bounce #8 added RGB(1, 0, 0)
Build Patch/Sample Hash Table(s).....Done<0.0012 sec>
0...1...2...3...4...5...6...7...8...9...10FinalLightFace Done
0 of 0 (0% of) surface lights went in leaf ambient cubes.
0...1...2...3...4...5...6...7...8...9...10Writing leaf ambient...done
Ready to Finish

Object names       Objects/Maxobjs  Memory / Maxmem  Fullness 
------------       ---------------  ---------------  -------- 
models                   1/1024           48/49152    ( 0.1%) 
brushes                 52/8192          624/98304    ( 0.6%) 
brushsides             360/65536        2880/524288   ( 0.5%) 
planes                 304/65536        6080/1310720  ( 0.5%) 
vertexes               637/65536        7644/786432   ( 1.0%) 
nodes                  336/65536       10752/2097152  ( 0.5%) 
texinfos                30/12288        2160/884736   ( 0.2%) 
texdata                 16/2048          512/65536    ( 0.8%) 
dispinfos                0/0               0/0        ( 0.0%) 
disp_verts               0/0               0/0        ( 0.0%) 
disp_tris                0/0               0/0        ( 0.0%) 
disp_lmsamples           0/0               0/0        ( 0.0%) 
faces                  238/65536       13328/3670016  ( 0.4%) 
hdr faces                0/65536           0/3670016  ( 0.0%) 
origfaces               82/65536        4592/3670016  ( 0.1%) 
leaves                 338/65536       10816/2097152  ( 0.5%) 
leaffaces              375/65536         750/131072   ( 0.6%) 
leafbrushes            182/65536         364/131072   ( 0.3%) 
areas                    2/256            16/2048     ( 0.8%) 
surfedges             1479/512000       5916/2048000  ( 0.3%) 
edges                  955/256000       3820/1024000  ( 0.4%) 
LDR worldlights          4/8192          352/720896   ( 0.0%) 
HDR worldlights          0/8192            0/720896   ( 0.0%) 
leafwaterdata            0/32768           0/393216   ( 0.0%) 
waterstrips             40/32768         400/327680   ( 0.1%) 
waterverts               0/65536           0/786432   ( 0.0%) 
waterindices           645/65536        1290/131072   ( 1.0%) 
cubemapsamples           1/1024           16/16384    ( 0.1%) 
overlays                 2/512           704/180224   ( 0.4%) 
LDR lightdata         [variable]      183512/0        ( 0.0%) 
HDR lightdata         [variable]           0/0        ( 0.0%) 
visdata               [variable]        8488/16777216 ( 0.1%) 
entdata               [variable]       14047/393216   ( 3.6%) 
LDR ambient table      338/65536        1352/262144   ( 0.5%) 
HDR ambient table      338/65536        1352/262144   ( 0.5%) 
LDR leaf ambient      1524/65536       42672/1835008  ( 2.3%) 
HDR leaf ambient       338/65536        9464/1835008  ( 0.5%) 
occluders                0/0               0/0        ( 0.0%) 
occluder polygons        0/0               0/0        ( 0.0%) 
occluder vert ind        0/0               0/0        ( 0.0%) 
detail props          [variable]           1/12       ( 8.3%) 
static props          [variable]           1/208      ( 0.5%) 
pakfile               [variable]      212220/0        ( 0.0%) 
physics               [variable]       18775/4194304  ( 0.4%) 
physics terrain       [variable]           2/1048576  ( 0.0%) 

Level flags = 0

Total triangle count: 675
Writing c:\program files (x86)\steam\steamapps\sourcemods\o_hex\maps\backgrounds\shaft0_bg.bsp
0 seconds elapsed



Using shader api: shaderapiempty.dll
materialPath: C:\Program Files (x86)\Steam\steamapps\common\Portal\portal\materials
Loading C:\Program Files (x86)\Steam\steamapps\sourcemods\o_hex\maps\backgrounds\shaft0_bg.vmf
Could not locate 'GameData' key in c:\program files (x86)\steam\steamapps\common\portal\portal\gameinfo.txt
fixing up env_cubemap materials on brush sides...
0...1...2...3...4...5...6...7...8...9...100...1...2...3...4...5...6...7...8...9...10Processing areas...done (0)
Building Faces...done (0)
FixTjuncs...
PruneNodes...
WriteBSP...
done (0)
writing C:\Program Files (x86)\Steam\steamapps\sourcemods\o_hex\maps\backgrounds\shaft0_bg.prt...Building visibility clusters...
done (0)
Creating default LDR cubemaps for env_cubemap using skybox materials:
   skybox/sky_day01_01*.vmt
 ! Run buildcubemaps in the engine to get the correct cube maps.
Creating default HDR cubemaps for env_cubemap using skybox materials:
   skybox/sky_day01_01*.vmt
 ! Run buildcubemaps in the engine to get the correct cube maps.
Finding displacement neighbors...
Finding lightmap sample positions...
Displacement Alpha : 0...1...2...3...4...5...6...7...8...9...10
Building Physics collision data...
done (0) (17007 bytes)
Placing detail props : 0...1...2...3...4...5...6...7...8...9...10
Compacting texture/material tables...
Reduced 42 texinfos to 27
Reduced 18 texdatas to 15 (536 bytes to 471)
Writing C:\Program Files (x86)\Steam\steamapps\sourcemods\o_hex\maps\backgrounds\shaft0_bg.bsp
0 seconds elapsed



4 threads
reading c:\program files (x86)\steam\steamapps\sourcemods\o_hex\maps\backgrounds\shaft0_bg.bsp
reading c:\program files (x86)\steam\steamapps\sourcemods\o_hex\maps\backgrounds\shaft0_bg.prt
 158 portalclusters
 481 numportals
0...1...2...3...4...5...6...7...8...9...100...1...2...3...4...5...6...7...8...9...10Optimized: 29 visible clusters (0.21%)
Total clusters visible: 13923
Average clusters visible: 88
Building PAS...
Average clusters audible: 154
visdatasize:7628  compressed from 7584
writing c:\program files (x86)\steam\steamapps\sourcemods\o_hex\maps\backgrounds\shaft0_bg.bsp
0 seconds elapsed



[Reading texlights from 'lights.rad']
[53 texlights parsed from 'lights.rad']

Loading c:\program files (x86)\steam\steamapps\sourcemods\o_hex\maps\backgrounds\shaft0_bg.bsp
219 faces
40829 square feet [5879454.00 square inches]
0 Displacements
0 Square Feet [0.00 Square Inches]
219 patches before subdivision
6391 patches after subdivision
4 direct lights
0...1...2...3...4...5...6...7...8...9...100...1...2...3...4...5...6...7...8...9...10transfers 581228, max 261
transfer lists:   4.4 megs
0...1...2...3...4...5...6...7...8...9...10	Bounce #1 added RGB(3684, 2439, 2180)
0...1...2...3...4...5...6...7...8...9...10	Bounce #2 added RGB(951, 619, 525)
0...1...2...3...4...5...6...7...8...9...10	Bounce #3 added RGB(262, 161, 128)
0...1...2...3...4...5...6...7...8...9...10	Bounce #4 added RGB(74, 42, 32)
0...1...2...3...4...5...6...7...8...9...10	Bounce #5 added RGB(21, 11, 8)
0...1...2...3...4...5...6...7...8...9...10	Bounce #6 added RGB(6, 3, 2)
0...1...2...3...4...5...6...7...8...9...10	Bounce #7 added RGB(2, 1, 0)
0...1...2...3...4...5...6...7...8...9...10	Bounce #8 added RGB(1, 0, 0)
Build Patch/Sample Hash Table(s).....Done<0.0012 sec>
0...1...2...3...4...5...6...7...8...9...10FinalLightFace Done
0 of 0 (0% of) surface lights went in leaf ambient cubes.
0...1...2...3...4...5...6...7...8...9...10Writing leaf ambient...done
Ready to Finish

Object names       Objects/Maxobjs  Memory / Maxmem  Fullness 
------------       ---------------  ---------------  -------- 
models                   1/1024           48/49152    ( 0.1%) 
brushes                 46/8192          552/98304    ( 0.6%) 
brushsides             324/65536        2592/524288   ( 0.5%) 
planes                 286/65536        5720/1310720  ( 0.4%) 
vertexes               590/65536        7080/786432   ( 0.9%) 
nodes                  319/65536       10208/2097152  ( 0.5%) 
texinfos                27/12288        1944/884736   ( 0.2%) 
texdata                 15/2048          480/65536    ( 0.7%) 
dispinfos                0/0               0/0        ( 0.0%) 
disp_verts               0/0               0/0        ( 0.0%) 
disp_tris                0/0               0/0        ( 0.0%) 
disp_lmsamples           0/0               0/0        ( 0.0%) 
faces                  219/65536       12264/3670016  ( 0.3%) 
hdr faces                0/65536           0/3670016  ( 0.0%) 
origfaces               71/65536        3976/3670016  ( 0.1%) 
leaves                 321/65536       10272/2097152  ( 0.5%) 
leaffaces              329/65536         658/131072   ( 0.5%) 
leafbrushes            169/65536         338/131072   ( 0.3%) 
areas                    2/256            16/2048     ( 0.8%) 
surfedges             1349/512000       5396/2048000  ( 0.3%) 
edges                  875/256000       3500/1024000  ( 0.3%) 
LDR worldlights          4/8192          352/720896   ( 0.0%) 
HDR worldlights          0/8192            0/720896   ( 0.0%) 
leafwaterdata            0/32768           0/393216   ( 0.0%) 
waterstrips             40/32768         400/327680   ( 0.1%) 
waterverts               0/65536           0/786432   ( 0.0%) 
waterindices           642/65536        1284/131072   ( 1.0%) 
cubemapsamples           1/1024           16/16384    ( 0.1%) 
overlays                 2/512           704/180224   ( 0.4%) 
LDR lightdata         [variable]      183080/0        ( 0.0%) 
HDR lightdata         [variable]           0/0        ( 0.0%) 
visdata               [variable]        7628/16777216 ( 0.0%) 
entdata               [variable]       14047/393216   ( 3.6%) 
LDR ambient table      321/65536        1284/262144   ( 0.5%) 
HDR ambient table      321/65536        1284/262144   ( 0.5%) 
LDR leaf ambient      1585/65536       44380/1835008  ( 2.4%) 
HDR leaf ambient       321/65536        8988/1835008  ( 0.5%) 
occluders                0/0               0/0        ( 0.0%) 
occluder polygons        0/0               0/0        ( 0.0%) 
occluder vert ind        0/0               0/0        ( 0.0%) 
detail props          [variable]           1/12       ( 8.3%) 
static props          [variable]           1/208      ( 0.5%) 
pakfile               [variable]      212220/0        ( 0.0%) 
physics               [variable]       17007/4194304  ( 0.4%) 
physics terrain       [variable]           2/1048576  ( 0.0%) 

Level flags = 0

Total triangle count: 627
Writing c:\program files (x86)\steam\steamapps\sourcemods\o_hex\maps\backgrounds\shaft0_bg.bsp
0 seconds elapsed
