PRT1
158
481
4 0 75 (368 0 288 ) (192 0 288 ) (192 0 128 ) (368 0 128 ) 
5 0 5 (368 32 128 ) (368 0 128 ) (193.656845 0 128 ) (192 1.656849 128 ) (192 32 128 ) 
4 0 3 (192 176 128 ) (368 176 128 ) (368 32 128 ) (192 32 128 ) 
4 0 2 (192 0 136 ) (192 0 288 ) (192 64 288 ) (192 64 136 ) 
4 0 1 (192 176 288 ) (192 176 128 ) (192 64 128 ) (192 64 288 ) 
4 1 37 (0 128 136 ) (0 128 128 ) (0 64 128 ) (0 64 136 ) 
4 1 36 (0 64 288 ) (0 128 288 ) (0 128 136 ) (0 64 136 ) 
4 1 35 (0 128 288 ) (0 132 288 ) (0 132 128 ) (0 128 128 ) 
4 1 34 (0 132 288 ) (0 176 288 ) (0 176 128 ) (0 132 128 ) 
5 1 10 (6.342997 176 128 ) (17.656733 176 128 ) (120.804001 72.852806 128 ) (119.951164 72 128 ) (110.342987 72 128 ) 
4 1 9 (17.656733 176 128 ) (128 176 128 ) (128 72 128 ) (121.656799 72 128 ) 
4 1 8 (0 72 128 ) (0 176 128 ) (6.342997 176 128 ) (110.342987 72 128 ) 
5 1 7 (128 176 128 ) (160 176 128 ) (160 64 128 ) (129.656799 64 128 ) (128 65.656807 128 ) 
4 1 3 (160 176 128 ) (192 176 128 ) (192 64 128 ) (160 64 128 ) 
4 1 2 (192 64 136 ) (192 64 288 ) (0 64 288 ) (0 64 136 ) 
4 2 76 (192 0 288 ) (0 0 288 ) (0 0 136 ) (192 0 136 ) 
4 2 36 (0 0 136 ) (0 0 288 ) (0 64 288 ) (0 64 136 ) 
4 3 16 (160 64 0 ) (160 128 0 ) (192 128 0 ) (192 64 0 ) 
4 3 15 (368 128 0 ) (368 32 0 ) (192 32 0 ) (192 128 0 ) 
4 3 13 (368 132 0 ) (368 128 0 ) (160 128 0 ) (160 132 0 ) 
4 3 12 (160 176 0 ) (368 176 0 ) (368 132 0 ) (160 132 0 ) 
4 3 7 (160 176 128 ) (160 176 0 ) (160 33.656799 0 ) (160 33.656807 128 ) 
4 3 5 (168 32 0 ) (368 32 0 ) (368 32 128 ) (168 32 128 ) 
4 4 79 (182.343002 0 128 ) (168 0 128 ) (168 0 0 ) (182.343002 0 0 ) 
4 5 85 (368 0 128 ) (193.656845 0 128 ) (193.656845 0 0 ) (368 0 0 ) 
5 5 15 (368 32 0 ) (368 0 0 ) (193.656845 0 0 ) (192 1.656844 0 ) (192 32 0 ) 
4 6 83 (160 0 128 ) (128 0 128 ) (128 0 0 ) (160 0 0 ) 
4 6 11 (128 54.342995 0 ) (128 0 0 ) (128 0 128 ) (128 54.342995 128 ) 
5 7 16 (160 128 0 ) (160 64 0 ) (129.656784 64 0 ) (128 65.656784 0 ) (128 128 0 ) 
4 7 13 (160 132 0 ) (160 128 0 ) (128 128 0 ) (128 132 0 ) 
4 7 12 (128 176 0 ) (160 176 0 ) (160 132 0 ) (128 132 0 ) 
4 7 9 (128 176 128 ) (128 176 0 ) (128 72 0 ) (128 72 128 ) 
4 8 38 (0 72 128 ) (0 128 128 ) (0 128 0 ) (0 72 0 ) 
4 8 35 (0 128 128 ) (0 132 128 ) (0 132 0 ) (0 128 0 ) 
4 8 34 (0 132 128 ) (0 176 128 ) (0 176 0 ) (0 132 0 ) 
5 8 17 (0 72 0 ) (0 128 0 ) (54.342995 128 0 ) (64 118.342995 0 ) (64 72 0 ) 
3 8 16 (64 118.342995 0 ) (110.342987 72 0 ) (64 72 0 ) 
4 8 14 (0 128 0 ) (0 132 0 ) (50.342995 132 0 ) (54.342995 128 0 ) 
4 8 12 (0 132 0 ) (0 176 0 ) (6.342997 176 0 ) (50.342995 132 0 ) 
4 8 10 (110.345703 72 0 ) (6.345703 176 0 ) (6.345707 176 128 ) (110.345703 72 128 ) 
4 9 16 (128 128 0 ) (128 72 0 ) (121.656799 72 0 ) (65.656761 128 0 ) 
4 9 14 (128 132 0 ) (128 128 0 ) (65.656761 128 0 ) (61.656757 132 0 ) 
4 9 12 (17.656733 176 0 ) (128 176 0 ) (128 132 0 ) (61.656757 132 0 ) 
4 9 10 (17.658161 176 128 ) (17.658165 176 0 ) (120.804695 72.853500 0 ) (120.804703 72.853500 128 ) 
3 10 17 (64 118.342987 0 ) (54.342987 128 0 ) (64 128 0 ) 
6 10 16 (65.656769 128 0 ) (120.804001 72.852806 0 ) (119.951164 72 0 ) (110.342987 72 0 ) (64 118.342987 0 ) (64 128 0 ) 
4 10 14 (61.656769 132 0 ) (65.656769 128 0 ) (54.342987 128 0 ) (50.342987 132 0 ) 
4 10 12 (6.342997 176 0 ) (17.656733 176 0 ) (61.656769 132 0 ) (50.342987 132 0 ) 
4 11 84 (128 0 128 ) (0 0 128 ) (0 0 0 ) (128 0 0 ) 
4 11 39 (0 0 0 ) (0 0 128 ) (0 64 128 ) (0 64 0 ) 
4 12 34 (0 132 0 ) (0 176 0 ) (0 176 -768 ) (0 132 -768 ) 
4 12 28 (0 132 -768 ) (0 176 -768 ) (128 176 -768 ) (128 132 -768 ) 
4 12 27 (128 176 -768 ) (368 176 -768 ) (368 132 -768 ) (128 132 -768 ) 
4 12 14 (128 132 -512 ) (128 132 0 ) (0 132 0 ) (0 132 -512 ) 
4 12 13 (128 132 -768 ) (368 132 -768 ) (368 132 0 ) (128 132 0 ) 
4 13 27 (128 132 -768 ) (368 132 -768 ) (368 128 -768 ) (128 128 -768 ) 
4 13 26 (319.987793 128 -768 ) (325.642578 128 -768 ) (146.009018 128 -588.365967 ) (143.181030 128 -591.193909 ) 
5 13 25 (325.642578 128 -768 ) (368 128 -768 ) (368 128 -512 ) (128 128 -512 ) (128 128 -570.356934 ) 
3 13 23 (132 128 -768 ) (319.987793 128 -768 ) (132 128 -580.012939 ) 
4 13 20 (368 128 -512 ) (368 128 -508.507019 ) (128 128 -508.507019 ) (128 128 -512 ) 
4 13 18 (368 128 -508.507019 ) (368 128 -8 ) (128 128 -8 ) (128 128 -508.507019 ) 
4 13 16 (192 128 0 ) (128 128 0 ) (128 128 -8 ) (192 128 -8 ) 
4 13 15 (368 128 -8 ) (368 128 0 ) (192 128 0 ) (192 128 -8 ) 
4 13 14 (128 132 0 ) (128 132 -512 ) (128 128 -512 ) (128 128 0 ) 
4 14 35 (0 128 0 ) (0 132 0 ) (0 132 -512 ) (0 128 -512 ) 
4 14 21 (66.150238 128 -508.507019 ) (64 128 -508.507019 ) (64 128 -511.982788 ) (66.813194 128 -509.169983 ) 
4 14 20 (128 128 -512 ) (128 128 -508.507019 ) (66.150238 128 -508.507019 ) (69.643211 128 -512 ) 
4 14 19 (64 128 -8 ) (0 128 -8 ) (0 128 -508.507019 ) (64 128 -508.507019 ) 
4 14 18 (128 128 -508.507019 ) (128 128 -8 ) (64 128 -8 ) (64 128 -508.507019 ) 
4 14 17 (64 128 0 ) (0 128 0 ) (0 128 -8 ) (64 128 -8 ) 
4 14 16 (128 128 -8 ) (128 128 0 ) (64 128 0 ) (64 128 -8 ) 
4 15 88 (368 0 0 ) (192 0 0 ) (192 0 -8 ) (368 0 -8 ) 
4 15 18 (192 128 -8 ) (368 128 -8 ) (368 0 -8 ) (192 0 -8 ) 
4 15 16 (192 128 0 ) (192 128 -8 ) (192 64 -8 ) (192 64 0 ) 
4 16 18 (64 128 -8 ) (192 128 -8 ) (192 64 -8 ) (64 64 -8 ) 
4 16 17 (64 128 0 ) (64 128 -8 ) (64 64 -8 ) (64 64 0 ) 
4 17 40 (0 64 0 ) (0 128 0 ) (0 128 -8 ) (0 64 -8 ) 
4 17 19 (0 64 -8 ) (0 128 -8 ) (64 128 -8 ) (64 64 -8 ) 
4 18 99 (368 0 -8 ) (68 0 -8 ) (68 0 -508.507019 ) (368 0 -508.507019 ) 
4 18 22 (66.150238 4 -508.507019 ) (66.150238 0 -508.507019 ) (64 0 -508.507019 ) (64 4 -508.507019 ) 
4 18 21 (64 128 -508.507019 ) (66.150230 128 -508.507019 ) (66.150238 4 -508.507019 ) (64 4 -508.507019 ) 
4 18 20 (66.150230 128 -508.507019 ) (368 128 -508.507019 ) (368 0 -508.507019 ) (66.150238 0 -508.507019 ) 
4 18 19 (64 128 -508.507019 ) (64 4 -508.507019 ) (64 4 -8 ) (64 128 -8 ) 
4 19 42 (0 4 -8 ) (0 128 -8 ) (0 128 -508.507019 ) (0 4 -508.507019 ) 
5 20 99 (69.643204 0 -512 ) (368 0 -512 ) (368 0 -508.507019 ) (68 0 -508.507019 ) (68 0 -510.356781 ) 
4 20 25 (69.643204 128 -512 ) (368 128 -512 ) (368 0 -512 ) (69.643219 0 -512 ) 
4 20 22 (66.814201 0 -509.168945 ) (66.152344 0 -508.507019 ) (66.152344 4 -508.507019 ) (66.814201 4 -509.168945 ) 
4 20 21 (66.814201 4 -509.168945 ) (66.152344 4 -508.507019 ) (66.152344 128 -508.507019 ) (66.814224 128 -509.168976 ) 
4 21 22 (66.816109 4 -509.167023 ) (66.156250 4 -508.507019 ) (64 4 -508.507019 ) (64 4 -511.982697 ) 
3 23 91 (132 0 -768 ) (319.987823 0 -768 ) (132 0 -580.013000 ) 
4 23 30 (319.987793 0 -768 ) (132 0 -768 ) (132 4 -768 ) (319.987793 4 -768 ) 
4 23 27 (132 4 -768 ) (132 128 -768 ) (319.987823 128 -768 ) (319.987793 4 -768 ) 
4 23 26 (143.180710 0 -591.194214 ) (319.986877 0 -768 ) (319.986877 128 -768 ) (143.180710 128 -591.194214 ) 
4 24 97 (0 0 -764.507019 ) (0 0 -768 ) (128 0 -768 ) (128 0 -764.507019 ) 
4 24 95 (0 0 -719.473267 ) (0 0 -731.301331 ) (109.842545 0 -701.072021 ) (105.155334 0 -690.533386 ) 
4 24 94 (0 0 -512 ) (0 0 -719.473267 ) (105.155334 0 -690.533386 ) (25.749859 0 -512 ) 
5 24 93 (0 0 -731.301331 ) (0 0 -764.507019 ) (128 0 -764.507019 ) (128 0 -741.896851 ) (109.842545 0 -701.072021 ) 
4 24 92 (128 0 -741.896851 ) (128 0 -576.013000 ) (63.986725 0 -512 ) (25.749859 0 -512 ) 
4 24 49 (0 0 -768 ) (0 0 -764.507019 ) (0 128 -764.507019 ) (0 128 -768 ) 
4 24 47 (0 0 -764.507019 ) (0 0 -512 ) (0 128 -512 ) (0 128 -764.507019 ) 
4 25 99 (325.642548 0 -768 ) (368 0 -768 ) (368 0 -512 ) (69.643188 0 -512 ) 
4 25 30 (368 0 -768 ) (325.642578 0 -768 ) (325.642578 4 -768 ) (368 4 -768 ) 
4 25 27 (325.642578 4 -768 ) (325.642548 128 -768 ) (368 128 -768 ) (368 4 -768 ) 
4 25 26 (146.008743 128 -588.366272 ) (325.642212 128 -768 ) (325.642212 0 -768 ) (146.008743 0 -588.366272 ) 
4 26 100 (319.987823 0 -768 ) (325.642548 0 -768 ) (146.009003 0 -588.366028 ) (143.181000 0 -591.193970 ) 
4 26 30 (325.642578 0 -768 ) (319.987793 0 -768 ) (319.987793 4 -768 ) (325.642578 4 -768 ) 
4 26 27 (319.987793 4 -768 ) (319.987823 128 -768 ) (325.642548 128 -768 ) (325.642578 4 -768 ) 
4 27 30 (368 4 -768 ) (128 4 -768 ) (128 4 -784 ) (368 4 -784 ) 
4 27 29 (368 176 -784 ) (368 4 -784 ) (128 4 -784 ) (128 176 -784 ) 
4 27 28 (128 176 -768 ) (128 176 -784 ) (128 128 -784 ) (128 128 -768 ) 
4 28 66 (0 128 -768 ) (0 176 -768 ) (0 176 -784 ) (0 128 -784 ) 
4 28 29 (0 128 -784 ) (0 176 -784 ) (128 176 -784 ) (128 128 -784 ) 
4 29 67 (0 4 -1368 ) (0 4 -784 ) (0 176 -784 ) (0 176 -1368 ) 
4 29 33 (0 4 -1280 ) (0 4 -1368 ) (60 4 -1368 ) (60 4 -1280 ) 
4 29 32 (60 4 -1368 ) (64 4 -1368 ) (64 4 -1280 ) (60 4 -1280 ) 
4 29 31 (64 4 -1368 ) (128 4 -1368 ) (128 4 -784 ) (64 4 -784 ) 
4 29 30 (128 4 -1368 ) (368 4 -1368 ) (368 4 -784 ) (128 4 -784 ) 
4 30 109 (368 0 -768 ) (128 0 -768 ) (128 0 -1368 ) (368 0 -1368 ) 
4 30 31 (128 4 -784 ) (128 4 -1368 ) (128 0 -1368 ) (128 0 -784 ) 
4 31 110 (64 0 -784 ) (64 0 -1368 ) (128 0 -1368 ) (128 0 -784 ) 
4 31 32 (64 4 -1280 ) (64 4 -1368 ) (64 0 -1368 ) (64 0 -1280 ) 
4 32 111 (60 0 -1280 ) (60 0 -1368 ) (64 0 -1368 ) (64 0 -1280 ) 
4 32 33 (60 4 -1280 ) (60 4 -1368 ) (60 0 -1368 ) (60 0 -1280 ) 
4 33 112 (0 0 -1280 ) (0 0 -1368 ) (60 0 -1368 ) (60 0 -1280 ) 
4 33 68 (0 0 -1368 ) (0 0 -1280 ) (0 4 -1280 ) (0 4 -1368 ) 
4 34 69 (-68 132 -768 ) (-128 132 -768 ) (-128 176 -768 ) (-68 176 -768 ) 
4 34 66 (0 176 -768 ) (0 132 -768 ) (-68 132 -768 ) (-68 176 -768 ) 
4 34 51 (-128 176 -768 ) (-128 132 -768 ) (-128 132 288 ) (-128 176 288 ) 
4 34 35 (0 132 288 ) (-128 132 288 ) (-128 132 -512 ) (0 132 -512 ) 
4 35 51 (-128 128 -512 ) (-128 128 288 ) (-128 132 288 ) (-128 132 -512 ) 
4 35 45 (-64 128 -511.898010 ) (-64 128 -508.507019 ) (-66.265419 128 -508.507019 ) (-66.828415 128 -509.070007 ) 
4 35 44 (-128 128 -508.507019 ) (-128 128 -512 ) (-69.758392 128 -512 ) (-66.265419 128 -508.507019 ) 
4 35 42 (-64 128 -508.507019 ) (0 128 -508.507019 ) (0 128 -8 ) (-64 128 -8 ) 
4 35 43 (-128 128 -8 ) (-128 128 -508.507019 ) (-64 128 -508.507019 ) (-64 128 -8 ) 
4 35 41 (-128 128 0 ) (-128 128 -8 ) (-64 128 -8 ) (-64 128 0 ) 
4 35 40 (-64 128 -8 ) (0 128 -8 ) (0 128 0 ) (-64 128 0 ) 
4 35 38 (-128 128 128 ) (-128 128 0 ) (0 128 0 ) (0 128 128 ) 
4 35 37 (-128 128 136 ) (-128 128 128 ) (0 128 128 ) (0 128 136 ) 
4 35 36 (-128 128 288 ) (-128 128 136 ) (0 128 136 ) (0 128 288 ) 
4 36 116 (0 0 136 ) (0 0 288 ) (-128 0 288 ) (-128 0 136 ) 
4 36 53 (-128 0 136 ) (-128 0 288 ) (-128 64 288 ) (-128 64 136 ) 
4 36 52 (-128 64 288 ) (-128 128 288 ) (-128 128 136 ) (-128 64 136 ) 
4 36 37 (-128 64 136 ) (-128 128 136 ) (0 128 136 ) (0 64 136 ) 
4 37 52 (-128 64 136 ) (-128 128 136 ) (-128 128 128 ) (-128 64 128 ) 
4 37 38 (-128 72 128 ) (-128 128 128 ) (0 128 128 ) (0 72 128 ) 
4 38 52 (-128 72 128 ) (-128 128 128 ) (-128 128 0 ) (-128 72 0 ) 
4 38 41 (-128 72 0 ) (-128 128 0 ) (-64 128 0 ) (-64 72 0 ) 
4 38 40 (-64 128 0 ) (0 128 0 ) (0 72 0 ) (-64 72 0 ) 
4 39 117 (0 0 0 ) (0 0 128 ) (-128 0 128 ) (-128 0 0 ) 
4 40 42 (-64 64 -8 ) (-64 128 -8 ) (0 128 -8 ) (0 64 -8 ) 
4 40 41 (-64 128 -8 ) (-64 64 -8 ) (-64 64 0 ) (-64 128 0 ) 
4 41 56 (-128 64 0 ) (-128 128 0 ) (-128 128 -8 ) (-128 64 -8 ) 
4 41 43 (-128 64 -8 ) (-128 128 -8 ) (-64 128 -8 ) (-64 64 -8 ) 
4 42 43 (-64 128 -508.507019 ) (-64 4 -508.507019 ) (-64 4 -8 ) (-64 128 -8 ) 
4 43 132 (-68 0 -8 ) (-128 0 -8 ) (-128 0 -508.507019 ) (-68 0 -508.507019 ) 
4 43 56 (-128 0 -508.507019 ) (-128 0 -8 ) (-128 128 -8 ) (-128 128 -508.507019 ) 
4 43 46 (-64 0 -508.507019 ) (-66.265419 0 -508.507019 ) (-66.265419 4 -508.507019 ) (-64 4 -508.507019 ) 
4 43 45 (-66.265419 4 -508.507019 ) (-66.265419 128 -508.507019 ) (-64 128 -508.507019 ) (-64 4 -508.507019 ) 
4 43 44 (-66.265419 0 -508.507019 ) (-128 0 -508.507019 ) (-128 128 -508.507019 ) (-66.265419 128 -508.507019 ) 
5 44 132 (-68 0 -508.507019 ) (-128 0 -508.507019 ) (-128 0 -512 ) (-69.758392 0 -512 ) (-68 0 -510.241608 ) 
4 44 56 (-128 0 -512 ) (-128 0 -508.507019 ) (-128 128 -508.507019 ) (-128 128 -512 ) 
4 44 48 (-128 0 -512 ) (-128 128 -512 ) (-69.758392 128 -512 ) (-69.758392 0 -512 ) 
4 44 46 (-66.827499 4 -509.070923 ) (-66.263672 4 -508.507019 ) (-66.263672 0 -508.507019 ) (-66.827499 0 -509.070923 ) 
4 44 45 (-66.827499 128 -509.070923 ) (-66.263672 128 -508.507019 ) (-66.263672 4 -508.507019 ) (-66.827499 4 -509.070923 ) 
4 45 46 (-64 4 -508.507019 ) (-66.269531 4 -508.507019 ) (-66.830460 4 -509.067963 ) (-64 4 -511.898010 ) 
5 47 138 (-128 0 -754.700134 ) (-128 0 -764.507019 ) (-72.882980 0 -764.507019 ) (-21.084419 0 -726.865356 ) (-21.714211 0 -725.449219 ) 
6 47 136 (-5.284145 0 -512 ) (-64.101982 0 -512 ) (-128 0 -575.898010 ) (-128 0 -754.700134 ) (-17.563751 0 -724.306946 ) (-5.284142 0 -715.383423 ) 
3 47 135 (-72.882980 0 -764.507019 ) (-5.284142 0 -764.507019 ) (-5.284142 0 -715.383423 ) 
4 47 134 (0 0 -764.507019 ) (0 0 -512 ) (-5.284145 0 -512 ) (-5.284142 0 -764.507019 ) 
4 47 55 (-128 87.647606 -667.059021 ) (-128 87.647606 -764.507019 ) (-128 39.209301 -764.507019 ) (-128 39.209301 -667.059021 ) 
4 47 50 (-44.443039 0 -764.507019 ) (-128 0 -764.507019 ) (-128 42.254429 -764.507019 ) (-40.292404 12.054300 -764.507019 ) 
5 47 49 (0 0 -764.507019 ) (-5.284145 0 -764.507019 ) (-128 42.254429 -764.507019 ) (-128 128 -764.507019 ) (0 128 -764.507019 ) 
3 48 137 (-69.758392 0 -512 ) (-128 0 -512 ) (-128 0 -570.241882 ) 
4 48 56 (-128 0 -570.241882 ) (-128 0 -512 ) (-128 128 -512 ) (-128 128 -570.241882 ) 
4 49 134 (0 0 -768 ) (0 0 -764.507019 ) (-5.284145 0 -764.507019 ) (-5.284142 0 -768 ) 
4 49 55 (-128 87.647606 -768 ) (-128 42.254425 -768 ) (-128 42.254429 -764.507019 ) (-128 87.647606 -764.507019 ) 
4 49 50 (-40.292622 12.053638 -764.507019 ) (-128 42.253906 -764.507019 ) (-128 42.253906 -768 ) (-40.292557 12.053833 -768 ) 
4 50 144 (-44.443039 0 -764.507019 ) (-128 0 -764.507019 ) (-128 0 -768 ) (-44.443039 0 -768 ) 
4 50 55 (-128 42.254425 -768 ) (-128 39.209301 -768 ) (-128 39.209301 -764.507019 ) (-128 42.254429 -764.507019 ) 
4 51 69 (-128 176 -768 ) (-128 128 -768 ) (-368 128 -768 ) (-368 176 -768 ) 
4 51 63 (-320 128 -768 ) (-132 128 -768 ) (-132 128 -640 ) (-320 128 -640 ) 
4 51 60 (-132 128 -640 ) (-132 128 -624 ) (-320 128 -624 ) (-320 128 -640 ) 
4 51 59 (-146.024017 128 -588.265991 ) (-181.757843 128 -624 ) (-176.101959 128 -624 ) (-143.195953 128 -591.093994 ) 
5 51 58 (-132 128 -574.241882 ) (-132 128 0 ) (-320 128 0 ) (-320 128 -624 ) (-181.757843 128 -624 ) 
3 51 57 (-132 128 -624 ) (-132 128 -579.898071 ) (-176.101959 128 -624 ) 
4 51 56 (-128 128 -570.241882 ) (-128 128 0 ) (-132 128 0 ) (-132 128 -574.241943 ) 
4 51 52 (-128 128 0 ) (-128 128 288 ) (-136 128 288 ) (-136 128 0 ) 
4 51 54 (-136 128 288 ) (-320 128 288 ) (-320 128 0 ) (-136 128 0 ) 
4 51 65 (-368 128 288 ) (-368 128 -768 ) (-320 128 -768 ) (-320 128 288 ) 
4 52 58 (-136 128 0 ) (-132 128 0 ) (-132 64 0 ) (-136 64 0 ) 
4 52 56 (-132 128 0 ) (-128 128 0 ) (-128 64 0 ) (-132 64 0 ) 
4 52 53 (-136 64 288 ) (-136 64 128 ) (-128 64 128 ) (-128 64 288 ) 
4 52 54 (-136 128 288 ) (-136 128 0 ) (-136 64 0 ) (-136 64 288 ) 
4 53 119 (-128 0 128 ) (-128 0 288 ) (-136 0 288 ) (-136 0 128 ) 
4 53 54 (-136 0 128 ) (-136 0 288 ) (-136 64 288 ) (-136 64 128 ) 
4 54 121 (-136 0 288 ) (-320 0 288 ) (-320 0 0 ) (-136 0 0 ) 
4 54 58 (-320 0 0 ) (-320 128 0 ) (-136 128 0 ) (-136 0 0 ) 
4 54 65 (-320 128 288 ) (-320 128 0 ) (-320 0 0 ) (-320 0 288 ) 
4 55 70 (-128 87.647606 -768 ) (-128 39.209301 -768 ) (-132 39.209301 -768 ) (-132 87.647606 -768 ) 
4 55 62 (-132 87.647606 -768 ) (-132 39.209301 -768 ) (-132 39.209301 -667.059021 ) (-132 87.647606 -667.059021 ) 
4 56 148 (-128 0 -570.241882 ) (-128 0 -512 ) (-132 0 -512 ) (-132 0 -574.241943 ) 
4 56 132 (-128 0 -512 ) (-128 0 -8 ) (-132 0 -8 ) (-132 0 -512 ) 
4 56 120 (-128 0 -8 ) (-128 0 0 ) (-132 0 0 ) (-132 0 -8 ) 
4 56 58 (-132 0 0 ) (-132 128 0 ) (-132 128 -574.241943 ) (-132 0 -574.241943 ) 
3 57 147 (-132 0 -624 ) (-132 0 -579.898071 ) (-176.101959 0 -624 ) 
4 57 60 (-176.101959 128 -624 ) (-132 128 -624 ) (-132 96 -624 ) (-176.101959 96 -624 ) 
4 57 61 (-132 32 -624 ) (-132 0 -624 ) (-176.101959 0 -624 ) (-176.101959 32 -624 ) 
4 57 59 (-176.101563 128 -624 ) (-176.101563 0 -624 ) (-143.195786 0 -591.094238 ) (-143.195786 128 -591.094238 ) 
5 58 148 (-132 0 -574.241882 ) (-132 0 -512 ) (-320 0 -512 ) (-320 0 -624 ) (-181.757843 0 -624 ) 
4 58 132 (-132 0 -512 ) (-132 0 -8 ) (-320 0 -8 ) (-320 0 -512 ) 
4 58 120 (-132 0 -8 ) (-132 0 0 ) (-136 0 0 ) (-136 0 -8 ) 
4 58 121 (-136 0 0 ) (-320 0 0 ) (-320 0 -8 ) (-136 0 -8 ) 
4 58 60 (-320 96 -624 ) (-320 128 -624 ) (-181.757843 128 -624 ) (-181.757843 96 -624 ) 
4 58 61 (-320 0 -624 ) (-320 32 -624 ) (-181.757843 32 -624 ) (-181.757843 0 -624 ) 
4 58 59 (-181.755859 0 -624 ) (-181.755859 128 -624 ) (-146.022980 128 -588.267029 ) (-146.022980 0 -588.267029 ) 
4 58 65 (-320 128 0 ) (-320 128 -624 ) (-320 0 -624 ) (-320 0 0 ) 
4 59 149 (-146.024017 0 -588.265991 ) (-181.757843 0 -624 ) (-176.101959 0 -624 ) (-143.195953 0 -591.093994 ) 
4 59 60 (-181.757843 128 -624 ) (-176.101959 128 -624 ) (-176.101959 96 -624 ) (-181.757843 96 -624 ) 
4 59 61 (-176.101959 32 -624 ) (-176.101959 0 -624 ) (-181.757843 0 -624 ) (-181.757843 32 -624 ) 
4 60 63 (-320 100.106003 -640 ) (-320 128 -640 ) (-132 128 -640 ) (-132 100.106003 -640 ) 
4 60 65 (-320 128 -624 ) (-320 128 -640 ) (-320 96 -640 ) (-320 96 -624 ) 
4 61 149 (-176.101959 0 -624 ) (-181.757843 0 -624 ) (-197.757782 0 -640 ) (-192.101974 0 -640 ) 
4 61 148 (-181.757843 0 -624 ) (-320 0 -624 ) (-320 0 -640 ) (-197.757782 0 -640 ) 
4 61 147 (-132 0 -640 ) (-132 0 -624 ) (-176.101959 0 -624 ) (-192.101974 0 -640 ) 
4 61 64 (-320 0 -640 ) (-320 32 -640 ) (-132 32 -640 ) (-132 0 -640 ) 
4 61 65 (-320 32 -640 ) (-320 0 -640 ) (-320 0 -624 ) (-320 32 -624 ) 
4 62 63 (-132.106003 100.106003 -640 ) (-132.106003 128 -640 ) (-132.106003 128 -768 ) (-132.106003 100.106003 -768 ) 
4 62 64 (-132.106003 0 -640 ) (-132.106003 96.105698 -640 ) (-132.106003 96.105698 -768 ) (-132.106003 0 -768 ) 
4 63 71 (-320 100.106003 -768 ) (-320 128 -768 ) (-132 128 -768 ) (-132 100.106003 -768 ) 
4 63 65 (-320 128 -640 ) (-320 128 -768 ) (-320 100.106003 -768 ) (-320 100.106003 -640 ) 
4 64 149 (-192.101990 0 -640 ) (-197.757797 0 -640 ) (-320 0 -762.242798 ) (-320 0 -767.897949 ) 
3 64 148 (-197.757797 0 -640 ) (-320 0 -640 ) (-320 0 -762.242798 ) 
5 64 147 (-320 0 -768 ) (-132 0 -768 ) (-132 0 -640 ) (-192.101990 0 -640 ) (-320 0 -767.897949 ) 
4 64 72 (-132 0 -768 ) (-320 0 -768 ) (-320 32 -768 ) (-132 32 -768 ) 
4 64 65 (-320 96.105698 -768 ) (-320 0 -768 ) (-320 0 -640 ) (-320 96.105698 -640 ) 
3 65 149 (-325.757141 0 -768 ) (-320 0 -768 ) (-320 0 -762.242859 ) 
5 65 148 (-368 0 -768 ) (-325.757141 0 -768 ) (-320 0 -762.242859 ) (-320 0 -512 ) (-368 0 -512 ) 
4 65 132 (-320 0 -512 ) (-320 0 -8 ) (-368 0 -8 ) (-368 0 -512 ) 
4 65 121 (-320 0 -8 ) (-320 0 288 ) (-368 0 288 ) (-368 0 -8 ) 
4 65 73 (-320 0 -768 ) (-368 0 -768 ) (-368 128 -768 ) (-320 128 -768 ) 
4 66 69 (-68 128 -768 ) (-68 176 -768 ) (-68 176 -784 ) (-68 128 -784 ) 
4 66 67 (-68 128 -784 ) (-68 176 -784 ) (0 176 -784 ) (0 128 -784 ) 
4 67 74 (-68 4 -1368 ) (-68 4 -784 ) (-68 128 -784 ) (-68 128 -1368 ) 
4 67 69 (-68 128 -784 ) (-68 176 -784 ) (-68 176 -1368 ) (-68 128 -1368 ) 
4 67 68 (-68 4 -1280 ) (-68 4 -1368 ) (0 4 -1368 ) (0 4 -1280 ) 
4 68 151 (0 0 -1368 ) (0 0 -1280 ) (-68 0 -1280 ) (-68 0 -1368 ) 
4 68 74 (-68 0 -1368 ) (-68 0 -1280 ) (-68 4 -1280 ) (-68 4 -1368 ) 
4 69 71 (-320 128 -784 ) (-132 128 -784 ) (-132 128 -768 ) (-320 128 -768 ) 
4 69 70 (-132 128 -784 ) (-128 128 -784 ) (-128 128 -768 ) (-132 128 -768 ) 
4 69 73 (-368 128 -768 ) (-368 128 -784 ) (-320 128 -784 ) (-320 128 -768 ) 
4 69 74 (-368 128 -784 ) (-368 128 -1368 ) (-68 128 -1368 ) (-68 128 -784 ) 
4 70 152 (-128 0 -768 ) (-132 0 -768 ) (-132 0 -784 ) (-128 0 -784 ) 
4 70 71 (-132 128 -768 ) (-132 128 -784 ) (-132 96 -784 ) (-132 96 -768 ) 
4 70 72 (-132 32 -784 ) (-132 0 -784 ) (-132 0 -768 ) (-132 32 -768 ) 
4 70 74 (-132 128 -784 ) (-128 128 -784 ) (-128 0 -784 ) (-132 0 -784 ) 
4 71 73 (-320 128 -768 ) (-320 128 -784 ) (-320 96 -784 ) (-320 96 -768 ) 
4 71 74 (-320 128 -784 ) (-132 128 -784 ) (-132 96 -784 ) (-320 96 -784 ) 
4 72 152 (-132 0 -768 ) (-320 0 -768 ) (-320 0 -784 ) (-132 0 -784 ) 
4 72 74 (-132 32 -784 ) (-132 0 -784 ) (-320 0 -784 ) (-320 32 -784 ) 
4 72 73 (-320 32 -784 ) (-320 0 -784 ) (-320 0 -768 ) (-320 32 -768 ) 
4 73 152 (-320 0 -768 ) (-368 0 -768 ) (-368 0 -784 ) (-320 0 -784 ) 
4 73 74 (-368 0 -784 ) (-368 128 -784 ) (-320 128 -784 ) (-320 0 -784 ) 
4 74 153 (-68 0 -1368 ) (-68 0 -1280 ) (-72 0 -1280 ) (-72 0 -1368 ) 
4 74 154 (-72 0 -784 ) (-368 0 -784 ) (-368 0 -1368 ) (-72 0 -1368 ) 
4 75 86 (200 -6.343146 128 ) (368 -174.343033 128 ) (368 -185.656998 128 ) (194.342987 -12 128 ) 
3 75 85 (193.656845 0 128 ) (368 0 128 ) (368 -174.343033 128 ) 
5 75 81 (368 -185.656998 128 ) (368 -192 128 ) (192 -192 128 ) (192 -160 128 ) (342.343018 -160 128 ) 
4 75 80 (195.195984 -115.147011 128 ) (246.342987 -64 128 ) (252 -69.657005 128 ) (200.852997 -120.804016 128 ) 
3 75 79 (192 -118.343002 128 ) (192 -9.657013 128 ) (246.342987 -64 128 ) 
4 75 78 (192 -160 128 ) (192 -129.657013 128 ) (252 -69.657005 128 ) (342.343018 -160 128 ) 
4 75 77 (192 -192 128 ) (368 -192 128 ) (368 -192 288 ) (192 -192 288 ) 
4 75 76 (192 -192 136 ) (192 -192 288 ) (192 0 288 ) (192 0 136 ) 
4 76 116 (0 0 288 ) (0 0 136 ) (0 -192 136 ) (0 -192 288 ) 
4 76 77 (192 -192 136 ) (192 -192 288 ) (0 -192 288 ) (0 -192 136 ) 
4 77 122 (0 -192 128 ) (0 -200 128 ) (0 -200 288 ) (0 -192 288 ) 
4 77 124 (0 -200 128 ) (0 -272 128 ) (0 -272 288 ) (0 -200 288 ) 
4 77 87 (0 -272 128 ) (0 -200 128 ) (368 -200 128 ) (368 -272 128 ) 
5 77 82 (129.656998 -192 128 ) (160 -192 128 ) (160 -200 128 ) (128 -200 128 ) (128 -193.656998 128 ) 
4 77 81 (160 -192 128 ) (368 -192 128 ) (368 -200 128 ) (160 -200 128 ) 
4 78 88 (252 -69.656998 0 ) (342.343018 -160 0 ) (192 -160 0 ) (192 -129.657013 0 ) 
4 78 86 (342.343750 -160 0 ) (252 -69.656631 0 ) (252 -69.656631 128 ) (342.343750 -160 128 ) 
4 78 81 (168 -160 0 ) (342.345337 -160 0 ) (342.345337 -160 128 ) (168 -160 128 ) 
4 78 80 (252 -69.656441 128 ) (252 -69.656441 0 ) (200.852615 -120.803635 0 ) (200.852615 -120.803627 128 ) 
3 79 88 (192 -9.656998 0 ) (246.343002 -64 0 ) (192 -118.343002 0 ) 
4 79 86 (246.343369 -64 0 ) (194.343369 -12 0 ) (194.343369 -12 128 ) (246.343369 -64 128 ) 
4 79 80 (195.196365 -115.147385 0 ) (246.343567 -64 0 ) (246.343567 -64 128 ) (195.196365 -115.147385 128 ) 
4 80 88 (246.343002 -64 0 ) (252 -69.656998 0 ) (200.852997 -120.804008 0 ) (195.195999 -115.147011 0 ) 
4 80 86 (252 -69.656631 0 ) (246.343369 -64 0 ) (246.343369 -64 128 ) (252 -69.656631 128 ) 
4 81 90 (368 -192 0 ) (368 -200 0 ) (160 -200 0 ) (160 -192 0 ) 
5 81 88 (342.343018 -160 0 ) (368 -185.656998 0 ) (368 -192 0 ) (192 -192 0 ) (192 -160 0 ) 
4 81 87 (160 -200 0 ) (368 -200 0 ) (368 -200 128 ) (160 -200 128 ) 
4 81 86 (368 -185.656250 128 ) (368 -185.656250 0 ) (342.343750 -160 0 ) (342.343750 -160 128 ) 
4 81 82 (160 -161.657028 0 ) (160 -200 0 ) (160 -200 128 ) (160 -161.657028 128 ) 
5 82 90 (160 -192 0 ) (160 -200 0 ) (128 -200 0 ) (128 -193.657013 0 ) (129.657013 -192 0 ) 
4 82 87 (128 -200 0 ) (160 -200 0 ) (160 -200 128 ) (128 -200 128 ) 
4 83 84 (128 0 0 ) (128 -182.342987 0 ) (128 -182.342987 128 ) (128 0 128 ) 
4 84 117 (0 0 128 ) (0 0 0 ) (0 -192 0 ) (0 -192 128 ) 
4 84 89 (0 -128 0 ) (0 0 0 ) (64 0 0 ) (64 -128 0 ) 
3 85 88 (193.656845 0 0 ) (368 0 0 ) (368 -174.343033 0 ) 
4 85 86 (200 -6.343415 0 ) (368 -174.341812 0 ) (368 -174.341812 128 ) (200 -6.342545 128 ) 
4 86 88 (200 -6.343146 0 ) (368 -174.343033 0 ) (368 -185.656998 0 ) (194.343018 -12 0 ) 
4 87 124 (0 -200 0 ) (0 -272 0 ) (0 -272 128 ) (0 -200 128 ) 
4 87 90 (0 -272 0 ) (0 -200 0 ) (368 -200 0 ) (368 -272 0 ) 
4 88 104 (368 -132 -8 ) (368 -192 -8 ) (192 -192 -8 ) (192 -132 -8 ) 
4 88 103 (368 -128 -8 ) (368 -132 -8 ) (192 -132 -8 ) (192 -128 -8 ) 
4 88 99 (192 0 -8 ) (368 0 -8 ) (368 -128 -8 ) (192 -128 -8 ) 
4 88 90 (192 -192 -8 ) (368 -192 -8 ) (368 -192 0 ) (192 -192 0 ) 
4 89 118 (0 0 0 ) (0 0 -8 ) (0 -128 -8 ) (0 -128 0 ) 
4 89 101 (0 -128 -8 ) (0 0 -8 ) (64 0 -8 ) (64 -128 -8 ) 
4 90 123 (0 -192 -8 ) (0 -200 -8 ) (0 -200 0 ) (0 -192 0 ) 
4 90 124 (0 -200 -8 ) (0 -272 -8 ) (0 -272 0 ) (0 -200 0 ) 
4 90 104 (0 -272 -8 ) (0 -192 -8 ) (368 -192 -8 ) (368 -272 -8 ) 
4 91 109 (132 0 -768 ) (319.987823 0 -768 ) (319.987793 -128 -768 ) (132 -128 -768 ) 
3 91 105 (132 -128 -768 ) (319.987823 -128 -768 ) (132 -128 -580.012939 ) 
4 91 100 (143.180939 -128 -591.194031 ) (319.987732 -128 -768 ) (319.987732 0 -768 ) (143.180939 0 -591.194031 ) 
4 92 127 (0 0 -448.013489 ) (0 0 -454.104614 ) (0 -128 -511.536133 ) (0 -128 -448.013489 ) 
4 92 102 (0 -128 -448.013672 ) (64 -128 -512.013367 ) (64 0 -512.013367 ) (0 0 -448.013672 ) 
3 92 98 (128 -50.392265 -764.507019 ) (128 -128 -764.507019 ) (112.512672 -128 -764.507019 ) 
4 92 96 (43.996681 -128 -610.458862 ) (39.310066 -128 -599.921631 ) (53.504414 -100.406731 -619.455017 ) (55.315475 -105.996902 -626.035217 ) 
4 92 95 (93.729111 -22.211456 -674.809875 ) (105.154976 0 -690.533447 ) (109.842239 0 -701.072144 ) (95.540558 -27.801647 -681.390930 ) 
4 92 94 (39.310066 -128 -599.921631 ) (0 -128 -511.538330 ) (0 0 -454.106689 ) (105.154976 0 -690.533447 ) 
5 92 93 (128 0 -741.897461 ) (128 -50.390625 -764.507019 ) (112.512352 -128 -764.507019 ) (43.996681 -128 -610.458862 ) (109.842239 0 -701.072144 ) 
4 93 139 (0 -37.490341 -764.507019 ) (0 -128 -764.507019 ) (0 -128 -622.566956 ) (0 -8.733887 -723.882019 ) 
4 93 135 (0 -1.819476 -764.507019 ) (0 -37.490341 -764.507019 ) (0 -8.733887 -723.882019 ) (0 -1.819481 -729.755737 ) 
4 93 134 (0 0 -731.301331 ) (0 0 -764.507019 ) (0 -1.819476 -764.507019 ) (0 -1.819481 -729.755737 ) 
5 93 98 (128 -45.893379 -764.507019 ) (128 -50.392265 -764.507019 ) (112.512672 -128 -764.507019 ) (46.858459 -128 -764.507019 ) (80.734001 -29.618404 -764.507019 ) 
4 93 97 (0 0 -764.507019 ) (128 0 -764.507019 ) (128 -45.893379 -764.507019 ) (0 -1.819481 -764.507019 ) 
4 93 96 (44 -128 -610.456787 ) (55.318298 -105.996918 -626.033142 ) (0 -94.956749 -650.635620 ) (0 -128 -622.565735 ) 
4 93 95 (95.543167 -27.801613 -681.388916 ) (109.844749 0 -701.070190 ) (0 0 -731.300415 ) (0 -8.733447 -723.881470 ) 
5 94 136 (0 -3.505357 -716.495544 ) (0 -128 -610.740173 ) (0 -128 -512 ) (0 -1.819481 -512 ) (0 -1.819476 -714.113892 ) 
3 94 135 (0 -1.819476 -717.927673 ) (0 -3.505357 -716.495544 ) (0 -1.819476 -714.113892 ) 
4 94 134 (0 0 -512 ) (0 0 -719.473267 ) (0 -1.819476 -717.927673 ) (0 -1.819481 -512 ) 
4 94 127 (0 0 -454.104614 ) (0 0 -512 ) (0 -128 -512 ) (0 -128 -511.536133 ) 
4 94 96 (53.508984 -100.408333 -619.453979 ) (39.315529 -128 -599.921692 ) (0 -128 -610.741821 ) (0 -89.729355 -643.251953 ) 
4 94 95 (105.160133 0 -690.533630 ) (93.733498 -22.213043 -674.808899 ) (0 -3.506157 -716.496704 ) (0 0 -719.475098 ) 
4 95 135 (0 -1.819476 -729.755737 ) (0 -8.733861 -723.882019 ) (0 -3.505348 -716.495544 ) (0 -1.819476 -717.927673 ) 
4 95 134 (0 0 -719.473267 ) (0 0 -731.301331 ) (0 -1.819476 -729.755737 ) (0 -1.819476 -717.927673 ) 
4 96 140 (0 -94.957245 -650.636353 ) (0 -128 -622.566956 ) (0 -128 -610.740173 ) (0 -89.728600 -643.250854 ) 
4 97 134 (0 0 -764.507019 ) (0 0 -768 ) (0 -1.819476 -768 ) (0 -1.819481 -764.507019 ) 
4 97 112 (0 -1.819481 -768 ) (0 0 -768 ) (60 0 -768 ) (60 -22.479118 -768 ) 
4 97 98 (80.734276 -29.617579 -768 ) (128 -45.892578 -768 ) (128 -45.892578 -764.507019 ) (80.734253 -29.617687 -764.507019 ) 
3 98 112 (60 -128 -768 ) (46.858467 -128 -768 ) (60 -89.834259 -768 ) 
4 99 109 (325.642548 0 -768 ) (368 0 -768 ) (368 -128 -768 ) (325.642578 -128 -768 ) 
5 99 105 (325.642548 -128 -768 ) (368 -128 -768 ) (368 -128 -512 ) (128 -128 -512 ) (128 -128 -570.356934 ) 
5 99 103 (368 -128 -512 ) (368 -128 -8 ) (68 -128 -8 ) (68 -128 -510.356812 ) (69.643181 -128 -512 ) 
4 99 100 (325.644165 0 -768 ) (325.644165 -128 -768 ) (146.009720 -128 -588.365295 ) (146.009720 0 -588.365295 ) 
4 100 109 (319.987823 0 -768 ) (325.642548 0 -768 ) (325.642578 -128 -768 ) (319.987793 -128 -768 ) 
4 100 105 (319.987823 -128 -768 ) (325.642548 -128 -768 ) (146.009003 -128 -588.366028 ) (143.181046 -128 -591.193909 ) 
4 101 126 (0 0 -8 ) (0 0 -442.356628 ) (0 -128 -442.356628 ) (0 -128 -8 ) 
4 101 102 (64 -128 -506.355469 ) (0 -128 -442.355286 ) (0 0 -442.355286 ) (64 0 -506.355469 ) 
4 102 127 (0 0 -442.356628 ) (0 0 -448.013489 ) (0 -128 -448.013489 ) (0 -128 -442.356628 ) 
4 103 105 (128 -128 -512 ) (368 -128 -512 ) (368 -132 -512 ) (128 -132 -512 ) 
4 103 104 (64 -132 -512 ) (368 -132 -512 ) (368 -132 -8 ) (64 -132 -8 ) 
4 104 129 (0 -136 -8 ) (0 -132 -8 ) (0 -132 -447.898041 ) (0 -136 -447.898041 ) 
4 104 128 (0 -132 -447.898041 ) (0 -132 -512 ) (0 -136 -512 ) (0 -136 -447.898041 ) 
4 104 133 (0 -272 -8 ) (0 -136 -8 ) (0 -136 -512 ) (0 -272 -512 ) 
4 104 106 (0 -272 -512 ) (0 -132 -512 ) (128 -132 -512 ) (128 -272 -512 ) 
4 104 105 (128 -132 -512 ) (368 -132 -512 ) (368 -272 -512 ) (128 -272 -512 ) 
4 105 113 (128 -128 -768 ) (368 -128 -768 ) (368 -272 -768 ) (128 -272 -768 ) 
4 105 108 (128 -176.939362 -764.507019 ) (128 -132 -764.507019 ) (128 -132 -768 ) (128 -176.939362 -768 ) 
4 105 107 (128 -272 -768 ) (128 -272 -764.507019 ) (128 -176.939362 -764.507019 ) (128 -176.939362 -768 ) 
4 105 106 (128 -272 -764.507019 ) (128 -272 -512 ) (128 -132 -512 ) (128 -132 -764.507019 ) 
4 106 141 (0 -136 -512 ) (0 -132 -512 ) (0 -132 -764.507019 ) (0 -136 -764.507019 ) 
4 106 150 (0 -272 -764.507019 ) (0 -272 -512 ) (0 -136 -512 ) (0 -136 -764.507019 ) 
4 106 108 (128 -132 -764.507019 ) (128 -176.939362 -764.507019 ) (40.394043 -146.774017 -764.507019 ) (45.481155 -132 -764.507019 ) 
4 106 107 (128 -176.939362 -764.507019 ) (128 -272 -764.507019 ) (0 -272 -764.507019 ) (0 -132.865143 -764.507019 ) 
4 107 145 (0 -132.865143 -768 ) (0 -136 -768 ) (0 -136 -764.507019 ) (0 -132.865143 -764.507019 ) 
4 107 150 (0 -136 -768 ) (0 -272 -768 ) (0 -272 -764.507019 ) (0 -136 -764.507019 ) 
4 107 115 (0 -272 -768 ) (0 -132.865143 -768 ) (60 -153.524933 -768 ) (60 -272 -768 ) 
4 107 113 (60 -153.524933 -768 ) (128 -176.939362 -768 ) (128 -272 -768 ) (60 -272 -768 ) 
4 107 108 (40.394543 -146.772568 -764.507019 ) (128 -176.937744 -764.507019 ) (128 -176.937744 -768 ) (40.394547 -146.772568 -768 ) 
4 108 115 (45.481155 -132 -768 ) (60 -132 -768 ) (60 -153.524933 -768 ) (40.394043 -146.774017 -768 ) 
4 108 113 (60 -132 -768 ) (128 -132 -768 ) (128 -176.939362 -768 ) (60 -153.524933 -768 ) 
4 109 113 (128 -128 -1368 ) (368 -128 -1368 ) (368 -128 -768 ) (128 -128 -768 ) 
4 109 110 (128 0 -1368 ) (128 -128 -1368 ) (128 -128 -784 ) (128 0 -784 ) 
4 110 113 (64 -128 -1368 ) (128 -128 -1368 ) (128 -128 -784 ) (64 -128 -784 ) 
4 110 111 (64 0 -1368 ) (64 -128 -1368 ) (64 -128 -1280 ) (64 0 -1280 ) 
4 111 113 (60 -128 -1368 ) (64 -128 -1368 ) (64 -128 -1280 ) (60 -128 -1280 ) 
4 111 112 (60 0 -1368 ) (60 -128 -1368 ) (60 -128 -1280 ) (60 0 -1280 ) 
4 112 151 (0 0 -768 ) (0 0 -1368 ) (0 -128 -1368 ) (0 -128 -768 ) 
4 112 114 (0 -128 -1368 ) (60 -128 -1368 ) (60 -128 -1280 ) (0 -128 -1280 ) 
4 113 114 (60 -128 -1280 ) (60 -128 -1368 ) (60 -132 -1368 ) (60 -132 -1280 ) 
4 113 115 (60 -132 -1368 ) (60 -272 -1368 ) (60 -272 -768 ) (60 -132 -768 ) 
4 114 155 (0 -128 -1368 ) (0 -132 -1368 ) (0 -132 -1280 ) (0 -128 -1280 ) 
4 114 115 (0 -132 -1368 ) (60 -132 -1368 ) (60 -132 -1280 ) (0 -132 -1280 ) 
4 115 157 (0 -132 -1368 ) (0 -272 -1368 ) (0 -272 -768 ) (0 -132 -768 ) 
4 116 122 (0 -192 136 ) (0 -192 288 ) (-128 -192 288 ) (-128 -192 136 ) 
4 116 119 (-128 0 288 ) (-128 0 136 ) (-128 -192 136 ) (-128 -192 288 ) 
4 117 118 (-64 -128 0 ) (-64 0 0 ) (0 0 0 ) (0 -128 0 ) 
4 118 126 (-64 0 -8 ) (0 0 -8 ) (0 -128 -8 ) (-64 -128 -8 ) 
4 119 125 (-128 -192 128 ) (-128 -192 288 ) (-136 -192 288 ) (-136 -192 128 ) 
4 119 121 (-136 -192 128 ) (-136 -192 288 ) (-136 0 288 ) (-136 0 128 ) 
4 120 132 (-136 0 -8 ) (-128 0 -8 ) (-128 -136 -8 ) (-136 -136 -8 ) 
4 120 133 (-128 -136 -8 ) (-128 -192 -8 ) (-136 -192 -8 ) (-136 -136 -8 ) 
4 120 125 (-136 -192 -8 ) (-128 -192 -8 ) (-128 -192 0 ) (-136 -192 0 ) 
4 120 121 (-136 0 -8 ) (-136 -192 -8 ) (-136 -192 0 ) (-136 0 0 ) 
4 121 132 (-368 0 -8 ) (-136 0 -8 ) (-136 -136 -8 ) (-368 -136 -8 ) 
4 121 133 (-136 -136 -8 ) (-136 -192 -8 ) (-368 -192 -8 ) (-368 -136 -8 ) 
4 121 125 (-368 -192 -8 ) (-136 -192 -8 ) (-136 -192 288 ) (-368 -192 288 ) 
4 122 125 (-128 -200 288 ) (-128 -192 288 ) (-128 -192 128 ) (-128 -200 128 ) 
4 122 124 (-128 -200 288 ) (-128 -200 128 ) (0 -200 128 ) (0 -200 288 ) 
4 123 133 (-128 -192 -8 ) (0 -192 -8 ) (0 -200 -8 ) (-128 -200 -8 ) 
4 123 124 (-128 -200 0 ) (-128 -200 -8 ) (0 -200 -8 ) (0 -200 0 ) 
4 123 125 (-128 -192 0 ) (-128 -192 -8 ) (-128 -200 -8 ) (-128 -200 0 ) 
4 124 133 (0 -200 -8 ) (0 -272 -8 ) (-128 -272 -8 ) (-128 -200 -8 ) 
4 124 125 (-128 -272 -8 ) (-128 -272 288 ) (-128 -200 288 ) (-128 -200 -8 ) 
4 125 133 (-368 -192 -8 ) (-128 -192 -8 ) (-128 -272 -8 ) (-368 -272 -8 ) 
4 126 127 (0 -128 -442.246094 ) (-64 -128 -506.246094 ) (-64 0 -506.246094 ) (0 0 -442.246094 ) 
5 127 136 (-64 0 -512 ) (-5.284145 0 -512 ) (0 -1.819476 -512 ) (0 -128 -512 ) (-64 -128 -512 ) 
3 127 134 (-5.284145 0 -512 ) (0 0 -512 ) (0 -1.819476 -512 ) 
4 128 141 (0 -132 -512 ) (0 -136 -512 ) (-64.101974 -136 -512 ) (-64.101974 -132 -512 ) 
4 128 129 (-64.105469 -132 -512 ) (-64.105469 -136 -512 ) (0 -136 -447.894562 ) (0 -132 -447.894531 ) 
3 128 133 (-64.101974 -136 -512 ) (0 -136 -512 ) (0 -136 -447.898041 ) 
4 129 130 (-64 -132 -511.896484 ) (-64 -136 -511.896484 ) (-64 -136 -8 ) (-64 -132 -8 ) 
4 129 133 (-64 -136 -511.898010 ) (0 -136 -447.898041 ) (0 -136 -8 ) (-64 -136 -8 ) 
4 130 132 (-68 -136 -507.898560 ) (-68 -136 -8 ) (-68 -128 -8 ) (-68 -128 -507.898560 ) 
4 130 131 (-68 -136 -507.902344 ) (-68 -128 -507.902344 ) (-66.829811 -128 -509.071381 ) (-66.829811 -136 -509.071381 ) 
4 130 133 (-64 -136 -511.898010 ) (-64 -136 -8 ) (-68 -136 -8 ) (-68 -136 -507.898560 ) 
4 131 132 (-68 -136 -510.241577 ) (-68 -136 -507.898560 ) (-68 -128 -507.898560 ) (-68 -128 -510.241577 ) 
3 131 133 (-66.828407 -136 -509.070007 ) (-68 -136 -507.898560 ) (-68 -136 -510.241577 ) 
4 132 148 (-368 -136 -512 ) (-368 0 -512 ) (-128 0 -512 ) (-128 -136 -512 ) 
4 132 142 (-69.758400 -132 -512 ) (-69.758400 -136 -512 ) (-128 -136 -512 ) (-128 -132 -512 ) 
4 132 137 (-128 0 -512 ) (-69.758392 0 -512 ) (-69.758400 -128 -512 ) (-128 -128 -512 ) 
5 132 133 (-368 -136 -8 ) (-368 -136 -512 ) (-69.758392 -136 -512 ) (-68 -136 -510.241608 ) (-68 -136 -8 ) 
4 133 150 (0 -272 -512 ) (-368 -272 -512 ) (-368 -136 -512 ) (0 -136 -512 ) 
3 134 151 (-5.284142 0 -768 ) (0 0 -768 ) (0 -1.819476 -768 ) 
4 134 136 (0 -1.819988 -714.114563 ) (0 -1.819977 -512 ) (-5.285614 0 -512 ) (-5.285638 0 -715.384460 ) 
4 134 135 (0 -1.819991 -764.507019 ) (0 -1.819988 -714.114563 ) (-5.285638 0 -715.384460 ) (-5.285644 0 -764.507019 ) 
3 135 144 (-72.882965 0 -764.507019 ) (-44.443043 0 -764.507019 ) (-48.722363 -12.427998 -764.507019 ) 
4 135 139 (-10.726692 -31.973492 -764.507019 ) (0 -37.491203 -764.507019 ) (0 -8.734600 -723.881409 ) (-19.517212 -4.839321 -732.561584 ) 
3 135 138 (-72.884651 0 -764.507019 ) (-10.726692 -31.973492 -764.507019 ) (-21.084982 0 -726.864197 ) 
4 135 136 (0 -3.506096 -716.494873 ) (0 -1.819977 -714.112854 ) (-5.285614 0 -715.382751 ) (-17.567352 0 -724.307922 ) 
4 136 140 (0 -128 -610.741455 ) (-87.557816 -128 -634.838257 ) (-61.552002 -77.444710 -670.626282 ) (0 -89.729004 -643.251465 ) 
4 136 138 (-87.557816 -128 -634.838257 ) (-128 -128 -645.968384 ) (-128 0 -754.700256 ) (-21.714172 0 -725.449341 ) 
4 137 148 (-128 -128 -512 ) (-128 0 -512 ) (-128 0 -570.241882 ) (-128 -128 -570.241882 ) 
5 138 144 (-128 -88.790924 -764.507019 ) (-128 0 -764.507019 ) (-72.882965 0 -764.507019 ) (-48.722363 -12.427999 -764.507019 ) (-80.632355 -105.101021 -764.507019 ) 
4 138 143 (-128 -128 -764.507019 ) (-128 -88.790924 -764.507019 ) (-28.879425 -122.921097 -764.507019 ) (-29.893150 -128 -764.507019 ) 
4 138 140 (-61.553711 -77.443504 -670.625854 ) (-87.560547 -128 -634.835938 ) (-82.874046 -128 -645.374329 ) (-59.743011 -83.033958 -677.206604 ) 
4 138 139 (-82.874046 -128 -645.374329 ) (-29.894863 -128 -764.507019 ) (-10.728521 -31.973724 -764.507019 ) (-19.519108 -4.839905 -732.561646 ) 
3 139 143 (-14.129316 -128 -764.507019 ) (-29.893150 -128 -764.507019 ) (-28.879425 -122.921097 -764.507019 ) 
4 139 140 (-59.744003 -83.034431 -677.208008 ) (-82.875000 -128 -645.375000 ) (0 -128 -622.567383 ) (0 -94.957809 -650.637146 ) 
4 141 146 (-128 -136 -764.507019 ) (-128 -136 -575.898010 ) (-128 -132 -575.898010 ) (-128 -132 -764.507019 ) 
5 141 145 (-128 -136 -764.507019 ) (-128 -132 -764.507019 ) (-2.512543 -132 -764.507019 ) (0 -132.865143 -764.507019 ) (0 -136 -764.507019 ) 
5 141 150 (0 -136 -512 ) (-64.101982 -136 -512 ) (-128 -136 -575.898010 ) (-128 -136 -764.507019 ) (0 -136 -764.507019 ) 
4 142 148 (-128 -136 -570.241882 ) (-128 -136 -512 ) (-128 -132 -512 ) (-128 -132 -570.241882 ) 
3 142 150 (-69.758392 -136 -512 ) (-128 -136 -512 ) (-128 -136 -570.241882 ) 
3 143 151 (-14.129319 -128 -768 ) (-68 -128 -768 ) (-68 -109.450714 -768 ) 
4 143 144 (-80.631920 -105.099739 -768 ) (-128 -88.789063 -768 ) (-128 -88.789063 -764.507019 ) (-80.631912 -105.099739 -764.507019 ) 
3 144 151 (-68 0 -768 ) (-44.443039 0 -768 ) (-68 -68.414116 -768 ) 
5 145 157 (0 -132.865143 -768 ) (0 -136 -768 ) (-128 -136 -768 ) (-128 -132 -768 ) (-2.512543 -132 -768 ) 
4 145 146 (-128 -132 -768 ) (-128 -136 -768 ) (-128 -136 -764.507019 ) (-128 -132 -764.507019 ) 
4 145 150 (-128 -136 -764.507019 ) (-128 -136 -768 ) (0 -136 -768 ) (0 -136 -764.507019 ) 
4 146 157 (-128 -132 -768 ) (-128 -136 -768 ) (-132 -136 -768 ) (-132 -132 -768 ) 
4 146 156 (-128 -128 -768 ) (-128 -132 -768 ) (-132 -132 -768 ) (-132 -128 -768 ) 
4 146 147 (-132 -128 -768 ) (-132 -136 -768 ) (-132 -136 -579.896484 ) (-132 -128 -579.896484 ) 
4 146 150 (-132 -136 -768 ) (-128 -136 -768 ) (-128 -136 -575.898010 ) (-132 -136 -579.898010 ) 
4 147 157 (-132 -132 -768 ) (-132 -136 -768 ) (-320.102020 -136 -768 ) (-320.102020 -132 -768 ) 
4 147 156 (-132 -128 -768 ) (-132 -132 -768 ) (-320.102020 -132 -768 ) (-320.102020 -128 -768 ) 
4 147 152 (-320.102020 0 -768 ) (-132 0 -768 ) (-132 -128 -768 ) (-320.102020 -128 -768 ) 
4 147 149 (-320.098053 0 -768 ) (-320.098053 -136 -768 ) (-143.194763 -136 -591.095215 ) (-143.194717 0 -591.095276 ) 
3 147 150 (-320.102020 -136 -768 ) (-132 -136 -768 ) (-132 -136 -579.898010 ) 
4 148 157 (-368 -136 -768 ) (-368 -132 -768 ) (-325.757141 -132 -768 ) (-325.757141 -136 -768 ) 
4 148 156 (-368 -132 -768 ) (-368 -128 -768 ) (-325.757141 -128 -768 ) (-325.757141 -132 -768 ) 
4 148 152 (-368 -128 -768 ) (-368 0 -768 ) (-325.757141 0 -768 ) (-325.757141 -128 -768 ) 
4 148 149 (-146.021912 -136 -588.268066 ) (-325.752991 -136 -768 ) (-325.752991 0 -768 ) (-146.021912 0 -588.268066 ) 
5 148 150 (-128 -136 -512 ) (-368 -136 -512 ) (-368 -136 -768 ) (-325.757141 -136 -768 ) (-128 -136 -570.241882 ) 
4 149 157 (-320.102020 -132 -768 ) (-320.102020 -136 -768 ) (-325.757141 -136 -768 ) (-325.757141 -132 -768 ) 
4 149 156 (-320.102020 -128 -768 ) (-320.102020 -132 -768 ) (-325.757141 -132 -768 ) (-325.757141 -128 -768 ) 
4 149 152 (-325.757141 0 -768 ) (-320.102020 0 -768 ) (-320.102020 -128 -768 ) (-325.757141 -128 -768 ) 
4 149 150 (-325.757141 -136 -768 ) (-320.102020 -136 -768 ) (-143.195999 -136 -591.093994 ) (-146.024017 -136 -588.265991 ) 
4 150 157 (-368 -272 -768 ) (-368 -136 -768 ) (0 -136 -768 ) (0 -272 -768 ) 
4 151 155 (-68 -128 -1368 ) (0 -128 -1368 ) (0 -128 -1280 ) (-68 -128 -1280 ) 
4 151 153 (-68 0 -1368 ) (-68 -128 -1368 ) (-68 -128 -1280 ) (-68 0 -1280 ) 
4 152 156 (-128 -128 -768 ) (-368 -128 -768 ) (-368 -128 -784 ) (-128 -128 -784 ) 
4 152 154 (-368 0 -784 ) (-128 0 -784 ) (-128 -128 -784 ) (-368 -128 -784 ) 
4 153 156 (-72 -128 -1368 ) (-68 -128 -1368 ) (-68 -128 -1280 ) (-72 -128 -1280 ) 
4 153 154 (-72 0 -1368 ) (-72 -128 -1368 ) (-72 -128 -1280 ) (-72 0 -1280 ) 
4 154 156 (-368 -128 -1368 ) (-72 -128 -1368 ) (-72 -128 -784 ) (-368 -128 -784 ) 
4 155 157 (-68 -132 -1368 ) (0 -132 -1368 ) (0 -132 -1280 ) (-68 -132 -1280 ) 
4 155 156 (-68 -128 -1280 ) (-68 -128 -1368 ) (-68 -132 -1368 ) (-68 -132 -1280 ) 
4 156 157 (-368 -132 -768 ) (-368 -132 -1368 ) (-68 -132 -1368 ) (-68 -132 -768 ) 
