PRT1
38
64
4 0 28 (192 1024 256 ) (64 1024 256 ) (64 1024 128 ) (192 1024 128 ) 
4 0 8 (320 1024 256 ) (192 1024 256 ) (192 1024 128 ) (320 1024 128 ) 
4 0 7 (448 1024 128 ) (448 1024 256 ) (320 1024 256 ) (320 1024 128 ) 
4 0 1 (64 1032 128 ) (64 1216 128 ) (448 1216 128 ) (448 1032 128 ) 
4 1 5 (64 1032 120 ) (64 1216 120 ) (72 1216 120 ) (72 1032 120 ) 
4 1 3 (72 1216 120 ) (440 1216 120 ) (440 1032 120 ) (72 1032 120 ) 
4 1 2 (440 1216 120 ) (448 1216 120 ) (448 1032 120 ) (440 1032 120 ) 
4 2 6 (440 1216 8 ) (448 1216 8 ) (448 1032 8 ) (440 1032 8 ) 
4 2 3 (440 1216 8 ) (440 1032 8 ) (440 1032 120 ) (440 1216 120 ) 
4 3 6 (72 1216 8 ) (440 1216 8 ) (440 1032 8 ) (72 1032 8 ) 
4 3 5 (72 1216 8 ) (72 1032 8 ) (72 1032 120 ) (72 1216 120 ) 
4 3 4 (72 1032 120 ) (72 1032 8 ) (440 1032 8 ) (440 1032 120 ) 
4 4 30 (192 1024 120 ) (72 1024 120 ) (72 1024 8 ) (192 1024 8 ) 
4 4 10 (320 1024 120 ) (192 1024 120 ) (192 1024 8 ) (320 1024 8 ) 
4 4 7 (440 1024 120 ) (320 1024 120 ) (320 1024 8 ) (440 1024 8 ) 
4 5 6 (64 1032 8 ) (64 1216 8 ) (72 1216 8 ) (72 1032 8 ) 
4 7 10 (320 1024 128 ) (320 1024 0 ) (320 832 0 ) (320 832 128 ) 
4 7 8 (320 1024 256 ) (320 1024 128 ) (320 832 128 ) (320 832 256 ) 
4 8 28 (192 832 256 ) (192 1024 256 ) (192 1024 128 ) (192 832 128 ) 
4 8 10 (192 832 128 ) (192 1024 128 ) (320 1024 128 ) (320 832 128 ) 
4 9 29 (192 320 256 ) (192 448 256 ) (192 448 128 ) (192 320 128 ) 
4 9 27 (192 64 128 ) (192 192 128 ) (320 192 128 ) (320 64 128 ) 
4 9 25 (192 576 128 ) (192 600 128 ) (320 600 128 ) (320 576 128 ) 
4 9 23 (192 600 128 ) (192 624 128 ) (320 624 128 ) (320 600 128 ) 
4 9 21 (192 624 128 ) (192 648 128 ) (320 648 128 ) (320 624 128 ) 
4 9 19 (192 648 128 ) (192 672 128 ) (320 672 128 ) (320 648 128 ) 
4 9 17 (192 672 128 ) (192 696 128 ) (320 696 128 ) (320 672 128 ) 
4 9 15 (192 696 128 ) (192 720 128 ) (320 720 128 ) (320 696 128 ) 
4 9 13 (192 720 128 ) (192 744 128 ) (320 744 128 ) (320 720 128 ) 
4 9 12 (192 744 128 ) (192 768 128 ) (320 768 128 ) (320 744 128 ) 
4 10 30 (192 832 128 ) (192 1024 128 ) (192 1024 0 ) (192 832 0 ) 
4 10 11 (208 832 0 ) (304 832 0 ) (304 832 112 ) (208 832 112 ) 
4 11 12 (208 816 0 ) (304 816 0 ) (304 816 112 ) (208 816 112 ) 
4 12 13 (320 744 16 ) (320 744 128 ) (192 744 128 ) (192 744 16 ) 
4 12 14 (192 744 0 ) (320 744 0 ) (320 744 8 ) (192 744 8 ) 
4 13 15 (320 720 32 ) (320 720 128 ) (192 720 128 ) (192 720 32 ) 
4 13 16 (320 720 16 ) (320 720 24 ) (192 720 24 ) (192 720 16 ) 
4 14 16 (192 720 0 ) (320 720 0 ) (320 720 8 ) (192 720 8 ) 
4 15 17 (320 696 48 ) (320 696 128 ) (192 696 128 ) (192 696 48 ) 
4 15 18 (320 696 32 ) (320 696 40 ) (192 696 40 ) (192 696 32 ) 
4 16 18 (192 696 0 ) (320 696 0 ) (320 696 24 ) (192 696 24 ) 
4 17 19 (320 672 64 ) (320 672 128 ) (192 672 128 ) (192 672 64 ) 
4 17 20 (320 672 48 ) (320 672 56 ) (192 672 56 ) (192 672 48 ) 
4 18 20 (192 672 0 ) (320 672 0 ) (320 672 40 ) (192 672 40 ) 
4 19 21 (320 648 80 ) (320 648 128 ) (192 648 128 ) (192 648 80 ) 
4 19 22 (320 648 64 ) (320 648 72 ) (192 648 72 ) (192 648 64 ) 
4 20 22 (192 648 0 ) (320 648 0 ) (320 648 56 ) (192 648 56 ) 
4 21 23 (320 624 96 ) (320 624 128 ) (192 624 128 ) (192 624 96 ) 
4 21 24 (320 624 80 ) (320 624 88 ) (192 624 88 ) (192 624 80 ) 
4 22 24 (192 624 0 ) (320 624 0 ) (320 624 72 ) (192 624 72 ) 
4 23 25 (320 600 112 ) (320 600 128 ) (192 600 128 ) (192 600 112 ) 
4 23 26 (320 600 96 ) (320 600 104 ) (192 600 104 ) (192 600 96 ) 
4 24 26 (192 600 0 ) (320 600 0 ) (320 600 88 ) (192 600 88 ) 
4 27 35 (320 0 0 ) (320 0 128 ) (192 0 128 ) (192 0 0 ) 
4 27 32 (192 0 0 ) (192 0 128 ) (192 64 128 ) (192 64 0 ) 
4 28 30 (64 1024 128 ) (192 1024 128 ) (192 832 128 ) (64 832 128 ) 
4 29 31 (192 448 128 ) (192 320 128 ) (64 320 128 ) (64 448 128 ) 
4 31 33 (64 320 0 ) (64 448 0 ) (192 448 0 ) (192 320 0 ) 
4 32 35 (192 0 0 ) (192 0 128 ) (64 0 128 ) (64 0 0 ) 
4 32 34 (64 0 0 ) (64 0 128 ) (64 64 128 ) (64 64 0 ) 
4 34 36 (0 64 0 ) (0 0 0 ) (0 0 128 ) (0 64 128 ) 
4 34 35 (64 0 0 ) (64 0 128 ) (0 0 128 ) (0 0 0 ) 
4 35 37 (0 -64 0 ) (0 -64 128 ) (0 0 128 ) (0 0 0 ) 
4 36 37 (0 0 0 ) (0 0 128 ) (-64 0 128 ) (-64 0 0 ) 
