PRT1
186
478
4 0 5 (256 128 1184 ) (256 160 1184 ) (256 160 1040 ) (256 128 1040 ) 
4 0 6 (256 160 512 ) (256 160 -992 ) (256 128 -992 ) (256 128 512 ) 
4 0 4 (256 160 1184 ) (256 672 1184 ) (256 672 -992 ) (256 160 -992 ) 
4 0 2 (272 128 1024 ) (272 128 1184 ) (256 128 1184 ) (256 128 1024 ) 
4 0 3 (256 128 -992 ) (272 128 -992 ) (272 128 512 ) (256 128 512 ) 
4 0 1 (272 128 -992 ) (608 128 -992 ) (608 128 1184 ) (272 128 1184 ) 
4 1 105 (272 0 512 ) (272 0 -992 ) (608 0 -992 ) (608 0 512 ) 
4 1 95 (272 0 640 ) (272 0 512 ) (608 0 512 ) (608 0 640 ) 
4 1 88 (608 0 1184 ) (272 0 1184 ) (272 0 640 ) (608 0 640 ) 
4 1 2 (272 128 1184 ) (272 128 1024 ) (272 0 1024 ) (272 0 1184 ) 
4 1 3 (272 128 512 ) (272 128 -992 ) (272 0 -992 ) (272 0 512 ) 
4 2 89 (264 0 1184 ) (256 0 1184 ) (256 0 1024 ) (264 0 1024 ) 
4 2 88 (272 0 1184 ) (264 0 1184 ) (264 0 1024 ) (272 0 1024 ) 
4 2 7 (256 0 1056 ) (256 0 1184 ) (256 128 1184 ) (256 128 1056 ) 
4 3 105 (256 0 512 ) (256 0 -992 ) (272 0 -992 ) (272 0 512 ) 
4 3 12 (256 0 -992 ) (256 0 216 ) (256 128 216 ) (256 128 -992 ) 
4 3 11 (256 0 224 ) (256 0 496 ) (256 64 496 ) (256 64 224 ) 
4 3 10 (256 64 496 ) (256 128 496 ) (256 128 216 ) (256 64 216 ) 
4 4 13 (32 672 -992 ) (32 160 -992 ) (32 160 1184 ) (32 672 1184 ) 
4 4 5 (256 160 1040 ) (256 160 1184 ) (32 160 1184 ) (32 160 1040 ) 
4 4 6 (32 160 -992 ) (256 160 -992 ) (256 160 512 ) (32 160 512 ) 
4 5 14 (32 128 1040 ) (32 128 1184 ) (32 160 1184 ) (32 160 1040 ) 
4 5 7 (32 128 1184 ) (32 128 1056 ) (256 128 1056 ) (256 128 1184 ) 
4 6 15 (32 160 -992 ) (32 128 -992 ) (32 128 512 ) (32 160 512 ) 
4 6 12 (32 128 216 ) (32 128 -992 ) (256 128 -992 ) (256 128 216 ) 
4 6 10 (32 128 496 ) (32 128 216 ) (256 128 216 ) (256 128 496 ) 
4 7 97 (248 0 1184 ) (32 0 1184 ) (32 0 1056 ) (248 0 1056 ) 
4 7 89 (256 0 1056 ) (256 0 1184 ) (248 0 1184 ) (248 0 1056 ) 
4 7 17 (32 0 1056 ) (32 0 1184 ) (32 128 1184 ) (32 128 1056 ) 
4 8 19 (32 0 672 ) (32 0 768 ) (32 128 768 ) (32 128 672 ) 
4 8 18 (32 0 768 ) (32 0 1024 ) (32 128 1024 ) (32 128 768 ) 
4 9 103 (136 0 640 ) (128 0 640 ) (128 0 512 ) (136 0 512 ) 
4 9 101 (248 0 640 ) (136 0 640 ) (136 0 512 ) (248 0 512 ) 
4 9 96 (256 0 512 ) (256 0 640 ) (248 0 640 ) (248 0 512 ) 
4 9 20 (32 8 632 ) (32 120 632 ) (32 120 520 ) (32 8 520 ) 
4 10 12 (32 64 216 ) (32 128 216 ) (256 128 216 ) (256 64 216 ) 
4 10 11 (256 64 224 ) (256 64 496 ) (32 64 496 ) (32 64 224 ) 
4 11 107 (256 0 224 ) (256 0 496 ) (32 0 496 ) (32 0 224 ) 
27 11 16 (32 0 224 ) (32 0 328 ) (32 5.888288 327.710724 ) (32 11.697735 326.848938 ) (32 17.425625 325.414124 ) (32 22.950756 323.437256 ) (32 28.300270 320.907104 ) (32 33.329502 317.892731 ) (32 38.055618 314.387604 ) (32 42.433662 310.419586 ) (32 46.375553 306.070404 ) (32 49.885124 301.338287 ) (32 52.916908 296.280090 ) (32 55.433537 290.959198 ) (32 57.416679 285.416656 ) (32 58.847225 279.705505 ) (32 59.711128 273.881409 ) (32 60 268 ) (32 59.711075 262.118805 ) (32 58.847557 256.297638 ) (32 57.417175 250.587250 ) (32 55.426716 245.024063 ) (32 52.922695 239.730011 ) (32 49.886066 234.663651 ) (32 46.378727 229.934723 ) (32 42.429955 225.577774 ) (32 40.689499 224 ) 
4 12 108 (256 0 -992 ) (256 0 216 ) (32 0 216 ) (32 0 -992 ) 
4 12 23 (32 0 -992 ) (32 0 -768 ) (32 128 -768 ) (32 128 -992 ) 
4 13 25 (0 160 1184 ) (0 672 1184 ) (0 672 -992 ) (0 160 -992 ) 
4 13 15 (0 160 -992 ) (32 160 -992 ) (32 160 512 ) (0 160 512 ) 
4 13 14 (32 160 1040 ) (32 160 1184 ) (0 160 1184 ) (0 160 1040 ) 
4 14 26 (0 128 1040 ) (0 128 1184 ) (0 160 1184 ) (0 160 1040 ) 
4 14 17 (0 128 1184 ) (0 128 1056 ) (32 128 1056 ) (32 128 1184 ) 
4 15 28 (0 128 -992 ) (0 128 -960 ) (0 144 -960 ) (0 144 -992 ) 
4 15 27 (0 144 -768 ) (0 160 -768 ) (0 160 -992 ) (0 144 -992 ) 
4 15 24 (0 128 -960 ) (0 128 -992 ) (16 128 -992 ) (16 128 -960 ) 
4 15 23 (16 128 -992 ) (32 128 -992 ) (32 128 -768 ) (16 128 -768 ) 
4 16 117 (32 0 224 ) (32 0 328 ) (0 0 328 ) (0 0 224 ) 
27 16 57 (0 0 224 ) (0 0 328 ) (0 5.880840 327.711090 ) (0 11.707814 326.846710 ) (0 17.411865 325.417877 ) (0 22.959547 323.432953 ) (0 28.293875 320.909973 ) (0 33.326595 317.893494 ) (0 38.062443 314.381165 ) (0 42.434956 310.418182 ) (0 46.375587 306.070374 ) (0 49.885151 301.338257 ) (0 52.916874 296.280151 ) (0 55.433563 290.959106 ) (0 57.416676 285.416656 ) (0 58.847225 279.705505 ) (0 59.711128 273.881439 ) (0 60 268 ) (0 59.711075 262.118805 ) (0 58.847557 256.297638 ) (0 57.417175 250.587250 ) (0 55.426716 245.024063 ) (0 52.922695 239.730011 ) (0 49.886066 234.663651 ) (0 46.378727 229.934723 ) (0 42.429955 225.577774 ) (0 40.689499 224 ) 
4 17 115 (32 0 1056 ) (32 0 1184 ) (0 0 1184 ) (0 0 1056 ) 
4 17 30 (0 0 1056 ) (0 0 1184 ) (0 128 1184 ) (0 128 1056 ) 
4 18 36 (0 0 896 ) (0 0 1024 ) (0 32 1024 ) (0 32 896 ) 
4 18 37 (0 0 768 ) (0 0 896 ) (0 32 896 ) (0 32 768 ) 
4 18 31 (0 32 1024 ) (0 128 1024 ) (0 128 768 ) (0 32 768 ) 
4 18 19 (0 32 768 ) (0 128 768 ) (32 128 768 ) (32 0 768 ) 
4 19 39 (0 128 736 ) (0 128 672 ) (0 32 672 ) (0 32 736 ) 
4 19 31 (0 32 768 ) (0 128 768 ) (0 128 736 ) (0 32 736 ) 
4 20 21 (28 120 632 ) (28 120 520 ) (28 8 520 ) (28 8 632 ) 
4 21 22 (4 120 632 ) (4 120 520 ) (4 8 520 ) (4 8 632 ) 
4 22 40 (0 8 632 ) (0 120 632 ) (0 120 520 ) (0 8 520 ) 
4 23 119 (32 0 -992 ) (32 0 -768 ) (16 0 -768 ) (16 0 -992 ) 
4 23 24 (16 128 -992 ) (16 0 -992 ) (16 0 -960 ) (16 128 -960 ) 
4 24 120 (0 0 -960 ) (0 0 -992 ) (16 0 -992 ) (16 0 -960 ) 
4 24 83 (0 0 -992 ) (0 0 -960 ) (0 128 -960 ) (0 128 -992 ) 
4 25 29 (-256 672 -992 ) (-256 160 -992 ) (-256 160 1184 ) (-256 672 1184 ) 
4 25 27 (-256 160 -768 ) (-256 160 -992 ) (0 160 -992 ) (0 160 -768 ) 
4 25 26 (-256 160 1184 ) (-256 160 1024 ) (0 160 1024 ) (0 160 1184 ) 
4 26 30 (0 128 1056 ) (0 128 1184 ) (-256 128 1184 ) (-256 128 1056 ) 
4 26 29 (-256 128 1024 ) (-256 128 1184 ) (-256 160 1184 ) (-256 160 1024 ) 
4 27 29 (-256 160 -992 ) (-256 144 -992 ) (-256 144 -768 ) (-256 160 -768 ) 
4 27 28 (-256 144 -960 ) (-256 144 -992 ) (0 144 -992 ) (0 144 -960 ) 
4 28 83 (0 128 -992 ) (0 128 -960 ) (-256 128 -960 ) (-256 128 -992 ) 
4 28 29 (-256 144 -992 ) (-256 128 -992 ) (-256 128 -960 ) (-256 144 -960 ) 
4 29 87 (-288 128 1184 ) (-544 128 1184 ) (-544 128 -992 ) (-288 128 -992 ) 
4 29 86 (-288 128 -960 ) (-288 128 -992 ) (-256 128 -992 ) (-256 128 -960 ) 
4 29 85 (-288 128 -768 ) (-288 128 -960 ) (-272 128 -960 ) (-272 128 -768 ) 
4 29 84 (-256 128 1184 ) (-288 128 1184 ) (-288 128 1024 ) (-256 128 1024 ) 
4 30 122 (0 0 1056 ) (0 0 1184 ) (-256 0 1184 ) (-256 0 1056 ) 
4 30 84 (-256 128 1184 ) (-256 128 1056 ) (-256 0 1056 ) (-256 0 1184 ) 
4 31 41 (-112 128 736 ) (-64 128 736 ) (-64 32 736 ) (-112 32 736 ) 
4 31 39 (-64 128 736 ) (0 128 736 ) (0 32 736 ) (-64 32 736 ) 
4 31 36 (0 32 896 ) (0 32 1024 ) (-112 32 1024 ) (-112 32 896 ) 
4 31 37 (0 32 768 ) (0 32 896 ) (-112 32 896 ) (-112 32 768 ) 
4 31 34 (-112 118.653206 736 ) (-112 32 736 ) (-112 32 809.812195 ) (-112 125.380096 800 ) 
3 31 33 (-112 128 736 ) (-112 126.697029 736 ) (-112 128 748.396606 ) 
4 31 32 (-112 32 809.812195 ) (-112 32 1024 ) (-112 128 1024 ) (-112 128 799.724731 ) 
4 32 36 (-112 32 896 ) (-112 32 1024 ) (-128 32 1024 ) (-128 32 896 ) 
4 32 37 (-112 32 809.812195 ) (-112 32 896 ) (-128 32 896 ) (-128 32 809.795166 ) 
4 32 34 (-176 32 809.744629 ) (-176 125.380043 799.932495 ) (-112 125.380127 800 ) (-112 32 809.812500 ) 
4 32 35 (-176 32 809.744202 ) (-176 32 1024 ) (-176 128 1024 ) (-176 128 799.656738 ) 
4 33 42 (-176 128 736 ) (-112 128 736 ) (-112 126.697029 736 ) (-176 126.704178 736 ) 
3 33 35 (-176 128 736 ) (-176 126.704178 736 ) (-176 128 748.328552 ) 
4 34 43 (-112 118.653206 736 ) (-112 32 736 ) (-176 32 736 ) (-176 118.660248 736 ) 
4 34 37 (-112 32 768 ) (-112 32 809.812195 ) (-128 32 809.795166 ) (-128 32 768 ) 
4 34 35 (-176 118.660248 736 ) (-176 32 736 ) (-176 32 809.744202 ) (-176 125.379997 799.932068 ) 
4 35 55 (-256 32 736 ) (-256 128 736 ) (-192 128 736 ) (-192 32 736 ) 
4 35 53 (-192 128 736 ) (-184 128 736 ) (-184 32 736 ) (-192 32 736 ) 
4 35 45 (-184 128 736 ) (-176 128 736 ) (-176 32 736 ) (-184 32 736 ) 
4 35 38 (-256 32 736 ) (-248 32 736 ) (-248 32 740 ) (-256 32 740 ) 
4 36 37 (-128 32 896 ) (0 32 896 ) (0 0 896 ) (-96 0 896 ) 
4 37 131 (-8 0 896 ) (-128 0 896 ) (-128 0 768 ) (-8 0 768 ) 
4 37 128 (0 0 775.064636 ) (0 0 896 ) (-8 0 896 ) (-8 0 775.492188 ) 
4 37 127 (0 0 768 ) (0 0 775.064636 ) (-8 0 775.492188 ) (-8 0 768 ) 
4 38 144 (-256 0 740 ) (-256 0 736 ) (-248 0 736 ) (-248 0 740 ) 
4 39 41 (-64 32 736 ) (-64 128 736 ) (-64 128 672 ) (-64 32 672 ) 
4 40 142 (0 0 448 ) (0 0 640 ) (-64 0 640 ) (-64 0 448 ) 
4 40 57 (-64 128 448 ) (0 128 448 ) (0 0 448 ) (-64 0 448 ) 
4 40 52 (-64 128 448 ) (-64 0 448 ) (-64 0 640 ) (-64 128 640 ) 
4 41 48 (-72 28 728 ) (-112 28 728 ) (-112 28 680 ) (-72 28 680 ) 
3 41 44 (-112 118.671303 672 ) (-112 111.926323 672 ) (-112 112 672.701050 ) 
4 41 43 (-112 28 672 ) (-112 28 736 ) (-112 118.653206 736 ) (-112 111.926323 672 ) 
4 41 42 (-112 126.697029 736 ) (-112 128 736 ) (-112 128 672 ) (-112 119.970192 672 ) 
4 42 45 (-176 119.977348 672 ) (-176 126.704185 736 ) (-176 128 736 ) (-176 128 672 ) 
4 43 48 (-112 28 680 ) (-112 28 728 ) (-176 28 728 ) (-176 28 680 ) 
4 43 45 (-176 28 672 ) (-176 28 736 ) (-176 118.660248 736 ) (-176 111.933357 672 ) 
4 43 44 (-112 112 672.700989 ) (-112 111.926430 672 ) (-176 111.933372 672 ) (-176 112 672.633972 ) 
3 44 45 (-176 111.933357 672 ) (-176 112 672.634033 ) (-176 118.033661 672 ) 
4 45 53 (-184 28 736 ) (-184 128 736 ) (-184 128 672 ) (-184 28 672 ) 
4 45 48 (-184 28 728 ) (-184 28 680 ) (-176 28 680 ) (-176 28 728 ) 
4 46 142 (-64 0 736 ) (-184 0 736 ) (-184 0 728 ) (-64 0 728 ) 
4 46 54 (-184 0 728 ) (-184 0 736 ) (-184 4 736 ) (-184 4 728 ) 
4 46 50 (-184 0 728 ) (-184 4 728 ) (-72 4 728 ) (-72 0 728 ) 
4 46 47 (-72 4 728 ) (-64 4 728 ) (-64 0 728 ) (-72 0 728 ) 
4 47 142 (-72 0 680 ) (-64 0 680 ) (-64 0 728 ) (-72 0 728 ) 
4 47 51 (-64 4 680 ) (-64 0 680 ) (-72 0 680 ) (-72 4 680 ) 
4 47 50 (-72 4 680 ) (-72 0 680 ) (-72 0 728 ) (-72 4 728 ) 
4 48 49 (-184 24 680 ) (-72 24 680 ) (-72 24 728 ) (-184 24 728 ) 
4 49 50 (-184 8 680 ) (-72 8 680 ) (-72 8 728 ) (-184 8 728 ) 
4 50 142 (-184 0 728 ) (-184 0 680 ) (-72 0 680 ) (-72 0 728 ) 
4 50 54 (-184 0 680 ) (-184 0 728 ) (-184 4 728 ) (-184 4 680 ) 
4 50 51 (-184 0 680 ) (-184 4 680 ) (-72 4 680 ) (-72 0 680 ) 
4 51 142 (-184 0 680 ) (-184 0 672 ) (-64 0 672 ) (-64 0 680 ) 
4 51 54 (-184 0 672 ) (-184 0 680 ) (-184 4 680 ) (-184 4 672 ) 
4 52 142 (-184 0 640 ) (-184 0 448 ) (-64 0 448 ) (-64 0 640 ) 
4 52 57 (-184 128 448 ) (-64 128 448 ) (-64 0 448 ) (-184 0 448 ) 
4 52 56 (-184 128 448 ) (-184 0 448 ) (-184 0 640 ) (-184 128 640 ) 
4 53 55 (-192 128 672 ) (-192 32 672 ) (-192 32 736 ) (-192 128 736 ) 
4 54 142 (-184 0 736 ) (-192 0 736 ) (-192 0 672 ) (-184 0 672 ) 
4 56 144 (-256 0 640 ) (-256 0 448 ) (-248 0 448 ) (-248 0 640 ) 
4 56 142 (-248 0 448 ) (-184 0 448 ) (-184 0 640 ) (-248 0 640 ) 
4 56 60 (-196 124 448 ) (-196 4 448 ) (-252 4 448 ) (-252 124 448 ) 
4 56 57 (-192 128 448 ) (-184 128 448 ) (-184 0 448 ) (-192 0 448 ) 
4 57 142 (0 0 224 ) (0 0 448 ) (-192 0 448 ) (-192 0 224 ) 
4 57 75 (-192 128 224 ) (-128 128 224 ) (-128 0 224 ) (-192 0 224 ) 
4 57 70 (-124 4 224 ) (-124 120 224 ) (-60 120 224 ) (-60 4 224 ) 
4 57 67 (-4 120 224 ) (-4 0 224 ) (-60 0 224 ) (-60 120 224 ) 
4 57 58 (-192 128 224 ) (-192 0 224 ) (-192 0 440 ) (-192 128 440 ) 
4 58 142 (-196 0 440 ) (-196 0 224 ) (-192 0 224 ) (-192 0 440 ) 
4 58 75 (-196 128 224 ) (-192 128 224 ) (-192 0 224 ) (-196 0 224 ) 
4 58 63 (-196 4 224 ) (-196 0 224 ) (-196 0 440 ) (-196 4 440 ) 
4 58 62 (-196 124 224 ) (-196 4 224 ) (-196 4 440 ) (-196 124 440 ) 
4 58 59 (-196 128 224 ) (-196 124 224 ) (-196 124 440 ) (-196 128 440 ) 
4 59 75 (-252 128 224 ) (-196 128 224 ) (-196 124 224 ) (-252 124 224 ) 
4 59 64 (-252 128 224 ) (-252 124 224 ) (-252 124 440 ) (-252 128 440 ) 
4 59 62 (-252 124 440 ) (-252 124 224 ) (-196 124 224 ) (-196 124 440 ) 
4 60 61 (-196 4 447 ) (-252 4 447 ) (-252 124 447 ) (-196 124 447 ) 
4 61 62 (-196 4 441 ) (-252 4 441 ) (-252 124 441 ) (-196 124 441 ) 
4 62 75 (-196 124 224 ) (-196 4 224 ) (-252 4 224 ) (-252 124 224 ) 
4 62 64 (-252 124 224 ) (-252 4 224 ) (-252 4 440 ) (-252 124 440 ) 
4 62 63 (-252 4 440 ) (-252 4 224 ) (-196 4 224 ) (-196 4 440 ) 
4 63 144 (-252 0 440 ) (-252 0 224 ) (-248 0 224 ) (-248 0 440 ) 
4 63 142 (-248 0 224 ) (-196 0 224 ) (-196 0 440 ) (-248 0 440 ) 
4 63 75 (-196 4 224 ) (-196 0 224 ) (-252 0 224 ) (-252 4 224 ) 
4 63 64 (-252 4 224 ) (-252 0 224 ) (-252 0 440 ) (-252 4 440 ) 
4 64 144 (-256 0 440 ) (-256 0 224 ) (-252 0 224 ) (-252 0 440 ) 
4 64 75 (-256 0 224 ) (-256 128 224 ) (-252 128 224 ) (-252 0 224 ) 
4 65 149 (0 0 -64 ) (0 0 216 ) (-4 0 216 ) (-4 0 -64 ) 
4 65 150 (0 0 -768 ) (0 0 -72 ) (-4 0 -72 ) (-4 0 -768 ) 
4 65 69 (-4 120 -768 ) (-4 0 -768 ) (-4 0 216 ) (-4 120 216 ) 
4 65 66 (-4 128 -768 ) (-4 120 -768 ) (-4 120 216 ) (-4 128 216 ) 
4 66 74 (-124 128 -768 ) (-124 120 -768 ) (-124 120 216 ) (-124 128 216 ) 
4 66 72 (-124 120 216 ) (-124 120 -768 ) (-60 120 -768 ) (-60 120 216 ) 
4 66 69 (-60 120 -768 ) (-4 120 -768 ) (-4 120 216 ) (-60 120 216 ) 
4 67 145 (-4 0 224 ) (-60 0 224 ) (-60 0 223 ) (-4 0 223 ) 
4 67 70 (-60 120 224 ) (-60 120 223 ) (-60 4 223 ) (-60 4 224 ) 
4 67 68 (-60 0 223 ) (-60 120 223 ) (-4 120 223 ) (-4 0 223 ) 
4 68 146 (-60 0 223 ) (-60 0 217 ) (-4 0 217 ) (-4 0 223 ) 
4 68 71 (-60 120 223 ) (-60 120 217 ) (-60 4 217 ) (-60 4 223 ) 
4 68 69 (-60 0 217 ) (-60 120 217 ) (-4 120 217 ) (-4 0 217 ) 
4 69 149 (-60 0 216 ) (-60 0 -64 ) (-4 0 -64 ) (-4 0 216 ) 
4 69 150 (-60 0 -72 ) (-60 0 -768 ) (-4 0 -768 ) (-4 0 -72 ) 
4 69 147 (-60 0 217 ) (-60 0 216 ) (-4 0 216 ) (-4 0 217 ) 
4 69 73 (-60 4 -768 ) (-60 0 -768 ) (-60 0 216 ) (-60 4 216 ) 
4 69 72 (-60 120 217 ) (-60 120 -768 ) (-60 4 -768 ) (-60 4 217 ) 
4 70 71 (-60 4 223 ) (-124 4 223 ) (-124 120 223 ) (-60 120 223 ) 
4 71 72 (-60 4 217 ) (-124 4 217 ) (-124 120 217 ) (-60 120 217 ) 
4 72 74 (-124 120 -768 ) (-124 4 -768 ) (-124 4 216 ) (-124 120 216 ) 
4 72 73 (-124 4 216 ) (-124 4 -768 ) (-60 4 -768 ) (-60 4 216 ) 
4 73 149 (-124 0 216 ) (-124 0 -64 ) (-60 0 -64 ) (-60 0 216 ) 
4 73 150 (-124 0 -72 ) (-124 0 -768 ) (-60 0 -768 ) (-60 0 -72 ) 
4 73 74 (-124 4 -768 ) (-124 0 -768 ) (-124 0 216 ) (-124 4 216 ) 
4 74 149 (-128 0 216 ) (-128 0 -64 ) (-124 0 -64 ) (-124 0 216 ) 
4 74 150 (-128 0 -72 ) (-128 0 -768 ) (-124 0 -768 ) (-124 0 -72 ) 
4 74 75 (-128 0 0 ) (-128 0 216 ) (-128 128 216 ) (-128 128 0 ) 
4 74 76 (-128 128 -768 ) (-128 0 -768 ) (-128 0 -8 ) (-128 128 -8 ) 
4 75 154 (-256 0 216 ) (-256 0 0 ) (-160 0 0 ) (-160 0 216 ) 
4 75 151 (-160 0 0 ) (-128 0 0 ) (-128 0 216 ) (-160 0 216 ) 
4 75 148 (-128 0 224 ) (-256 0 224 ) (-256 0 216 ) (-128 0 216 ) 
4 76 154 (-256 0 -8 ) (-256 0 -16 ) (-160 0 -16 ) (-160 0 -8 ) 
4 76 155 (-256 0 -24 ) (-256 0 -768 ) (-160 0 -768 ) (-160 0 -24 ) 
4 76 151 (-160 0 -768 ) (-128 0 -768 ) (-128 0 -8 ) (-160 0 -8 ) 
4 76 80 (-160 0 -768 ) (-224 0 -768 ) (-224 96 -768 ) (-160 96 -768 ) 
4 76 79 (-128 0 -768 ) (-160 0 -768 ) (-160 96 -768 ) (-128 96 -768 ) 
4 76 81 (-224 0 -768 ) (-256 0 -768 ) (-256 96 -768 ) (-224 96 -768 ) 
4 76 78 (-256 96 -768 ) (-256 128 -768 ) (-128 128 -768 ) (-128 96 -768 ) 
4 77 161 (0 0 -784 ) (0 0 -776 ) (-128 0 -776 ) (-128 0 -784 ) 
4 77 82 (-128 128 -784 ) (0 128 -784 ) (0 0 -784 ) (-128 0 -784 ) 
4 77 79 (-128 96 -784 ) (-128 0 -784 ) (-128 0 -776 ) (-128 96 -776 ) 
4 77 78 (-128 128 -784 ) (-128 96 -784 ) (-128 96 -776 ) (-128 128 -776 ) 
4 78 82 (-256 96 -784 ) (-256 128 -784 ) (-128 128 -784 ) (-128 96 -784 ) 
4 78 80 (-224 96 -784 ) (-160 96 -784 ) (-160 96 -768 ) (-224 96 -768 ) 
4 78 79 (-160 96 -784 ) (-128 96 -784 ) (-128 96 -768 ) (-160 96 -768 ) 
4 78 81 (-256 96 -784 ) (-224 96 -784 ) (-224 96 -768 ) (-256 96 -768 ) 
4 79 162 (-128 0 -768 ) (-160 0 -768 ) (-160 0 -784 ) (-128 0 -784 ) 
4 79 82 (-160 96 -784 ) (-128 96 -784 ) (-128 0 -784 ) (-160 0 -784 ) 
4 79 80 (-160 96 -768 ) (-160 96 -784 ) (-160 0 -784 ) (-160 0 -768 ) 
4 80 162 (-160 0 -768 ) (-224 0 -768 ) (-224 0 -784 ) (-160 0 -784 ) 
4 80 82 (-224 96 -784 ) (-160 96 -784 ) (-160 0 -784 ) (-224 0 -784 ) 
4 80 81 (-224 96 -768 ) (-224 96 -784 ) (-224 0 -784 ) (-224 0 -768 ) 
4 81 162 (-224 0 -768 ) (-256 0 -768 ) (-256 0 -784 ) (-224 0 -784 ) 
4 81 82 (-256 0 -784 ) (-256 96 -784 ) (-224 96 -784 ) (-224 0 -784 ) 
4 82 170 (0 0 -872 ) (0 0 -784 ) (-256 0 -784 ) (-256 0 -872 ) 
4 83 171 (0 0 -992 ) (0 0 -880 ) (-256 0 -880 ) (-256 0 -992 ) 
4 83 86 (-256 128 -960 ) (-256 128 -992 ) (-256 0 -992 ) (-256 0 -960 ) 
4 84 158 (-256 0 1024 ) (-256 0 1184 ) (-272 0 1184 ) (-272 0 1024 ) 
4 84 159 (-272 0 1184 ) (-288 0 1184 ) (-288 0 1024 ) (-272 0 1024 ) 
4 84 87 (-288 0 1184 ) (-288 128 1184 ) (-288 128 1024 ) (-288 0 1024 ) 
4 85 173 (-288 0 -784 ) (-288 0 -960 ) (-272 0 -960 ) (-272 0 -784 ) 
4 85 169 (-272 0 -768 ) (-288 0 -768 ) (-288 0 -784 ) (-272 0 -784 ) 
4 85 87 (-288 128 -768 ) (-288 128 -960 ) (-288 0 -960 ) (-288 0 -768 ) 
4 85 86 (-288 0 -960 ) (-288 128 -960 ) (-272 128 -960 ) (-272 0 -960 ) 
4 86 172 (-256 0 -992 ) (-256 0 -960 ) (-272 0 -960 ) (-272 0 -992 ) 
4 86 173 (-272 0 -960 ) (-288 0 -960 ) (-288 0 -992 ) (-272 0 -992 ) 
4 86 87 (-288 128 -960 ) (-288 128 -992 ) (-288 0 -992 ) (-288 0 -960 ) 
4 87 173 (-288 0 -992 ) (-288 0 -784 ) (-544 0 -784 ) (-544 0 -992 ) 
4 87 169 (-288 0 -784 ) (-288 0 -768 ) (-544 0 -768 ) (-544 0 -784 ) 
4 87 160 (-288 0 -768 ) (-288 0 1184 ) (-544 0 1184 ) (-544 0 -768 ) 
4 88 110 (608 -128 1184 ) (264 -128 1184 ) (264 -128 640 ) (608 -128 640 ) 
4 88 95 (608 -128 640 ) (272 -128 640 ) (272 0 640 ) (608 0 640 ) 
4 88 92 (264 -128 648 ) (264 -128 672 ) (264 0 672 ) (264 0 648 ) 
4 88 90 (264 -128 672 ) (264 -128 1024 ) (264 0 1024 ) (264 0 672 ) 
4 88 89 (264 -128 1024 ) (264 -128 1184 ) (264 0 1184 ) (264 0 1024 ) 
4 89 111 (256 -128 1184 ) (248 -128 1184 ) (248 -128 1024 ) (256 -128 1024 ) 
4 89 110 (264 -128 1184 ) (256 -128 1184 ) (256 -128 1024 ) (264 -128 1024 ) 
4 89 97 (248 -32 1184 ) (248 0 1184 ) (248 0 1024 ) (248 -32 1024 ) 
4 89 98 (248 -128 1024 ) (248 -128 1184 ) (248 -32 1184 ) (248 -32 1024 ) 
4 89 93 (248 -128 1024 ) (248 -32 1024 ) (256 -32 1024 ) (256 -128 1024 ) 
4 89 91 (257.679016 -32 1024 ) (257.679016 -128 1024 ) (256 -128 1024 ) (256 -32 1024 ) 
4 89 90 (257.679016 0 1024 ) (264 0 1024 ) (264 -128 1024 ) (257.679016 -128 1024 ) 
4 90 110 (264 -128 672 ) (264 -128 1024 ) (257.679016 -128 1024 ) (257.679016 -128 672 ) 
4 90 92 (257.679016 0 672 ) (264 0 672 ) (264 -128 672 ) (257.679016 -128 672 ) 
4 90 91 (257.679016 -32 672 ) (257.679016 -128 672 ) (257.679016 -128 1024 ) (257.679016 -32 1024 ) 
4 91 110 (257.679016 -128 1024 ) (256 -128 1024 ) (256 -128 672 ) (257.679016 -128 672 ) 
4 91 93 (256 -128 676 ) (256 -128 1024 ) (256 -32 1024 ) (256 -32 676 ) 
4 91 92 (256 -128 672 ) (256 -32 672 ) (257.679016 -32 672 ) (257.679016 -128 672 ) 
4 92 110 (264 -128 648 ) (264 -128 672 ) (256 -128 672 ) (256 -128 648 ) 
4 93 111 (248 -128 1024 ) (248 -128 676 ) (256 -128 676 ) (256 -128 1024 ) 
4 93 98 (248 -128 676 ) (248 -128 1024 ) (248 -32 1024 ) (248 -32 676 ) 
4 94 102 (248 -128 640 ) (248 -128 644 ) (248 -120 644 ) (248 -120 640 ) 
4 94 96 (256 -128 640 ) (248 -128 640 ) (248 0 640 ) (256 0 640 ) 
4 95 110 (272 -128 512 ) (608 -128 512 ) (608 -128 640 ) (272 -128 640 ) 
4 95 105 (608 -128 512 ) (272 -128 512 ) (272 0 512 ) (608 0 512 ) 
4 96 102 (248 -120 512 ) (248 -128 512 ) (248 -128 640 ) (248 -120 640 ) 
4 96 101 (248 0 512 ) (248 -120 512 ) (248 -120 640 ) (248 0 640 ) 
4 97 115 (32 -32 1184 ) (32 0 1184 ) (32 0 1024 ) (32 -32 1024 ) 
4 97 98 (248 -32 1024 ) (248 -32 1184 ) (32 -32 1184 ) (32 -32 1024 ) 
4 98 115 (32 -128 1024 ) (32 -128 1184 ) (32 -32 1184 ) (32 -32 1024 ) 
4 98 111 (128 -128 676 ) (248 -128 676 ) (248 -128 1184 ) (128 -128 1184 ) 
4 98 113 (32 -128 1184 ) (32 -128 676 ) (128 -128 676 ) (128 -128 1184 ) 
4 98 100 (128 -128 676 ) (32 -128 676 ) (32 -32 676 ) (128 -32 676 ) 
4 98 99 (248 -32 676 ) (248 -120 676 ) (136 -120 676 ) (136 -32 676 ) 
4 100 113 (32 -128 676 ) (32 -128 672 ) (128 -128 672 ) (128 -128 676 ) 
4 100 104 (64 -128 672 ) (32 -128 672 ) (32 -32 672 ) (64 -32 672 ) 
4 101 103 (136 0 512 ) (136 -120 512 ) (136 -120 640 ) (136 0 640 ) 
4 101 102 (136 -120 640 ) (136 -120 512 ) (248 -120 512 ) (248 -120 640 ) 
4 102 103 (136 -120 512 ) (136 -128 512 ) (136 -128 644 ) (136 -120 644 ) 
4 104 113 (32 -128 672 ) (32 -128 512 ) (64 -128 512 ) (64 -128 672 ) 
4 104 106 (64 -128 512 ) (32 -128 512 ) (32 -16 512 ) (64 -16 512 ) 
4 105 110 (256 -128 -992 ) (608 -128 -992 ) (608 -128 512 ) (256 -128 512 ) 
4 105 107 (256 -64 224 ) (256 -64 496 ) (256 0 496 ) (256 0 224 ) 
4 105 108 (256 0 -992 ) (256 -64 -992 ) (256 -64 216 ) (256 0 216 ) 
4 105 109 (256 -64 -992 ) (256 -128 -992 ) (256 -128 496 ) (256 -64 496 ) 
4 106 113 (32 -128 512 ) (32 -128 496 ) (128 -128 496 ) (128 -128 512 ) 
4 106 107 (32 -64 496 ) (32 0 496 ) (128 0 496 ) (128 -64 496 ) 
4 106 109 (128 -128 496 ) (32 -128 496 ) (32 -64 496 ) (128 -64 496 ) 
27 107 117 (32 0 328 ) (32 0 224 ) (32 -40.689205 224 ) (32 -42.422390 225.570847 ) (32 -46.384289 229.941971 ) (32 -49.883411 234.659851 ) (32 -52.920265 239.725708 ) (32 -55.432632 245.037659 ) (32 -57.415672 250.579681 ) (32 -58.847034 256.294586 ) (32 -59.711174 262.120483 ) (32 -60 267.997589 ) (32 -59.710926 273.882446 ) (32 -58.847660 279.702148 ) (32 -57.414276 285.424591 ) (32 -55.434666 290.957184 ) (32 -52.913738 296.287262 ) (32 -49.890781 301.330719 ) (32 -46.380577 306.063690 ) (32 -42.421646 310.431702 ) (32 -38.066006 314.379425 ) (32 -33.348270 317.878326 ) (32 -28.274998 320.919159 ) (32 -22.968721 323.428833 ) (32 -17.405592 325.419342 ) (32 -11.706911 326.846832 ) (32 -5.881019 327.711029 ) 
4 107 109 (256 -64 224 ) (256 -64 496 ) (32 -64 496 ) (32 -64 224 ) 
4 108 119 (32 0 -768 ) (32 0 -992 ) (32 -64 -992 ) (32 -64 -768 ) 
4 108 109 (32 -64 -992 ) (256 -64 -992 ) (256 -64 216 ) (32 -64 216 ) 
4 109 119 (32 -128 -992 ) (32 -128 -768 ) (32 -64 -768 ) (32 -64 -992 ) 
4 109 112 (128 -128 -992 ) (256 -128 -992 ) (256 -128 496 ) (128 -128 496 ) 
4 109 113 (32 -128 496 ) (32 -128 -992 ) (128 -128 -992 ) (128 -128 496 ) 
4 110 114 (256 -144 -992 ) (608 -144 -992 ) (608 -144 1184 ) (256 -144 1184 ) 
4 110 111 (256 -144 648 ) (256 -144 1184 ) (256 -128 1184 ) (256 -128 648 ) 
4 110 112 (256 -128 -992 ) (256 -144 -992 ) (256 -144 512 ) (256 -128 512 ) 
4 111 114 (256 -144 648 ) (256 -144 1184 ) (128 -144 1184 ) (128 -144 648 ) 
4 111 113 (128 -144 648 ) (128 -144 1184 ) (128 -128 1184 ) (128 -128 648 ) 
4 112 114 (128 -144 -992 ) (256 -144 -992 ) (256 -144 512 ) (128 -144 512 ) 
4 112 113 (128 -128 -992 ) (128 -144 -992 ) (128 -144 512 ) (128 -128 512 ) 
4 113 121 (32 -128 224 ) (32 -128 -992 ) (32 -144 -992 ) (32 -144 224 ) 
4 113 118 (32 -128 512 ) (32 -128 224 ) (32 -144 224 ) (32 -144 512 ) 
4 113 115 (32 -144 1184 ) (32 -128 1184 ) (32 -128 1024 ) (32 -144 1024 ) 
4 113 114 (32 -144 -992 ) (128 -144 -992 ) (128 -144 1184 ) (32 -144 1184 ) 
4 114 121 (32 -144 224 ) (32 -144 -992 ) (32 -608 -992 ) (32 -608 224 ) 
4 114 118 (32 -144 512 ) (32 -144 224 ) (32 -608 224 ) (32 -608 512 ) 
4 114 116 (32 -608 1184 ) (32 -160 1184 ) (32 -160 512 ) (32 -608 512 ) 
4 114 115 (32 -160 1184 ) (32 -144 1184 ) (32 -144 1024 ) (32 -160 1024 ) 
4 115 174 (0 -160 1040 ) (0 -160 1184 ) (0 -128 1184 ) (0 -128 1040 ) 
4 115 123 (0 0 1040 ) (0 0 1024 ) (0 -32 1024 ) (0 -32 1040 ) 
4 115 122 (0 0 1184 ) (0 0 1040 ) (0 -128 1040 ) (0 -128 1184 ) 
4 115 116 (32 -160 1024 ) (32 -160 1184 ) (0 -160 1184 ) (0 -160 1024 ) 
4 116 185 (0 -176 512 ) (0 -608 512 ) (0 -608 1184 ) (0 -176 1184 ) 
4 116 182 (0 -176 1024 ) (0 -176 1184 ) (0 -160 1184 ) (0 -160 1024 ) 
4 116 183 (0 -160 512 ) (0 -176 512 ) (0 -176 768 ) (0 -160 768 ) 
4 116 118 (0 -608 512 ) (0 -160 512 ) (32 -160 512 ) (32 -608 512 ) 
27 117 142 (0 0 328 ) (0 0 224 ) (0 -40.689205 224 ) (0 -42.422394 225.570847 ) (0 -46.385662 229.943481 ) (0 -49.887051 234.664413 ) (0 -52.913788 239.713379 ) (0 -55.435822 245.045776 ) (0 -57.415359 250.578018 ) (0 -58.846142 256.290588 ) (0 -59.711090 262.121979 ) (0 -60 268 ) (0 -59.710934 273.882385 ) (0 -58.847656 279.702148 ) (0 -57.414272 285.424591 ) (0 -55.434608 290.957336 ) (0 -52.913746 296.287262 ) (0 -49.890862 301.330566 ) (0 -46.380390 306.063904 ) (0 -42.423130 310.430084 ) (0 -38.058277 314.386169 ) (0 -33.353012 317.875824 ) (0 -28.284061 320.914063 ) (0 -22.964493 323.430023 ) (0 -17.404396 325.419464 ) (0 -11.698765 326.848694 ) (0 -5.887879 327.710632 ) 
4 118 185 (0 -176 224 ) (0 -608 224 ) (0 -608 512 ) (0 -176 512 ) 
4 118 183 (0 -160 224 ) (0 -176 224 ) (0 -176 512 ) (0 -160 512 ) 
4 118 121 (0 -608 224 ) (0 -128 224 ) (32 -128 224 ) (32 -608 224 ) 
4 119 121 (16 -128 -992 ) (32 -128 -992 ) (32 -128 -768 ) (16 -128 -768 ) 
4 119 120 (16 0 -992 ) (16 -128 -992 ) (16 -128 -960 ) (16 0 -960 ) 
4 120 171 (0 0 -960 ) (0 0 -992 ) (0 -128 -992 ) (0 -128 -960 ) 
4 120 121 (0 -128 -992 ) (16 -128 -992 ) (16 -128 -960 ) (0 -128 -960 ) 
4 121 185 (0 -176 -992 ) (0 -608 -992 ) (0 -608 224 ) (0 -176 224 ) 
4 121 183 (0 -160 -992 ) (0 -176 -992 ) (0 -176 224 ) (0 -160 224 ) 
4 121 179 (0 -128 -992 ) (0 -144 -992 ) (0 -144 -960 ) (0 -128 -960 ) 
4 121 180 (0 -144 -992 ) (0 -160 -992 ) (0 -160 -768 ) (0 -144 -768 ) 
4 122 174 (0 -128 1040 ) (0 -128 1184 ) (-256 -128 1184 ) (-256 -128 1040 ) 
4 122 158 (-256 -128 1040 ) (-256 -128 1184 ) (-256 0 1184 ) (-256 0 1040 ) 
4 122 123 (-256 -32 1040 ) (-256 0 1040 ) (0 0 1040 ) (0 -32 1040 ) 
4 123 158 (-256 -32 1040 ) (-256 0 1040 ) (-256 0 1024 ) (-256 -32 1024 ) 
4 124 175 (0 -128 896 ) (0 -128 1024 ) (-128 -128 1024 ) (-128 -128 896 ) 
3 124 139 (-59.884163 -120 896 ) (-57.773479 -120 896 ) (-59.347225 -120.929955 896 ) 
5 124 137 (-71.311775 -128 896 ) (-128 -128 896 ) (-128 -120 896 ) (-59.884163 -120 896 ) (-59.347225 -120.929955 896 ) 
5 124 133 (-128 -120 896 ) (-128 -32 896 ) (-8 -32 896 ) (-8 -90.588043 896 ) (-57.773479 -120 896 ) 
4 124 128 (-8 -32 896 ) (0 -32 896 ) (0 -85.860710 896 ) (-8 -90.588043 896 ) 
3 124 126 (0 -128 896 ) (-71.311775 -128 896 ) (0 -85.860710 896 ) 
4 124 125 (-128 -32 896 ) (-128 -128 896 ) (-128 -128 1024 ) (-128 -32 1024 ) 
4 125 175 (-128 -128 1024 ) (-248 -128 1024 ) (-248 -128 896 ) (-128 -128 896 ) 
4 125 143 (-248 -128 896 ) (-248 -128 1024 ) (-248 -32 1024 ) (-248 -32 896 ) 
4 125 137 (-128 -128 896 ) (-248 -128 896 ) (-248 -120 896 ) (-128 -120 896 ) 
4 125 133 (-248 -120 896 ) (-248 -32 896 ) (-128 -32 896 ) (-128 -120 896 ) 
3 126 175 (0 -128 892.188110 ) (0 -128 896 ) (-71.311470 -128 896 ) 
5 126 138 (-8 -128 892.615540 ) (-55.265163 -128 895.142029 ) (-55.368103 -127.821709 895.163635 ) (-41.820671 -120 895.147095 ) (-8 -120 893.339233 ) 
3 126 137 (-55.265163 -128 895.142029 ) (-71.315277 -128 896 ) (-59.348125 -120.928391 896 ) 
3 126 136 (-8 -100.473404 895.105591 ) (-8 -120 893.339233 ) (-41.820671 -120 895.147095 ) 
4 126 133 (-57.777027 -120 896 ) (-8 -90.585838 896 ) (-8 -91.286537 895.936646 ) (-57.733383 -120 895.997681 ) 
4 126 130 (0 -128 892.187927 ) (-8 -128 892.615540 ) (-8 -100.473404 895.105591 ) (0 -95.854546 895.095764 ) 
3 126 129 (-3.920860 -88.931442 895.931641 ) (0 -86.667740 895.926819 ) (0 -95.722633 895.107727 ) 
4 126 128 (-8 -91.286530 895.936646 ) (-8 -90.585838 896 ) (0 -85.858490 896 ) (0 -86.667740 895.926819 ) 
3 127 132 (-8 -82.807655 768 ) (-8 -32 772.596924 ) (-8 -32 768 ) 
4 127 131 (-8 -32 772.596924 ) (-8 0 775.492188 ) (-8 0 768 ) (-8 -32 768 ) 
5 127 129 (-8 -75.837212 768.631287 ) (-8 -81.866142 768.085815 ) (-7.591754 -82.573250 768 ) (0 -78.088882 768 ) (0 -71.218445 768.621643 ) 
4 127 128 (-8 0 775.492798 ) (-8 -75.837212 768.631287 ) (0 -71.218445 768.621643 ) (0 0 775.065247 ) 
5 128 133 (-8 -91.286636 895.937500 ) (-8 -90.595825 896 ) (-8 -32 896 ) (-8 -32 772.596924 ) (-8 -75.837135 768.630676 ) 
4 128 131 (-8 -32 896 ) (-8 0 896 ) (-8 0 775.492188 ) (-8 -32 772.596924 ) 
5 128 129 (-8 -81.866127 818.318909 ) (-8 -75.835938 768.628967 ) (0 -71.217171 768.619324 ) (0 -86.667969 895.923767 ) (-3.921101 -88.931023 895.928589 ) 
3 129 134 (-8 -81.866127 818.310730 ) (-8 -75.837135 768.630676 ) (-8 -81.866142 768.085205 ) 
3 129 130 (-6.621177 -84.252487 768 ) (0 -95.720802 768 ) (0 -95.720787 893.993530 ) 
4 130 175 (0 -128 768 ) (0 -128 892.188110 ) (-8 -128 892.615723 ) (-8 -128 768 ) 
4 130 138 (-8 -128 772 ) (-8 -128 892.616455 ) (-8 -120 893.340149 ) (-8 -120 772 ) 
4 130 136 (-8 -120 893.340149 ) (-8 -100.473518 895.106445 ) (-8 -85.048355 768 ) (-8 -120 768 ) 
4 131 133 (-8 -32 772.596924 ) (-8 -32 896 ) (-128 -32 896 ) (-128 -32 779.010437 ) 
4 131 132 (-8 -32 768 ) (-8 -32 772.596924 ) (-128 -32 779.010437 ) (-128 -32 768 ) 
4 132 143 (-248 -32 785.423889 ) (-248 -32 772 ) (-248 -120 772 ) (-248 -120 777.461914 ) 
3 132 137 (-145.804413 -120 772 ) (-248 -120 777.461914 ) (-248 -120 772 ) 
4 132 135 (-84.492905 -120 768.723206 ) (-70.960938 -120 768 ) (-62.701138 -115.120667 768 ) (-66.036324 -109.344162 768.700867 ) 
3 132 134 (-8 -81.866142 768.085083 ) (-8 -75.837120 768.630554 ) (-10.610632 -77.344360 768.633728 ) 
5 132 133 (-8 -32 772.596680 ) (-248 -32 785.423645 ) (-248 -120 777.461975 ) (-84.492905 -120 768.723206 ) (-8 -75.837120 768.630554 ) 
4 133 143 (-248 -120 896 ) (-248 -32 896 ) (-248 -32 785.423889 ) (-248 -120 777.461914 ) 
4 133 139 (-57.733253 -120 895.998291 ) (-57.765381 -120 896 ) (-59.884155 -120 896 ) (-59.884148 -120 885.768127 ) 
6 133 137 (-59.884155 -120 896 ) (-248 -120 896 ) (-248 -120 777.461914 ) (-145.804626 -120 772 ) (-83.803947 -120 772 ) (-59.884148 -120 885.768127 ) 
3 133 135 (-59.884140 -120 885.781677 ) (-84.496094 -120 768.721497 ) (-66.037125 -109.342789 768.699158 ) 
3 133 134 (-10.611420 -77.342987 768.632141 ) (-8 -75.835297 768.628967 ) (-8 -81.866127 818.324219 ) 
3 135 137 (-59.884144 -120 885.768127 ) (-83.803940 -120 772 ) (-59.883934 -120 772 ) 
3 135 136 (-59.885128 -120 809.226807 ) (-59.884769 -120 768 ) (-62.051689 -116.247429 768 ) 
5 136 138 (-8 -120 772 ) (-8 -120 893.339844 ) (-41.820538 -120 895.147705 ) (-59.884003 -120 809.232178 ) (-59.883934 -120 772 ) 
5 137 175 (-55.265160 -128 895.142273 ) (-71.311470 -128 896 ) (-248 -128 896 ) (-248 -128 772 ) (-55.264969 -128 772 ) 
4 137 143 (-248 -128 772 ) (-248 -128 896 ) (-248 -120 896 ) (-248 -120 772 ) 
4 137 139 (-59.884968 -120 885.764160 ) (-59.884987 -120 896 ) (-59.347599 -120.930748 896 ) (-59.347061 -120.931679 896 ) 
5 137 138 (-55.265770 -128 772 ) (-59.884766 -120 772 ) (-59.884830 -120 809.228210 ) (-55.368710 -127.822098 895.164001 ) (-55.265991 -128 895.142395 ) 
4 138 175 (-8 -128 892.615723 ) (-55.265160 -128 895.142273 ) (-55.264969 -128 772 ) (-8 -128 772 ) 
4 140 141 (-8 -120 736 ) (-8 -128 736 ) (-8 -128 740 ) (-8 -120 740 ) 
4 140 142 (0 -128 736 ) (-8 -128 736 ) (-8 0 736 ) (0 0 736 ) 
4 141 144 (-248 -128 736 ) (-248 -128 740 ) (-248 -120 740 ) (-248 -120 736 ) 
4 141 142 (-8 -128 736 ) (-248 -128 736 ) (-248 -120 736 ) (-8 -120 736 ) 
4 142 148 (-64 -128 224 ) (-248 -128 224 ) (-248 0 224 ) (-64 0 224 ) 
4 142 145 (-60 -120 224 ) (-60 0 224 ) (-4 0 224 ) (-4 -120 224 ) 
4 142 144 (-248 0 224 ) (-248 -128 224 ) (-248 -128 736 ) (-248 0 736 ) 
4 143 175 (-248 -128 1024 ) (-256 -128 1024 ) (-256 -128 772 ) (-248 -128 772 ) 
4 144 148 (-248 -128 224 ) (-256 -128 224 ) (-256 0 224 ) (-248 0 224 ) 
4 145 146 (-4 -120 223 ) (-60 -120 223 ) (-60 0 223 ) (-4 0 223 ) 
4 146 147 (-4 -120 217 ) (-60 -120 217 ) (-60 0 217 ) (-4 0 217 ) 
4 147 149 (-60 -120 216 ) (-60 0 216 ) (-4 0 216 ) (-4 -120 216 ) 
4 148 156 (-160 -128 216 ) (-256 -128 216 ) (-256 -32 216 ) (-160 -32 216 ) 
4 148 154 (-256 -32 216 ) (-256 0 216 ) (-160 0 216 ) (-160 -32 216 ) 
4 148 152 (-128 -128 216 ) (-160 -128 216 ) (-160 -32 216 ) (-128 -32 216 ) 
4 148 151 (-160 -32 216 ) (-160 0 216 ) (-128 0 216 ) (-128 -32 216 ) 
4 148 149 (-64 -128 216 ) (-128 -128 216 ) (-128 0 216 ) (-64 0 216 ) 
4 149 152 (-128 -128 -48 ) (-128 -128 216 ) (-128 -32 216 ) (-128 -32 -48 ) 
4 149 153 (-128 -128 -64 ) (-128 -128 -56 ) (-128 -32 -56 ) (-128 -32 -64 ) 
4 149 151 (-128 -32 216 ) (-128 0 216 ) (-128 0 -64 ) (-128 -32 -64 ) 
4 150 165 (-96 -128 -768 ) (-128 -128 -768 ) (-128 -32 -768 ) (-96 -32 -768 ) 
4 150 164 (-32 -128 -768 ) (-96 -128 -768 ) (-96 -32 -768 ) (-32 -32 -768 ) 
4 150 163 (0 -128 -768 ) (-32 -128 -768 ) (-32 -32 -768 ) (0 -32 -768 ) 
4 150 161 (-128 -32 -768 ) (-128 0 -768 ) (0 0 -768 ) (0 -32 -768 ) 
4 150 153 (-128 -32 -768 ) (-128 -128 -768 ) (-128 -128 -72 ) (-128 -32 -72 ) 
4 150 151 (-128 0 -768 ) (-128 -32 -768 ) (-128 -32 -72 ) (-128 0 -72 ) 
4 151 162 (-160 -32 -768 ) (-160 0 -768 ) (-128 0 -768 ) (-128 -32 -768 ) 
4 151 154 (-160 -32 -16 ) (-160 -32 216 ) (-160 0 216 ) (-160 0 -16 ) 
4 151 155 (-160 0 -768 ) (-160 -32 -768 ) (-160 -32 -24 ) (-160 0 -24 ) 
4 151 152 (-160 -32 216 ) (-160 -32 -48 ) (-128 -32 -48 ) (-128 -32 216 ) 
4 151 153 (-160 -32 -56 ) (-160 -32 -768 ) (-128 -32 -768 ) (-128 -32 -56 ) 
4 152 156 (-160 -128 -32 ) (-160 -128 216 ) (-160 -32 216 ) (-160 -32 -32 ) 
4 152 157 (-160 -128 -48 ) (-160 -128 -40 ) (-160 -32 -40 ) (-160 -32 -48 ) 
4 153 166 (-128 -128 -768 ) (-160 -128 -768 ) (-160 -32 -768 ) (-128 -32 -768 ) 
4 153 157 (-160 -32 -768 ) (-160 -128 -768 ) (-160 -128 -56 ) (-160 -32 -56 ) 
4 154 156 (-160 -32 -16 ) (-160 -32 216 ) (-256 -32 216 ) (-256 -32 -16 ) 
4 155 162 (-256 -32 -768 ) (-256 0 -768 ) (-160 0 -768 ) (-160 -32 -768 ) 
4 155 156 (-160 -32 -32 ) (-160 -32 -24 ) (-256 -32 -24 ) (-256 -32 -32 ) 
4 155 157 (-160 -32 -768 ) (-160 -32 -40 ) (-256 -32 -40 ) (-256 -32 -768 ) 
4 157 168 (-224 -128 -768 ) (-256 -128 -768 ) (-256 -32 -768 ) (-224 -32 -768 ) 
4 157 167 (-160 -128 -768 ) (-224 -128 -768 ) (-224 -32 -768 ) (-160 -32 -768 ) 
4 158 176 (-256 -128 1024 ) (-256 -128 1184 ) (-272 -128 1184 ) (-272 -128 1024 ) 
4 158 159 (-272 -128 1024 ) (-272 -128 1184 ) (-272 0 1184 ) (-272 0 1024 ) 
4 159 177 (-272 -128 1184 ) (-288 -128 1184 ) (-288 -128 768 ) (-272 -128 768 ) 
4 159 160 (-288 -128 768 ) (-288 -128 1184 ) (-288 0 1184 ) (-288 0 768 ) 
4 160 178 (-544 -128 -768 ) (-288 -128 -768 ) (-288 -128 768 ) (-544 -128 768 ) 
4 160 177 (-288 -128 768 ) (-288 -128 1184 ) (-544 -128 1184 ) (-544 -128 768 ) 
4 160 169 (-288 -128 -768 ) (-544 -128 -768 ) (-544 0 -768 ) (-288 0 -768 ) 
4 161 170 (-128 0 -784 ) (0 0 -784 ) (0 -32 -784 ) (-128 -32 -784 ) 
4 161 165 (-128 -32 -784 ) (-96 -32 -784 ) (-96 -32 -768 ) (-128 -32 -768 ) 
4 161 164 (-96 -32 -784 ) (-32 -32 -784 ) (-32 -32 -768 ) (-96 -32 -768 ) 
4 161 163 (-32 -32 -784 ) (0 -32 -784 ) (0 -32 -768 ) (-32 -32 -768 ) 
4 161 162 (-128 0 -784 ) (-128 -32 -784 ) (-128 -32 -768 ) (-128 0 -768 ) 
4 162 170 (-256 -32 -784 ) (-256 0 -784 ) (-128 0 -784 ) (-128 -32 -784 ) 
4 162 168 (-256 -32 -768 ) (-256 -32 -784 ) (-224 -32 -784 ) (-224 -32 -768 ) 
4 162 167 (-224 -32 -784 ) (-160 -32 -784 ) (-160 -32 -768 ) (-224 -32 -768 ) 
4 162 166 (-160 -32 -784 ) (-128 -32 -784 ) (-128 -32 -768 ) (-160 -32 -768 ) 
4 163 170 (0 -128 -784 ) (-32 -128 -784 ) (-32 -32 -784 ) (0 -32 -784 ) 
4 163 164 (-32 -32 -768 ) (-32 -32 -784 ) (-32 -128 -784 ) (-32 -128 -768 ) 
4 164 170 (-32 -128 -784 ) (-96 -128 -784 ) (-96 -32 -784 ) (-32 -32 -784 ) 
4 164 165 (-96 -32 -768 ) (-96 -32 -784 ) (-96 -128 -784 ) (-96 -128 -768 ) 
4 165 170 (-96 -128 -784 ) (-128 -128 -784 ) (-128 -32 -784 ) (-96 -32 -784 ) 
4 165 166 (-128 -32 -768 ) (-128 -32 -784 ) (-128 -128 -784 ) (-128 -128 -768 ) 
4 166 170 (-128 -128 -784 ) (-160 -128 -784 ) (-160 -32 -784 ) (-128 -32 -784 ) 
4 166 167 (-160 -32 -768 ) (-160 -32 -784 ) (-160 -128 -784 ) (-160 -128 -768 ) 
4 167 170 (-160 -128 -784 ) (-224 -128 -784 ) (-224 -32 -784 ) (-160 -32 -784 ) 
4 167 168 (-224 -32 -768 ) (-224 -32 -784 ) (-224 -128 -784 ) (-224 -128 -768 ) 
4 168 170 (-224 -128 -784 ) (-256 -128 -784 ) (-256 -32 -784 ) (-224 -32 -784 ) 
4 169 181 (-272 -128 -768 ) (-544 -128 -768 ) (-544 -128 -784 ) (-272 -128 -784 ) 
4 169 173 (-272 -128 -784 ) (-544 -128 -784 ) (-544 0 -784 ) (-272 0 -784 ) 
4 171 179 (0 -128 -992 ) (0 -128 -960 ) (-256 -128 -960 ) (-256 -128 -992 ) 
4 171 172 (-256 0 -992 ) (-256 -128 -992 ) (-256 -128 -960 ) (-256 0 -960 ) 
4 172 181 (-272 -128 -960 ) (-272 -128 -992 ) (-256 -128 -992 ) (-256 -128 -960 ) 
4 172 173 (-272 0 -992 ) (-272 -128 -992 ) (-272 -128 -960 ) (-272 0 -960 ) 
4 173 181 (-272 -128 -784 ) (-544 -128 -784 ) (-544 -128 -992 ) (-272 -128 -992 ) 
4 174 182 (0 -160 1040 ) (0 -160 1184 ) (-256 -160 1184 ) (-256 -160 1040 ) 
4 174 176 (-256 -160 1040 ) (-256 -160 1184 ) (-256 -128 1184 ) (-256 -128 1040 ) 
4 176 184 (-256 -160 1024 ) (-256 -160 1184 ) (-272 -160 1184 ) (-272 -160 1024 ) 
4 176 177 (-272 -160 1024 ) (-272 -160 1184 ) (-272 -128 1184 ) (-272 -128 1024 ) 
4 177 184 (-544 -160 768 ) (-272 -160 768 ) (-272 -160 1184 ) (-544 -160 1184 ) 
4 177 178 (-272 -160 768 ) (-544 -160 768 ) (-544 -128 768 ) (-272 -128 768 ) 
4 178 184 (-544 -160 -768 ) (-256 -160 -768 ) (-256 -160 768 ) (-544 -160 768 ) 
4 178 181 (-256 -160 -768 ) (-544 -160 -768 ) (-544 -128 -768 ) (-256 -128 -768 ) 
4 179 180 (-256 -144 -960 ) (-256 -144 -992 ) (0 -144 -992 ) (0 -144 -960 ) 
4 179 181 (-256 -128 -992 ) (-256 -144 -992 ) (-256 -144 -960 ) (-256 -128 -960 ) 
4 180 183 (-256 -160 -992 ) (0 -160 -992 ) (0 -160 -768 ) (-256 -160 -768 ) 
4 180 181 (-256 -144 -992 ) (-256 -160 -992 ) (-256 -160 -768 ) (-256 -144 -768 ) 
4 181 184 (-544 -160 -992 ) (-256 -160 -992 ) (-256 -160 -768 ) (-544 -160 -768 ) 
4 182 185 (0 -176 1024 ) (0 -176 1184 ) (-256 -176 1184 ) (-256 -176 1024 ) 
4 182 184 (-256 -176 1024 ) (-256 -176 1184 ) (-256 -160 1184 ) (-256 -160 1024 ) 
4 183 185 (-256 -176 -992 ) (0 -176 -992 ) (0 -176 768 ) (-256 -176 768 ) 
4 183 184 (-256 -160 -992 ) (-256 -176 -992 ) (-256 -176 768 ) (-256 -160 768 ) 
4 184 185 (-544 -176 1184 ) (-544 -176 -992 ) (-256 -176 -992 ) (-256 -176 1184 ) 
